DEBUG 2025-11-14 08:47:24 d_metavar.py:22 Metavar for type None: None
DEBUG 2025-11-14 08:47:24 formatter.py:52 action type: None, Result: , nargs: 0, default metavar: None
DEBUG 2025-11-14 08:47:24 d_metavar.py:22 Metavar for type <class 'str'>: str
DEBUG 2025-11-14 08:47:24 formatter.py:52 action type: <class 'str'>, Result: str, nargs: None, default metavar: None
DEBUG 2025-11-14 08:47:24 _wrapper.py:168 wrapped field at host has a default value of localhost
DEBUG 2025-11-14 08:47:24 _wrapper.py:168 wrapped field at port has a default value of 8080
DEBUG 2025-11-14 08:47:24 _wrapper.py:168 wrapped field at fps has a default value of 30
DEBUG 2025-11-14 08:47:24 _wrapper.py:168 wrapped field at inference_latency has a default value of 0.03333333333333333
DEBUG 2025-11-14 08:47:24 _wrapper.py:168 wrapped field at obs_queue_timeout has a default value of 2
DEBUG 2025-11-14 08:47:24 _wrapper.py:309 Arg options for field 'host': {'required': False, 'dest': 'host', 'default': 'localhost', 'help': 'Networking configuration', 'type': <class 'str'>}
DEBUG 2025-11-14 08:47:24 _wrapper.py:309 Arg options for field 'port': {'required': False, 'dest': 'port', 'default': 8080, 'help': ' ', 'type': <class 'int'>}
DEBUG 2025-11-14 08:47:24 _wrapper.py:309 Arg options for field 'fps': {'required': False, 'dest': 'fps', 'default': 30, 'help': 'Timing configuration', 'type': <class 'int'>}
DEBUG 2025-11-14 08:47:24 ocstring.py:253 Warning: Unable to parse attribute docstring:         default=DEFAULT_INFERENCE_LATENCY, metadata={"help": "Target inference latency in seconds"}
DEBUG 2025-11-14 08:47:24 _wrapper.py:309 Arg options for field 'inference_latency': {'required': False, 'dest': 'inference_latency', 'default': 0.03333333333333333, 'help': ' ', 'type': <class 'float'>}
DEBUG 2025-11-14 08:47:24 ocstring.py:253 Warning: Unable to parse attribute docstring:         default=DEFAULT_OBS_QUEUE_TIMEOUT, metadata={"help": "Timeout for observation queue in seconds"}
DEBUG 2025-11-14 08:47:24 _wrapper.py:309 Arg options for field 'obs_queue_timeout': {'required': False, 'dest': 'obs_queue_timeout', 'default': 2, 'help': '\n', 'type': <class 'float'>}
DEBUG 2025-11-14 08:47:24 gparsing.py:143 
POST PROCESSING

DEBUG 2025-11-14 08:47:24 gparsing.py:144 (raw) parsed args: Namespace(host='0.0.0.0', port='8888', fps='30', inference_latency='0.033', obs_queue_timeout='1')
DEBUG 2025-11-14 08:47:24 decoding.py:112 from_dict for <class 'lerobot.scripts.server.configs.PolicyServerConfig'>
DEBUG 2025-11-14 08:47:24 decoding.py:132 Decode name = host, type = <class 'str'>
DEBUG 2025-11-14 08:47:24 decoding.py:132 Decode name = port, type = <class 'int'>
DEBUG 2025-11-14 08:47:24 decoding.py:132 Decode name = fps, type = <class 'int'>
DEBUG 2025-11-14 08:47:24 decoding.py:132 Decode name = inference_latency, type = <class 'float'>
DEBUG 2025-11-14 08:47:24 decoding.py:132 Decode name = obs_queue_timeout, type = <class 'float'>
INFO 2025-11-14 08:47:24 y_server.py:384 {'fps': 30,
 'host': '0.0.0.0',
 'inference_latency': 0.033,
 'obs_queue_timeout': 1.0,
 'port': 8888}
INFO 2025-11-14 08:47:24 y_server.py:394 PolicyServer started on 0.0.0.0:8888
INFO 2025-11-14 08:47:34 y_server.py:104 Client ipv4:127.0.0.1:55832 connected and ready
INFO 2025-11-14 08:47:34 y_server.py:130 Receiving policy instructions from ipv4:127.0.0.1:55832 | Policy type: act | Pretrained name or path: outputs/11-12/act/checkpoints/last/pretrained_model | Actions per chunk: 50 | Device: cuda
DEBUG 2025-11-14 08:47:34 d_metavar.py:22 Metavar for type None: None
DEBUG 2025-11-14 08:47:34 formatter.py:52 action type: None, Result: , nargs: 0, default metavar: None
DEBUG 2025-11-14 08:47:34 d_metavar.py:22 Metavar for type <class 'str'>: str
DEBUG 2025-11-14 08:47:34 formatter.py:52 action type: <class 'str'>, Result: str, nargs: None, default metavar: None
DEBUG 2025-11-14 08:47:34 _wrapper.py:168 wrapped field at n_obs_steps has a default value of 1
DEBUG 2025-11-14 08:47:34 _wrapper.py:201 wrapped field at normalization_mapping has a default value of {}
DEBUG 2025-11-14 08:47:34 _wrapper.py:201 wrapped field at input_features has a default value of {}
DEBUG 2025-11-14 08:47:34 _wrapper.py:201 wrapped field at output_features has a default value of {}
DEBUG 2025-11-14 08:47:34 _wrapper.py:201 wrapped field at device has a default value of None
DEBUG 2025-11-14 08:47:34 _wrapper.py:168 wrapped field at use_amp has a default value of False
DEBUG 2025-11-14 08:47:34 _wrapper.py:168 wrapped field at push_to_hub has a default value of True
DEBUG 2025-11-14 08:47:34 _wrapper.py:201 wrapped field at repo_id has a default value of None
DEBUG 2025-11-14 08:47:34 _wrapper.py:201 wrapped field at private has a default value of None
DEBUG 2025-11-14 08:47:34 _wrapper.py:201 wrapped field at tags has a default value of None
DEBUG 2025-11-14 08:47:34 _wrapper.py:201 wrapped field at license has a default value of None
DEBUG 2025-11-14 08:47:34 ocstring.py:253 Warning: Unable to parse attribute docstring:             current step and additional steps going back).
DEBUG 2025-11-14 08:47:34 _wrapper.py:309 Arg options for field 'n_obs_steps': {'required': False, 'dest': 'n_obs_steps', 'default': 1, 'help': ' ', 'type': <class 'int'>}
DEBUG 2025-11-14 08:47:34 _wrapper.py:309 Arg options for field 'normalization_mapping': {'required': False, 'dest': 'normalization_mapping', 'default': {}, 'help': ' ', 'type': typing.Dict[str, lerobot.configs.types.NormalizationMode]}
DEBUG 2025-11-14 08:47:34 _wrapper.py:309 Arg options for field 'input_features': {'required': False, 'dest': 'input_features', 'default': {}, 'help': ' ', 'type': typing.Dict[str, lerobot.configs.types.PolicyFeature]}
DEBUG 2025-11-14 08:47:34 _wrapper.py:309 Arg options for field 'output_features': {'required': False, 'dest': 'output_features', 'default': {}, 'help': ' ', 'type': typing.Dict[str, lerobot.configs.types.PolicyFeature]}
DEBUG 2025-11-14 08:47:34 _wrapper.py:309 Arg options for field 'device': {'required': False, 'dest': 'device', 'default': None, 'help': 'cuda | cpu | mp', 'type': typing.Optional[str]}
DEBUG 2025-11-14 08:47:34 _wrapper.py:309 Arg options for field 'use_amp': {'required': False, 'dest': 'use_amp', 'default': False, 'help': '`use_amp` determines whether to use Automatic Mixed Precision (AMP) for training and evaluation. With AMP,\nautomatic gradient scaling is used.', 'type': <class 'bool'>}
DEBUG 2025-11-14 08:47:34 _wrapper.py:309 Arg options for field 'push_to_hub': {'required': False, 'dest': 'push_to_hub', 'default': True, 'help': ' ', 'type': <class 'bool'>}
DEBUG 2025-11-14 08:47:34 _wrapper.py:309 Arg options for field 'repo_id': {'required': False, 'dest': 'repo_id', 'default': None, 'type': typing.Optional[str]}
DEBUG 2025-11-14 08:47:34 _wrapper.py:309 Arg options for field 'private': {'required': False, 'dest': 'private', 'default': None, 'help': 'Upload on private repository on the Hugging Face hub.', 'type': typing.Optional[bool]}
DEBUG 2025-11-14 08:47:34 _wrapper.py:309 Arg options for field 'tags': {'required': False, 'dest': 'tags', 'default': None, 'help': 'Add tags to your policy on the hub.', 'type': typing.Optional[typing.List[str]]}
DEBUG 2025-11-14 08:47:34 _wrapper.py:309 Arg options for field 'license': {'required': False, 'dest': 'license', 'default': None, 'help': 'Add tags to your policy on the hub.', 'type': typing.Optional[str]}
DEBUG 2025-11-14 08:47:34 gparsing.py:143 
POST PROCESSING

DEBUG 2025-11-14 08:47:34 gparsing.py:144 (raw) parsed args: Namespace()
DEBUG 2025-11-14 08:47:34 decoding.py:112 from_dict for <class 'lerobot.policies.act.configuration_act.ACTConfig'>
DEBUG 2025-11-14 08:47:34 decoding.py:132 Decode name = n_obs_steps, type = <class 'int'>
DEBUG 2025-11-14 08:47:34 decoding.py:132 Decode name = normalization_mapping, type = dict[str, lerobot.configs.types.NormalizationMode]
DEBUG 2025-11-14 08:47:34 decoding.py:261 Decoding a Dict field: dict[str, lerobot.configs.types.NormalizationMode]
DEBUG 2025-11-14 08:47:34 decoding.py:132 Decode name = input_features, type = dict[str, lerobot.configs.types.PolicyFeature]
DEBUG 2025-11-14 08:47:34 decoding.py:261 Decoding a Dict field: dict[str, lerobot.configs.types.PolicyFeature]
DEBUG 2025-11-14 08:47:34 decoding.py:112 from_dict for <class 'lerobot.configs.types.PolicyFeature'>
DEBUG 2025-11-14 08:47:34 decoding.py:132 Decode name = type, type = <enum 'FeatureType'>
DEBUG 2025-11-14 08:47:34 decoding.py:132 Decode name = shape, type = <class 'tuple'>
DEBUG 2025-11-14 08:47:34 decoding.py:275 Decoding a Tuple field: <class 'tuple'>
DEBUG 2025-11-14 08:47:34 decoding.py:112 from_dict for <class 'lerobot.configs.types.PolicyFeature'>
DEBUG 2025-11-14 08:47:34 decoding.py:132 Decode name = type, type = <enum 'FeatureType'>
DEBUG 2025-11-14 08:47:34 decoding.py:132 Decode name = shape, type = <class 'tuple'>
DEBUG 2025-11-14 08:47:34 decoding.py:132 Decode name = output_features, type = dict[str, lerobot.configs.types.PolicyFeature]
DEBUG 2025-11-14 08:47:34 decoding.py:112 from_dict for <class 'lerobot.configs.types.PolicyFeature'>
DEBUG 2025-11-14 08:47:34 decoding.py:132 Decode name = type, type = <enum 'FeatureType'>
DEBUG 2025-11-14 08:47:34 decoding.py:132 Decode name = shape, type = <class 'tuple'>
DEBUG 2025-11-14 08:47:34 decoding.py:132 Decode name = device, type = typing.Optional[str]
DEBUG 2025-11-14 08:47:34 decoding.py:293 Decoding a Union field: typing.Optional[str]
DEBUG 2025-11-14 08:47:34 decoding.py:132 Decode name = use_amp, type = <class 'bool'>
DEBUG 2025-11-14 08:47:34 decoding.py:132 Decode name = push_to_hub, type = <class 'bool'>
DEBUG 2025-11-14 08:47:34 decoding.py:132 Decode name = repo_id, type = typing.Optional[str]
DEBUG 2025-11-14 08:47:34 decoding.py:132 Decode name = private, type = typing.Optional[bool]
DEBUG 2025-11-14 08:47:34 decoding.py:293 Decoding a Union field: typing.Optional[bool]
DEBUG 2025-11-14 08:47:34 decoding.py:132 Decode name = tags, type = typing.Optional[list[str]]
DEBUG 2025-11-14 08:47:34 decoding.py:293 Decoding a Union field: typing.Optional[list[str]]
DEBUG 2025-11-14 08:47:34 decoding.py:282 Decoding a List field: list[str]
DEBUG 2025-11-14 08:47:34 decoding.py:132 Decode name = license, type = typing.Optional[str]
DEBUG 2025-11-14 08:47:34 decoding.py:132 Decode name = chunk_size, type = <class 'int'>
DEBUG 2025-11-14 08:47:34 decoding.py:132 Decode name = n_action_steps, type = <class 'int'>
DEBUG 2025-11-14 08:47:34 decoding.py:132 Decode name = vision_backbone, type = <class 'str'>
DEBUG 2025-11-14 08:47:34 decoding.py:132 Decode name = pretrained_backbone_weights, type = typing.Optional[str]
DEBUG 2025-11-14 08:47:34 decoding.py:132 Decode name = replace_final_stride_with_dilation, type = <class 'int'>
DEBUG 2025-11-14 08:47:34 decoding.py:132 Decode name = pre_norm, type = <class 'bool'>
DEBUG 2025-11-14 08:47:34 decoding.py:132 Decode name = dim_model, type = <class 'int'>
DEBUG 2025-11-14 08:47:34 decoding.py:132 Decode name = n_heads, type = <class 'int'>
DEBUG 2025-11-14 08:47:34 decoding.py:132 Decode name = dim_feedforward, type = <class 'int'>
DEBUG 2025-11-14 08:47:34 decoding.py:132 Decode name = feedforward_activation, type = <class 'str'>
DEBUG 2025-11-14 08:47:34 decoding.py:132 Decode name = n_encoder_layers, type = <class 'int'>
DEBUG 2025-11-14 08:47:34 decoding.py:132 Decode name = n_decoder_layers, type = <class 'int'>
DEBUG 2025-11-14 08:47:34 decoding.py:132 Decode name = use_vae, type = <class 'bool'>
DEBUG 2025-11-14 08:47:34 decoding.py:132 Decode name = latent_dim, type = <class 'int'>
DEBUG 2025-11-14 08:47:34 decoding.py:132 Decode name = n_vae_encoder_layers, type = <class 'int'>
DEBUG 2025-11-14 08:47:34 decoding.py:132 Decode name = temporal_ensemble_coeff, type = typing.Optional[float]
DEBUG 2025-11-14 08:47:34 decoding.py:293 Decoding a Union field: typing.Optional[float]
DEBUG 2025-11-14 08:47:34 decoding.py:132 Decode name = dropout, type = <class 'float'>
DEBUG 2025-11-14 08:47:34 decoding.py:132 Decode name = kl_weight, type = <class 'float'>
DEBUG 2025-11-14 08:47:34 decoding.py:132 Decode name = optimizer_lr, type = <class 'float'>
DEBUG 2025-11-14 08:47:34 decoding.py:132 Decode name = optimizer_weight_decay, type = <class 'float'>
DEBUG 2025-11-14 08:47:34 decoding.py:132 Decode name = optimizer_lr_backbone, type = <class 'float'>
DEBUG 2025-11-14 08:47:34 d_metavar.py:22 Metavar for type None: None
DEBUG 2025-11-14 08:47:34 formatter.py:52 action type: None, Result: , nargs: 0, default metavar: None
DEBUG 2025-11-14 08:47:34 d_metavar.py:22 Metavar for type <class 'str'>: str
DEBUG 2025-11-14 08:47:34 formatter.py:52 action type: <class 'str'>, Result: str, nargs: None, default metavar: None
DEBUG 2025-11-14 08:47:34 _wrapper.py:168 wrapped field at n_obs_steps has a default value of 1
DEBUG 2025-11-14 08:47:34 _wrapper.py:201 wrapped field at normalization_mapping has a default value of {'VISUAL': <NormalizationMode.MEAN_STD: 'MEAN_STD'>, 'STATE': <NormalizationMode.MEAN_STD: 'MEAN_STD'>, 'ACTION': <NormalizationMode.MEAN_STD: 'MEAN_STD'>}
DEBUG 2025-11-14 08:47:34 _wrapper.py:201 wrapped field at input_features has a default value of {}
DEBUG 2025-11-14 08:47:34 _wrapper.py:201 wrapped field at output_features has a default value of {}
DEBUG 2025-11-14 08:47:34 _wrapper.py:201 wrapped field at device has a default value of None
DEBUG 2025-11-14 08:47:34 _wrapper.py:168 wrapped field at use_amp has a default value of False
DEBUG 2025-11-14 08:47:34 _wrapper.py:168 wrapped field at push_to_hub has a default value of True
DEBUG 2025-11-14 08:47:34 _wrapper.py:201 wrapped field at repo_id has a default value of None
DEBUG 2025-11-14 08:47:34 _wrapper.py:201 wrapped field at private has a default value of None
DEBUG 2025-11-14 08:47:34 _wrapper.py:201 wrapped field at tags has a default value of None
DEBUG 2025-11-14 08:47:34 _wrapper.py:201 wrapped field at license has a default value of None
DEBUG 2025-11-14 08:47:34 _wrapper.py:168 wrapped field at chunk_size has a default value of 100
DEBUG 2025-11-14 08:47:34 _wrapper.py:168 wrapped field at n_action_steps has a default value of 100
DEBUG 2025-11-14 08:47:34 _wrapper.py:168 wrapped field at vision_backbone has a default value of resnet18
DEBUG 2025-11-14 08:47:34 _wrapper.py:201 wrapped field at pretrained_backbone_weights has a default value of ResNet18_Weights.IMAGENET1K_V1
DEBUG 2025-11-14 08:47:34 _wrapper.py:168 wrapped field at replace_final_stride_with_dilation has a default value of False
DEBUG 2025-11-14 08:47:34 _wrapper.py:168 wrapped field at pre_norm has a default value of False
DEBUG 2025-11-14 08:47:34 _wrapper.py:168 wrapped field at dim_model has a default value of 512
DEBUG 2025-11-14 08:47:34 _wrapper.py:168 wrapped field at n_heads has a default value of 8
DEBUG 2025-11-14 08:47:34 _wrapper.py:168 wrapped field at dim_feedforward has a default value of 3200
DEBUG 2025-11-14 08:47:34 _wrapper.py:168 wrapped field at feedforward_activation has a default value of relu
DEBUG 2025-11-14 08:47:34 _wrapper.py:168 wrapped field at n_encoder_layers has a default value of 4
DEBUG 2025-11-14 08:47:34 _wrapper.py:168 wrapped field at n_decoder_layers has a default value of 1
DEBUG 2025-11-14 08:47:34 _wrapper.py:168 wrapped field at use_vae has a default value of True
DEBUG 2025-11-14 08:47:34 _wrapper.py:168 wrapped field at latent_dim has a default value of 32
DEBUG 2025-11-14 08:47:34 _wrapper.py:168 wrapped field at n_vae_encoder_layers has a default value of 4
DEBUG 2025-11-14 08:47:34 _wrapper.py:201 wrapped field at temporal_ensemble_coeff has a default value of None
DEBUG 2025-11-14 08:47:34 _wrapper.py:168 wrapped field at dropout has a default value of 0.1
DEBUG 2025-11-14 08:47:34 _wrapper.py:168 wrapped field at kl_weight has a default value of 10.0
DEBUG 2025-11-14 08:47:34 _wrapper.py:168 wrapped field at optimizer_lr has a default value of 1e-05
DEBUG 2025-11-14 08:47:34 _wrapper.py:168 wrapped field at optimizer_weight_decay has a default value of 0.0001
DEBUG 2025-11-14 08:47:34 _wrapper.py:168 wrapped field at optimizer_lr_backbone has a default value of 1e-05
DEBUG 2025-11-14 08:47:34 ocstring.py:253 Warning: Unable to parse attribute docstring:             current step and additional steps going back).
DEBUG 2025-11-14 08:47:34 _wrapper.py:309 Arg options for field 'n_obs_steps': {'required': False, 'dest': 'n_obs_steps', 'default': 1, 'help': ' ', 'type': <class 'int'>}
DEBUG 2025-11-14 08:47:34 ocstring.py:253 Warning: Unable to parse attribute docstring:         default_factory=lambda: {
DEBUG 2025-11-14 08:47:34 _wrapper.py:309 Arg options for field 'normalization_mapping': {'required': False, 'dest': 'normalization_mapping', 'default': {'VISUAL': <NormalizationMode.MEAN_STD: 'MEAN_STD'>, 'STATE': <NormalizationMode.MEAN_STD: 'MEAN_STD'>, 'ACTION': <NormalizationMode.MEAN_STD: 'MEAN_STD'>}, 'help': ' ', 'type': typing.Dict[str, lerobot.configs.types.NormalizationMode]}
DEBUG 2025-11-14 08:47:34 _wrapper.py:309 Arg options for field 'input_features': {'required': False, 'dest': 'input_features', 'default': {}, 'help': ' ', 'type': typing.Dict[str, lerobot.configs.types.PolicyFeature]}
DEBUG 2025-11-14 08:47:34 _wrapper.py:309 Arg options for field 'output_features': {'required': False, 'dest': 'output_features', 'default': {}, 'help': ' ', 'type': typing.Dict[str, lerobot.configs.types.PolicyFeature]}
DEBUG 2025-11-14 08:47:34 _wrapper.py:309 Arg options for field 'device': {'required': False, 'dest': 'device', 'default': None, 'help': 'cuda | cpu | mp', 'type': typing.Optional[str]}
DEBUG 2025-11-14 08:47:34 _wrapper.py:309 Arg options for field 'use_amp': {'required': False, 'dest': 'use_amp', 'default': False, 'help': '`use_amp` determines whether to use Automatic Mixed Precision (AMP) for training and evaluation. With AMP,\nautomatic gradient scaling is used.', 'type': <class 'bool'>}
DEBUG 2025-11-14 08:47:34 _wrapper.py:309 Arg options for field 'push_to_hub': {'required': False, 'dest': 'push_to_hub', 'default': True, 'help': ' ', 'type': <class 'bool'>}
DEBUG 2025-11-14 08:47:34 _wrapper.py:309 Arg options for field 'repo_id': {'required': False, 'dest': 'repo_id', 'default': None, 'type': typing.Optional[str]}
DEBUG 2025-11-14 08:47:34 _wrapper.py:309 Arg options for field 'private': {'required': False, 'dest': 'private', 'default': None, 'help': 'Upload on private repository on the Hugging Face hub.', 'type': typing.Optional[bool]}
DEBUG 2025-11-14 08:47:34 _wrapper.py:309 Arg options for field 'tags': {'required': False, 'dest': 'tags', 'default': None, 'help': 'Add tags to your policy on the hub.', 'type': typing.Optional[typing.List[str]]}
DEBUG 2025-11-14 08:47:34 _wrapper.py:309 Arg options for field 'license': {'required': False, 'dest': 'license', 'default': None, 'help': 'Add tags to your policy on the hub.', 'type': typing.Optional[str]}
DEBUG 2025-11-14 08:47:34 _wrapper.py:309 Arg options for field 'chunk_size': {'required': False, 'dest': 'chunk_size', 'default': 100, 'help': ' ', 'type': <class 'int'>}
DEBUG 2025-11-14 08:47:34 ocstring.py:253 Warning: Unable to parse attribute docstring:             This should be no greater than the chunk size. For example, if the chunk size size 100, you may
DEBUG 2025-11-14 08:47:34 _wrapper.py:309 Arg options for field 'n_action_steps': {'required': False, 'dest': 'n_action_steps', 'default': 100, 'help': ' ', 'type': <class 'int'>}
DEBUG 2025-11-14 08:47:34 _wrapper.py:309 Arg options for field 'vision_backbone': {'required': False, 'dest': 'vision_backbone', 'default': 'resnet18', 'help': ' ', 'type': <class 'str'>}
DEBUG 2025-11-14 08:47:34 ocstring.py:253 Warning: Unable to parse attribute docstring:             `None` means no pretrained weights.
DEBUG 2025-11-14 08:47:34 _wrapper.py:309 Arg options for field 'pretrained_backbone_weights': {'required': False, 'dest': 'pretrained_backbone_weights', 'default': 'ResNet18_Weights.IMAGENET1K_V1', 'help': ' ', 'type': typing.Optional[str]}
DEBUG 2025-11-14 08:47:34 ocstring.py:253 Warning: Unable to parse attribute docstring:             convolution.
DEBUG 2025-11-14 08:47:34 _wrapper.py:309 Arg options for field 'replace_final_stride_with_dilation': {'required': False, 'dest': 'replace_final_stride_with_dilation', 'default': False, 'help': ' ', 'type': <class 'int'>}
DEBUG 2025-11-14 08:47:34 _wrapper.py:309 Arg options for field 'pre_norm': {'required': False, 'dest': 'pre_norm', 'default': False, 'help': ' ', 'type': <class 'bool'>}
DEBUG 2025-11-14 08:47:34 _wrapper.py:309 Arg options for field 'dim_model': {'required': False, 'dest': 'dim_model', 'default': 512, 'help': ' ', 'type': <class 'int'>}
DEBUG 2025-11-14 08:47:34 _wrapper.py:309 Arg options for field 'n_heads': {'required': False, 'dest': 'n_heads', 'default': 8, 'help': ' ', 'type': <class 'int'>}
DEBUG 2025-11-14 08:47:34 ocstring.py:253 Warning: Unable to parse attribute docstring:             layers.
DEBUG 2025-11-14 08:47:34 _wrapper.py:309 Arg options for field 'dim_feedforward': {'required': False, 'dest': 'dim_feedforward', 'default': 3200, 'help': ' ', 'type': <class 'int'>}
DEBUG 2025-11-14 08:47:34 _wrapper.py:309 Arg options for field 'feedforward_activation': {'required': False, 'dest': 'feedforward_activation', 'default': 'relu', 'help': ' ', 'type': <class 'str'>}
DEBUG 2025-11-14 08:47:34 _wrapper.py:309 Arg options for field 'n_encoder_layers': {'required': False, 'dest': 'n_encoder_layers', 'default': 4, 'help': ' ', 'type': <class 'int'>}
DEBUG 2025-11-14 08:47:34 _wrapper.py:309 Arg options for field 'n_decoder_layers': {'required': False, 'dest': 'n_decoder_layers', 'default': 1, 'help': ' ', 'type': <class 'int'>}
DEBUG 2025-11-14 08:47:34 ocstring.py:253 Warning: Unable to parse attribute docstring:             which is used as the VAE's encoder (not to be confused with the transformer encoder - see
DEBUG 2025-11-14 08:47:34 _wrapper.py:309 Arg options for field 'use_vae': {'required': False, 'dest': 'use_vae', 'default': True, 'help': ' ', 'type': <class 'bool'>}
DEBUG 2025-11-14 08:47:34 _wrapper.py:309 Arg options for field 'latent_dim': {'required': False, 'dest': 'latent_dim', 'default': 32, 'help': '\n', 'type': <class 'int'>}
DEBUG 2025-11-14 08:47:34 _wrapper.py:309 Arg options for field 'n_vae_encoder_layers': {'required': False, 'dest': 'n_vae_encoder_layers', 'default': 4, 'help': ' ', 'type': <class 'int'>}
DEBUG 2025-11-14 08:47:34 ocstring.py:253 Warning: Unable to parse attribute docstring:             ensembling. Defaults to None which means temporal ensembling is not used. `n_action_steps` must be
DEBUG 2025-11-14 08:47:34 _wrapper.py:309 Arg options for field 'temporal_ensemble_coeff': {'required': False, 'dest': 'temporal_ensemble_coeff', 'default': None, 'type': typing.Optional[float]}
DEBUG 2025-11-14 08:47:34 _wrapper.py:309 Arg options for field 'dropout': {'required': False, 'dest': 'dropout', 'default': 0.1, 'help': '\n\n', 'type': <class 'float'>}
DEBUG 2025-11-14 08:47:34 _wrapper.py:309 Arg options for field 'kl_weight': {'required': False, 'dest': 'kl_weight', 'default': 10.0, 'help': ' ', 'type': <class 'float'>}
DEBUG 2025-11-14 08:47:34 _wrapper.py:309 Arg options for field 'optimizer_lr': {'required': False, 'dest': 'optimizer_lr', 'default': 1e-05, 'help': 'Training preset', 'type': <class 'float'>}
DEBUG 2025-11-14 08:47:34 _wrapper.py:309 Arg options for field 'optimizer_weight_decay': {'required': False, 'dest': 'optimizer_weight_decay', 'default': 0.0001, 'help': ' ', 'type': <class 'float'>}
DEBUG 2025-11-14 08:47:34 _wrapper.py:309 Arg options for field 'optimizer_lr_backbone': {'required': False, 'dest': 'optimizer_lr_backbone', 'default': 1e-05, 'help': ' ', 'type': <class 'float'>}
DEBUG 2025-11-14 08:47:34 gparsing.py:143 
POST PROCESSING

DEBUG 2025-11-14 08:47:34 gparsing.py:144 (raw) parsed args: Namespace()
DEBUG 2025-11-14 08:47:34 decoding.py:112 from_dict for <class 'lerobot.policies.act.configuration_act.ACTConfig'>
DEBUG 2025-11-14 08:47:34 decoding.py:132 Decode name = n_obs_steps, type = <class 'int'>
DEBUG 2025-11-14 08:47:34 decoding.py:132 Decode name = normalization_mapping, type = dict[str, lerobot.configs.types.NormalizationMode]
DEBUG 2025-11-14 08:47:34 decoding.py:132 Decode name = input_features, type = dict[str, lerobot.configs.types.PolicyFeature]
DEBUG 2025-11-14 08:47:34 decoding.py:112 from_dict for <class 'lerobot.configs.types.PolicyFeature'>
DEBUG 2025-11-14 08:47:34 decoding.py:132 Decode name = type, type = <enum 'FeatureType'>
DEBUG 2025-11-14 08:47:34 decoding.py:132 Decode name = shape, type = <class 'tuple'>
DEBUG 2025-11-14 08:47:34 decoding.py:112 from_dict for <class 'lerobot.configs.types.PolicyFeature'>
DEBUG 2025-11-14 08:47:34 decoding.py:132 Decode name = type, type = <enum 'FeatureType'>
DEBUG 2025-11-14 08:47:34 decoding.py:132 Decode name = shape, type = <class 'tuple'>
DEBUG 2025-11-14 08:47:34 decoding.py:132 Decode name = output_features, type = dict[str, lerobot.configs.types.PolicyFeature]
DEBUG 2025-11-14 08:47:34 decoding.py:112 from_dict for <class 'lerobot.configs.types.PolicyFeature'>
DEBUG 2025-11-14 08:47:34 decoding.py:132 Decode name = type, type = <enum 'FeatureType'>
DEBUG 2025-11-14 08:47:34 decoding.py:132 Decode name = shape, type = <class 'tuple'>
DEBUG 2025-11-14 08:47:34 decoding.py:132 Decode name = device, type = typing.Optional[str]
DEBUG 2025-11-14 08:47:34 decoding.py:132 Decode name = use_amp, type = <class 'bool'>
DEBUG 2025-11-14 08:47:34 decoding.py:132 Decode name = push_to_hub, type = <class 'bool'>
DEBUG 2025-11-14 08:47:34 decoding.py:132 Decode name = repo_id, type = typing.Optional[str]
DEBUG 2025-11-14 08:47:34 decoding.py:132 Decode name = private, type = typing.Optional[bool]
DEBUG 2025-11-14 08:47:34 decoding.py:132 Decode name = tags, type = typing.Optional[list[str]]
DEBUG 2025-11-14 08:47:34 decoding.py:132 Decode name = license, type = typing.Optional[str]
DEBUG 2025-11-14 08:47:34 decoding.py:132 Decode name = chunk_size, type = <class 'int'>
DEBUG 2025-11-14 08:47:34 decoding.py:132 Decode name = n_action_steps, type = <class 'int'>
DEBUG 2025-11-14 08:47:34 decoding.py:132 Decode name = vision_backbone, type = <class 'str'>
DEBUG 2025-11-14 08:47:34 decoding.py:132 Decode name = pretrained_backbone_weights, type = typing.Optional[str]
DEBUG 2025-11-14 08:47:34 decoding.py:132 Decode name = replace_final_stride_with_dilation, type = <class 'int'>
DEBUG 2025-11-14 08:47:34 decoding.py:132 Decode name = pre_norm, type = <class 'bool'>
DEBUG 2025-11-14 08:47:34 decoding.py:132 Decode name = dim_model, type = <class 'int'>
DEBUG 2025-11-14 08:47:34 decoding.py:132 Decode name = n_heads, type = <class 'int'>
DEBUG 2025-11-14 08:47:34 decoding.py:132 Decode name = dim_feedforward, type = <class 'int'>
DEBUG 2025-11-14 08:47:34 decoding.py:132 Decode name = feedforward_activation, type = <class 'str'>
DEBUG 2025-11-14 08:47:34 decoding.py:132 Decode name = n_encoder_layers, type = <class 'int'>
DEBUG 2025-11-14 08:47:34 decoding.py:132 Decode name = n_decoder_layers, type = <class 'int'>
DEBUG 2025-11-14 08:47:34 decoding.py:132 Decode name = use_vae, type = <class 'bool'>
DEBUG 2025-11-14 08:47:34 decoding.py:132 Decode name = latent_dim, type = <class 'int'>
DEBUG 2025-11-14 08:47:34 decoding.py:132 Decode name = n_vae_encoder_layers, type = <class 'int'>
DEBUG 2025-11-14 08:47:34 decoding.py:132 Decode name = temporal_ensemble_coeff, type = typing.Optional[float]
DEBUG 2025-11-14 08:47:34 decoding.py:132 Decode name = dropout, type = <class 'float'>
DEBUG 2025-11-14 08:47:34 decoding.py:132 Decode name = kl_weight, type = <class 'float'>
DEBUG 2025-11-14 08:47:34 decoding.py:132 Decode name = optimizer_lr, type = <class 'float'>
DEBUG 2025-11-14 08:47:34 decoding.py:132 Decode name = optimizer_weight_decay, type = <class 'float'>
DEBUG 2025-11-14 08:47:34 decoding.py:132 Decode name = optimizer_lr_backbone, type = <class 'float'>
INFO 2025-11-14 08:47:35 y_server.py:150 Time taken to put policy on cuda: 0.6353 seconds
DEBUG 2025-11-14 08:47:35 y_server.py:199 Client ipv4:127.0.0.1:55832 connected for action streaming
DEBUG 2025-11-14 08:47:35 y_server.py:157 Receiving observations from ipv4:127.0.0.1:55832
INFO 2025-11-14 08:47:35 ort/utils.py:74 <Logger policy_server (NOTSET)> Starting receiver
DEBUG 2025-11-14 08:47:35 ort/utils.py:76 <Logger policy_server (NOTSET)> Received item
DEBUG 2025-11-14 08:47:35 ort/utils.py:93 <Logger policy_server (NOTSET)> Received data at step end size 922170
DEBUG 2025-11-14 08:47:35 y_server.py:167 Received observation #0
INFO 2025-11-14 08:47:35 y_server.py:175 Received observation #0 | Avg FPS: 0.00 | Target: 30.00 | One-way latency: 1.92ms
DEBUG 2025-11-14 08:47:35 y_server.py:182 Server timestamp: 1763081255.348684 | Client timestamp: 1763081255.346766 | Deserialization time: 0.002980s
DEBUG 2025-11-14 08:47:35 y_server.py:277 Enqueuing observation. Must go: True | Last processed obs: None
INFO 2025-11-14 08:47:35 y_server.py:205 Running inference for observation #0 (must_go: True)
DEBUG 2025-11-14 08:47:35 y_server.py:157 Receiving observations from ipv4:127.0.0.1:55832
INFO 2025-11-14 08:47:35 ort/utils.py:74 <Logger policy_server (NOTSET)> Starting receiver
DEBUG 2025-11-14 08:47:35 ort/utils.py:76 <Logger policy_server (NOTSET)> Received item
DEBUG 2025-11-14 08:47:35 ort/utils.py:93 <Logger policy_server (NOTSET)> Received data at step end size 922170
DEBUG 2025-11-14 08:47:35 y_server.py:167 Received observation #0
INFO 2025-11-14 08:47:35 y_server.py:175 Received observation #0 | Avg FPS: 27.46 | Target: 30.00 | One-way latency: 0.88ms
DEBUG 2025-11-14 08:47:35 y_server.py:182 Server timestamp: 1763081255.384066 | Client timestamp: 1763081255.383189 | Deserialization time: 0.002277s
DEBUG 2025-11-14 08:47:35 y_server.py:255 Skipping observation #0 - Timestep predicted already!
INFO 2025-11-14 08:47:35 y_server.py:191 Observation #0 has been filtered out
DEBUG 2025-11-14 08:47:35 y_server.py:157 Receiving observations from ipv4:127.0.0.1:55832
INFO 2025-11-14 08:47:35 ort/utils.py:74 <Logger policy_server (NOTSET)> Starting receiver
DEBUG 2025-11-14 08:47:35 ort/utils.py:76 <Logger policy_server (NOTSET)> Received item
DEBUG 2025-11-14 08:47:35 ort/utils.py:93 <Logger policy_server (NOTSET)> Received data at step end size 922170
DEBUG 2025-11-14 08:47:35 y_server.py:167 Received observation #0
INFO 2025-11-14 08:47:35 y_server.py:175 Received observation #0 | Avg FPS: 28.97 | Target: 30.00 | One-way latency: 0.81ms
DEBUG 2025-11-14 08:47:35 y_server.py:182 Server timestamp: 1763081255.416600 | Client timestamp: 1763081255.415792 | Deserialization time: 0.002387s
DEBUG 2025-11-14 08:47:35 y_server.py:255 Skipping observation #0 - Timestep predicted already!
INFO 2025-11-14 08:47:35 y_server.py:191 Observation #0 has been filtered out
DEBUG 2025-11-14 08:47:35 y_server.py:157 Receiving observations from ipv4:127.0.0.1:55832
INFO 2025-11-14 08:47:35 ort/utils.py:74 <Logger policy_server (NOTSET)> Starting receiver
DEBUG 2025-11-14 08:47:35 ort/utils.py:76 <Logger policy_server (NOTSET)> Received item
DEBUG 2025-11-14 08:47:35 ort/utils.py:93 <Logger policy_server (NOTSET)> Received data at step end size 922170
DEBUG 2025-11-14 08:47:35 y_server.py:167 Received observation #0
INFO 2025-11-14 08:47:35 y_server.py:175 Received observation #0 | Avg FPS: 29.54 | Target: 30.00 | One-way latency: 0.73ms
DEBUG 2025-11-14 08:47:35 y_server.py:182 Server timestamp: 1763081255.449052 | Client timestamp: 1763081255.448323 | Deserialization time: 0.002451s
DEBUG 2025-11-14 08:47:35 y_server.py:255 Skipping observation #0 - Timestep predicted already!
INFO 2025-11-14 08:47:35 y_server.py:191 Observation #0 has been filtered out
DEBUG 2025-11-14 08:47:35 y_server.py:157 Receiving observations from ipv4:127.0.0.1:55832
INFO 2025-11-14 08:47:35 ort/utils.py:74 <Logger policy_server (NOTSET)> Starting receiver
DEBUG 2025-11-14 08:47:35 ort/utils.py:76 <Logger policy_server (NOTSET)> Received item
DEBUG 2025-11-14 08:47:35 ort/utils.py:93 <Logger policy_server (NOTSET)> Received data at step end size 922170
DEBUG 2025-11-14 08:47:35 y_server.py:167 Received observation #0
INFO 2025-11-14 08:47:35 y_server.py:175 Received observation #0 | Avg FPS: 29.77 | Target: 30.00 | One-way latency: 0.73ms
DEBUG 2025-11-14 08:47:35 y_server.py:182 Server timestamp: 1763081255.481842 | Client timestamp: 1763081255.481112 | Deserialization time: 0.002227s
DEBUG 2025-11-14 08:47:35 y_server.py:255 Skipping observation #0 - Timestep predicted already!
INFO 2025-11-14 08:47:35 y_server.py:191 Observation #0 has been filtered out
DEBUG 2025-11-14 08:47:35 y_server.py:157 Receiving observations from ipv4:127.0.0.1:55832
INFO 2025-11-14 08:47:35 ort/utils.py:74 <Logger policy_server (NOTSET)> Starting receiver
DEBUG 2025-11-14 08:47:35 ort/utils.py:76 <Logger policy_server (NOTSET)> Received item
DEBUG 2025-11-14 08:47:35 ort/utils.py:93 <Logger policy_server (NOTSET)> Received data at step end size 922170
DEBUG 2025-11-14 08:47:35 y_server.py:167 Received observation #0
INFO 2025-11-14 08:47:35 y_server.py:175 Received observation #0 | Avg FPS: 29.94 | Target: 30.00 | One-way latency: 0.90ms
DEBUG 2025-11-14 08:47:35 y_server.py:182 Server timestamp: 1763081255.514647 | Client timestamp: 1763081255.513752 | Deserialization time: 0.002380s
DEBUG 2025-11-14 08:47:35 y_server.py:255 Skipping observation #0 - Timestep predicted already!
INFO 2025-11-14 08:47:35 y_server.py:191 Observation #0 has been filtered out
DEBUG 2025-11-14 08:47:35 y_server.py:157 Receiving observations from ipv4:127.0.0.1:55832
INFO 2025-11-14 08:47:35 ort/utils.py:74 <Logger policy_server (NOTSET)> Starting receiver
DEBUG 2025-11-14 08:47:35 ort/utils.py:76 <Logger policy_server (NOTSET)> Received item
DEBUG 2025-11-14 08:47:35 ort/utils.py:93 <Logger policy_server (NOTSET)> Received data at step end size 922170
DEBUG 2025-11-14 08:47:35 y_server.py:167 Received observation #0
INFO 2025-11-14 08:47:35 y_server.py:175 Received observation #0 | Avg FPS: 29.67 | Target: 30.00 | One-way latency: 1.35ms
DEBUG 2025-11-14 08:47:35 y_server.py:182 Server timestamp: 1763081255.550331 | Client timestamp: 1763081255.548980 | Deserialization time: 0.001858s
DEBUG 2025-11-14 08:47:35 y_server.py:255 Skipping observation #0 - Timestep predicted already!
INFO 2025-11-14 08:47:35 y_server.py:191 Observation #0 has been filtered out
DEBUG 2025-11-14 08:47:35 y_server.py:157 Receiving observations from ipv4:127.0.0.1:55832
INFO 2025-11-14 08:47:35 ort/utils.py:74 <Logger policy_server (NOTSET)> Starting receiver
INFO 2025-11-14 08:47:35 y_server.py:355 Observation 0 |Inference time: 229.94ms
DEBUG 2025-11-14 08:47:35 y_server.py:361 Observation 0 | Preprocessing time: -786988.05ms | Inference time: 224.69ms | Postprocessing time: -227.02ms | Total time: -786990.38ms
INFO 2025-11-14 08:47:35 y_server.py:223 Action chunk #0 generated | Total time: 233.07ms
DEBUG 2025-11-14 08:47:35 y_server.py:228 Action chunk #0 generated | Inference time: 0.23s |Serialize time: 0.00s |Total time: 0.23s
DEBUG 2025-11-14 08:47:35 ort/utils.py:76 <Logger policy_server (NOTSET)> Received item
DEBUG 2025-11-14 08:47:35 ort/utils.py:93 <Logger policy_server (NOTSET)> Received data at step end size 922170
DEBUG 2025-11-14 08:47:35 y_server.py:167 Received observation #0
INFO 2025-11-14 08:47:35 y_server.py:175 Received observation #0 | Avg FPS: 29.89 | Target: 30.00 | One-way latency: 0.76ms
DEBUG 2025-11-14 08:47:35 y_server.py:182 Server timestamp: 1763081255.581730 | Client timestamp: 1763081255.580970 | Deserialization time: 0.004488s
DEBUG 2025-11-14 08:47:35 y_server.py:255 Skipping observation #0 - Timestep predicted already!
INFO 2025-11-14 08:47:35 y_server.py:191 Observation #0 has been filtered out
DEBUG 2025-11-14 08:47:35 y_server.py:199 Client ipv4:127.0.0.1:55832 connected for action streaming
DEBUG 2025-11-14 08:47:36 y_server.py:157 Receiving observations from ipv4:127.0.0.1:55832
INFO 2025-11-14 08:47:36 ort/utils.py:74 <Logger policy_server (NOTSET)> Starting receiver
DEBUG 2025-11-14 08:47:36 ort/utils.py:76 <Logger policy_server (NOTSET)> Received item
DEBUG 2025-11-14 08:47:36 ort/utils.py:93 <Logger policy_server (NOTSET)> Received data at step end size 922170
DEBUG 2025-11-14 08:47:36 y_server.py:167 Received observation #24
INFO 2025-11-14 08:47:36 y_server.py:175 Received observation #24 | Avg FPS: 7.43 | Target: 30.00 | One-way latency: 0.75ms
DEBUG 2025-11-14 08:47:36 y_server.py:182 Server timestamp: 1763081256.424116 | Client timestamp: 1763081256.423365 | Deserialization time: 0.002725s
DEBUG 2025-11-14 08:47:36 y_server.py:277 Enqueuing observation. Must go: False | Last processed obs: 0
INFO 2025-11-14 08:47:36 y_server.py:205 Running inference for observation #24 (must_go: False)
INFO 2025-11-14 08:47:36 y_server.py:355 Observation 24 |Inference time: 12.34ms
DEBUG 2025-11-14 08:47:36 y_server.py:361 Observation 24 | Preprocessing time: -788098.51ms | Inference time: 5.46ms | Postprocessing time: -8.63ms | Total time: -788101.68ms
INFO 2025-11-14 08:47:36 y_server.py:223 Action chunk #24 generated | Total time: 18.11ms
DEBUG 2025-11-14 08:47:36 y_server.py:228 Action chunk #24 generated | Inference time: 0.01s |Serialize time: 0.01s |Total time: 0.02s
DEBUG 2025-11-14 08:47:36 y_server.py:157 Receiving observations from ipv4:127.0.0.1:55832
INFO 2025-11-14 08:47:36 ort/utils.py:74 <Logger policy_server (NOTSET)> Starting receiver
DEBUG 2025-11-14 08:47:36 ort/utils.py:76 <Logger policy_server (NOTSET)> Received item
DEBUG 2025-11-14 08:47:36 ort/utils.py:93 <Logger policy_server (NOTSET)> Received data at step end size 922170
DEBUG 2025-11-14 08:47:36 y_server.py:167 Received observation #25
INFO 2025-11-14 08:47:36 y_server.py:175 Received observation #25 | Avg FPS: 7.92 | Target: 30.00 | One-way latency: 0.78ms
DEBUG 2025-11-14 08:47:36 y_server.py:182 Server timestamp: 1763081256.483735 | Client timestamp: 1763081256.482957 | Deserialization time: 0.003223s
DEBUG 2025-11-14 08:47:36 y_server.py:277 Enqueuing observation. Must go: False | Last processed obs: 24
DEBUG 2025-11-14 08:47:36 y_server.py:199 Client ipv4:127.0.0.1:55832 connected for action streaming
INFO 2025-11-14 08:47:36 y_server.py:205 Running inference for observation #25 (must_go: False)
INFO 2025-11-14 08:47:36 y_server.py:355 Observation 25 |Inference time: 14.74ms
DEBUG 2025-11-14 08:47:36 y_server.py:361 Observation 25 | Preprocessing time: -788129.54ms | Inference time: 9.64ms | Postprocessing time: -11.92ms | Total time: -788131.82ms
INFO 2025-11-14 08:47:36 y_server.py:223 Action chunk #25 generated | Total time: 20.55ms
DEBUG 2025-11-14 08:47:36 y_server.py:228 Action chunk #25 generated | Inference time: 0.01s |Serialize time: 0.01s |Total time: 0.02s
DEBUG 2025-11-14 08:47:36 y_server.py:199 Client ipv4:127.0.0.1:55832 connected for action streaming
DEBUG 2025-11-14 08:47:37 y_server.py:157 Receiving observations from ipv4:127.0.0.1:55832
INFO 2025-11-14 08:47:37 ort/utils.py:74 <Logger policy_server (NOTSET)> Starting receiver
DEBUG 2025-11-14 08:47:37 ort/utils.py:76 <Logger policy_server (NOTSET)> Received item
DEBUG 2025-11-14 08:47:37 ort/utils.py:93 <Logger policy_server (NOTSET)> Received data at step end size 922170
DEBUG 2025-11-14 08:47:37 y_server.py:167 Received observation #49
INFO 2025-11-14 08:47:37 y_server.py:175 Received observation #49 | Avg FPS: 5.08 | Target: 30.00 | One-way latency: 0.93ms
DEBUG 2025-11-14 08:47:37 y_server.py:182 Server timestamp: 1763081257.314787 | Client timestamp: 1763081257.313854 | Deserialization time: 0.002969s
DEBUG 2025-11-14 08:47:37 y_server.py:277 Enqueuing observation. Must go: False | Last processed obs: 25
INFO 2025-11-14 08:47:37 y_server.py:205 Running inference for observation #49 (must_go: False)
INFO 2025-11-14 08:47:37 y_server.py:355 Observation 49 |Inference time: 14.31ms
DEBUG 2025-11-14 08:47:37 y_server.py:361 Observation 49 | Preprocessing time: -788954.56ms | Inference time: 9.43ms | Postprocessing time: -11.64ms | Total time: -788956.78ms
INFO 2025-11-14 08:47:37 y_server.py:223 Action chunk #49 generated | Total time: 17.85ms
DEBUG 2025-11-14 08:47:37 y_server.py:228 Action chunk #49 generated | Inference time: 0.01s |Serialize time: 0.00s |Total time: 0.02s
DEBUG 2025-11-14 08:47:37 y_server.py:199 Client ipv4:127.0.0.1:55832 connected for action streaming
DEBUG 2025-11-14 08:47:38 y_server.py:157 Receiving observations from ipv4:127.0.0.1:55832
INFO 2025-11-14 08:47:38 ort/utils.py:74 <Logger policy_server (NOTSET)> Starting receiver
DEBUG 2025-11-14 08:47:38 ort/utils.py:76 <Logger policy_server (NOTSET)> Received item
DEBUG 2025-11-14 08:47:38 ort/utils.py:93 <Logger policy_server (NOTSET)> Received data at step end size 922170
DEBUG 2025-11-14 08:47:38 y_server.py:167 Received observation #73
INFO 2025-11-14 08:47:38 y_server.py:175 Received observation #73 | Avg FPS: 3.93 | Target: 30.00 | One-way latency: 0.75ms
DEBUG 2025-11-14 08:47:38 y_server.py:182 Server timestamp: 1763081258.150059 | Client timestamp: 1763081258.149306 | Deserialization time: 0.002371s
DEBUG 2025-11-14 08:47:38 y_server.py:277 Enqueuing observation. Must go: False | Last processed obs: 49
INFO 2025-11-14 08:47:38 y_server.py:205 Running inference for observation #73 (must_go: False)
INFO 2025-11-14 08:47:38 y_server.py:355 Observation 73 |Inference time: 13.88ms
DEBUG 2025-11-14 08:47:38 y_server.py:361 Observation 73 | Preprocessing time: -789788.77ms | Inference time: 8.50ms | Postprocessing time: -10.92ms | Total time: -789791.19ms
INFO 2025-11-14 08:47:38 y_server.py:223 Action chunk #73 generated | Total time: 20.00ms
DEBUG 2025-11-14 08:47:38 y_server.py:228 Action chunk #73 generated | Inference time: 0.01s |Serialize time: 0.01s |Total time: 0.02s
DEBUG 2025-11-14 08:47:38 y_server.py:199 Client ipv4:127.0.0.1:55832 connected for action streaming
DEBUG 2025-11-14 08:47:38 y_server.py:157 Receiving observations from ipv4:127.0.0.1:55832
INFO 2025-11-14 08:47:38 ort/utils.py:74 <Logger policy_server (NOTSET)> Starting receiver
DEBUG 2025-11-14 08:47:38 ort/utils.py:76 <Logger policy_server (NOTSET)> Received item
DEBUG 2025-11-14 08:47:38 ort/utils.py:93 <Logger policy_server (NOTSET)> Received data at step end size 922170
DEBUG 2025-11-14 08:47:38 y_server.py:167 Received observation #74
INFO 2025-11-14 08:47:38 y_server.py:175 Received observation #74 | Avg FPS: 4.22 | Target: 30.00 | One-way latency: 0.95ms
DEBUG 2025-11-14 08:47:38 y_server.py:182 Server timestamp: 1763081258.187963 | Client timestamp: 1763081258.187015 | Deserialization time: 0.002280s
DEBUG 2025-11-14 08:47:38 y_server.py:259 Skipping observation #74 - Observation too similar to last obs predicted!
INFO 2025-11-14 08:47:38 y_server.py:191 Observation #74 has been filtered out
DEBUG 2025-11-14 08:47:38 y_server.py:157 Receiving observations from ipv4:127.0.0.1:55832
INFO 2025-11-14 08:47:38 ort/utils.py:74 <Logger policy_server (NOTSET)> Starting receiver
DEBUG 2025-11-14 08:47:38 ort/utils.py:76 <Logger policy_server (NOTSET)> Received item
DEBUG 2025-11-14 08:47:38 ort/utils.py:93 <Logger policy_server (NOTSET)> Received data at step end size 922170
DEBUG 2025-11-14 08:47:38 y_server.py:167 Received observation #97
INFO 2025-11-14 08:47:38 y_server.py:175 Received observation #97 | Avg FPS: 3.57 | Target: 30.00 | One-way latency: 0.78ms
DEBUG 2025-11-14 08:47:38 y_server.py:182 Server timestamp: 1763081258.990463 | Client timestamp: 1763081258.989688 | Deserialization time: 0.001683s
DEBUG 2025-11-14 08:47:38 y_server.py:277 Enqueuing observation. Must go: False | Last processed obs: 73
INFO 2025-11-14 08:47:38 y_server.py:205 Running inference for observation #97 (must_go: False)
INFO 2025-11-14 08:47:39 y_server.py:355 Observation 97 |Inference time: 11.58ms
DEBUG 2025-11-14 08:47:39 y_server.py:361 Observation 97 | Preprocessing time: -790629.04ms | Inference time: 7.21ms | Postprocessing time: -9.23ms | Total time: -790631.05ms
INFO 2025-11-14 08:47:39 y_server.py:223 Action chunk #97 generated | Total time: 14.51ms
DEBUG 2025-11-14 08:47:39 y_server.py:228 Action chunk #97 generated | Inference time: 0.01s |Serialize time: 0.00s |Total time: 0.01s
DEBUG 2025-11-14 08:47:39 y_server.py:199 Client ipv4:127.0.0.1:55832 connected for action streaming
DEBUG 2025-11-14 08:47:39 y_server.py:157 Receiving observations from ipv4:127.0.0.1:55832
INFO 2025-11-14 08:47:39 ort/utils.py:74 <Logger policy_server (NOTSET)> Starting receiver
DEBUG 2025-11-14 08:47:39 ort/utils.py:76 <Logger policy_server (NOTSET)> Received item
DEBUG 2025-11-14 08:47:39 ort/utils.py:93 <Logger policy_server (NOTSET)> Received data at step end size 922170
DEBUG 2025-11-14 08:47:39 y_server.py:167 Received observation #121
INFO 2025-11-14 08:47:39 y_server.py:175 Received observation #121 | Avg FPS: 3.13 | Target: 30.00 | One-way latency: 0.90ms
DEBUG 2025-11-14 08:47:39 y_server.py:182 Server timestamp: 1763081259.827603 | Client timestamp: 1763081259.826705 | Deserialization time: 0.003090s
DEBUG 2025-11-14 08:47:39 y_server.py:277 Enqueuing observation. Must go: False | Last processed obs: 97
INFO 2025-11-14 08:47:39 y_server.py:205 Running inference for observation #121 (must_go: False)
INFO 2025-11-14 08:47:39 y_server.py:355 Observation 121 |Inference time: 12.82ms
DEBUG 2025-11-14 08:47:39 y_server.py:361 Observation 121 | Preprocessing time: -791467.57ms | Inference time: 8.00ms | Postprocessing time: -10.20ms | Total time: -791469.77ms
INFO 2025-11-14 08:47:39 y_server.py:223 Action chunk #121 generated | Total time: 16.87ms
DEBUG 2025-11-14 08:47:39 y_server.py:228 Action chunk #121 generated | Inference time: 0.01s |Serialize time: 0.00s |Total time: 0.02s
DEBUG 2025-11-14 08:47:39 y_server.py:199 Client ipv4:127.0.0.1:55832 connected for action streaming
DEBUG 2025-11-14 08:47:40 y_server.py:157 Receiving observations from ipv4:127.0.0.1:55832
INFO 2025-11-14 08:47:40 ort/utils.py:74 <Logger policy_server (NOTSET)> Starting receiver
DEBUG 2025-11-14 08:47:40 ort/utils.py:76 <Logger policy_server (NOTSET)> Received item
DEBUG 2025-11-14 08:47:40 ort/utils.py:93 <Logger policy_server (NOTSET)> Received data at step end size 922170
DEBUG 2025-11-14 08:47:40 y_server.py:167 Received observation #145
INFO 2025-11-14 08:47:40 y_server.py:175 Received observation #145 | Avg FPS: 2.82 | Target: 30.00 | One-way latency: 0.96ms
DEBUG 2025-11-14 08:47:40 y_server.py:182 Server timestamp: 1763081260.663222 | Client timestamp: 1763081260.662264 | Deserialization time: 0.002026s
DEBUG 2025-11-14 08:47:40 y_server.py:277 Enqueuing observation. Must go: False | Last processed obs: 121
INFO 2025-11-14 08:47:40 y_server.py:205 Running inference for observation #145 (must_go: False)
INFO 2025-11-14 08:47:40 y_server.py:355 Observation 145 |Inference time: 11.84ms
DEBUG 2025-11-14 08:47:40 y_server.py:361 Observation 145 | Preprocessing time: -792301.91ms | Inference time: 7.18ms | Postprocessing time: -9.23ms | Total time: -792303.96ms
INFO 2025-11-14 08:47:40 y_server.py:223 Action chunk #145 generated | Total time: 17.68ms
DEBUG 2025-11-14 08:47:40 y_server.py:228 Action chunk #145 generated | Inference time: 0.01s |Serialize time: 0.01s |Total time: 0.02s
DEBUG 2025-11-14 08:47:40 y_server.py:199 Client ipv4:127.0.0.1:55832 connected for action streaming
DEBUG 2025-11-14 08:47:41 y_server.py:157 Receiving observations from ipv4:127.0.0.1:55832
INFO 2025-11-14 08:47:41 ort/utils.py:74 <Logger policy_server (NOTSET)> Starting receiver
DEBUG 2025-11-14 08:47:41 ort/utils.py:76 <Logger policy_server (NOTSET)> Received item
DEBUG 2025-11-14 08:47:41 ort/utils.py:93 <Logger policy_server (NOTSET)> Received data at step end size 922170
DEBUG 2025-11-14 08:47:41 y_server.py:167 Received observation #169
INFO 2025-11-14 08:47:41 y_server.py:175 Received observation #169 | Avg FPS: 2.60 | Target: 30.00 | One-way latency: 0.84ms
DEBUG 2025-11-14 08:47:41 y_server.py:182 Server timestamp: 1763081261.500686 | Client timestamp: 1763081261.499847 | Deserialization time: 0.001638s
DEBUG 2025-11-14 08:47:41 y_server.py:277 Enqueuing observation. Must go: False | Last processed obs: 145
INFO 2025-11-14 08:47:41 y_server.py:205 Running inference for observation #169 (must_go: False)
INFO 2025-11-14 08:47:41 y_server.py:355 Observation 169 |Inference time: 12.03ms
DEBUG 2025-11-14 08:47:41 y_server.py:361 Observation 169 | Preprocessing time: -793139.08ms | Inference time: 7.49ms | Postprocessing time: -9.48ms | Total time: -793141.07ms
INFO 2025-11-14 08:47:41 y_server.py:223 Action chunk #169 generated | Total time: 17.91ms
DEBUG 2025-11-14 08:47:41 y_server.py:228 Action chunk #169 generated | Inference time: 0.01s |Serialize time: 0.01s |Total time: 0.02s
DEBUG 2025-11-14 08:47:41 y_server.py:199 Client ipv4:127.0.0.1:55832 connected for action streaming
DEBUG 2025-11-14 08:47:41 y_server.py:157 Receiving observations from ipv4:127.0.0.1:55832
INFO 2025-11-14 08:47:41 ort/utils.py:74 <Logger policy_server (NOTSET)> Starting receiver
DEBUG 2025-11-14 08:47:41 ort/utils.py:76 <Logger policy_server (NOTSET)> Received item
DEBUG 2025-11-14 08:47:41 ort/utils.py:93 <Logger policy_server (NOTSET)> Received data at step end size 922170
DEBUG 2025-11-14 08:47:41 y_server.py:167 Received observation #170
INFO 2025-11-14 08:47:41 y_server.py:175 Received observation #170 | Avg FPS: 2.75 | Target: 30.00 | One-way latency: 0.82ms
DEBUG 2025-11-14 08:47:41 y_server.py:182 Server timestamp: 1763081261.538953 | Client timestamp: 1763081261.538132 | Deserialization time: 0.002094s
DEBUG 2025-11-14 08:47:41 y_server.py:259 Skipping observation #170 - Observation too similar to last obs predicted!
INFO 2025-11-14 08:47:41 y_server.py:191 Observation #170 has been filtered out
DEBUG 2025-11-14 08:47:42 y_server.py:157 Receiving observations from ipv4:127.0.0.1:55832
INFO 2025-11-14 08:47:42 ort/utils.py:74 <Logger policy_server (NOTSET)> Starting receiver
DEBUG 2025-11-14 08:47:42 ort/utils.py:76 <Logger policy_server (NOTSET)> Received item
DEBUG 2025-11-14 08:47:42 ort/utils.py:93 <Logger policy_server (NOTSET)> Received data at step end size 922170
DEBUG 2025-11-14 08:47:42 y_server.py:167 Received observation #193
INFO 2025-11-14 08:47:42 y_server.py:175 Received observation #193 | Avg FPS: 2.59 | Target: 30.00 | One-way latency: 1.17ms
DEBUG 2025-11-14 08:47:42 y_server.py:182 Server timestamp: 1763081262.309709 | Client timestamp: 1763081262.308543 | Deserialization time: 0.002756s
DEBUG 2025-11-14 08:47:42 y_server.py:277 Enqueuing observation. Must go: False | Last processed obs: 169
INFO 2025-11-14 08:47:42 y_server.py:205 Running inference for observation #193 (must_go: False)
INFO 2025-11-14 08:47:42 y_server.py:355 Observation 193 |Inference time: 13.49ms
DEBUG 2025-11-14 08:47:42 y_server.py:361 Observation 193 | Preprocessing time: -793946.51ms | Inference time: 3.43ms | Postprocessing time: -8.21ms | Total time: -793951.29ms
INFO 2025-11-14 08:47:42 y_server.py:223 Action chunk #193 generated | Total time: 17.52ms
DEBUG 2025-11-14 08:47:42 y_server.py:228 Action chunk #193 generated | Inference time: 0.01s |Serialize time: 0.00s |Total time: 0.02s
DEBUG 2025-11-14 08:47:42 y_server.py:199 Client ipv4:127.0.0.1:55832 connected for action streaming
DEBUG 2025-11-14 08:47:42 y_server.py:157 Receiving observations from ipv4:127.0.0.1:55832
INFO 2025-11-14 08:47:42 ort/utils.py:74 <Logger policy_server (NOTSET)> Starting receiver
DEBUG 2025-11-14 08:47:42 ort/utils.py:76 <Logger policy_server (NOTSET)> Received item
DEBUG 2025-11-14 08:47:42 ort/utils.py:93 <Logger policy_server (NOTSET)> Received data at step end size 922170
DEBUG 2025-11-14 08:47:42 y_server.py:167 Received observation #194
INFO 2025-11-14 08:47:42 y_server.py:175 Received observation #194 | Avg FPS: 2.72 | Target: 30.00 | One-way latency: 1.27ms
DEBUG 2025-11-14 08:47:42 y_server.py:182 Server timestamp: 1763081262.342786 | Client timestamp: 1763081262.341513 | Deserialization time: 0.002235s
DEBUG 2025-11-14 08:47:42 y_server.py:259 Skipping observation #194 - Observation too similar to last obs predicted!
INFO 2025-11-14 08:47:42 y_server.py:191 Observation #194 has been filtered out
DEBUG 2025-11-14 08:47:43 y_server.py:157 Receiving observations from ipv4:127.0.0.1:55832
INFO 2025-11-14 08:47:43 ort/utils.py:74 <Logger policy_server (NOTSET)> Starting receiver
DEBUG 2025-11-14 08:47:43 ort/utils.py:76 <Logger policy_server (NOTSET)> Received item
DEBUG 2025-11-14 08:47:43 ort/utils.py:93 <Logger policy_server (NOTSET)> Received data at step end size 922170
DEBUG 2025-11-14 08:47:43 y_server.py:167 Received observation #217
INFO 2025-11-14 08:47:43 y_server.py:175 Received observation #217 | Avg FPS: 2.58 | Target: 30.00 | One-way latency: 0.88ms
DEBUG 2025-11-14 08:47:43 y_server.py:182 Server timestamp: 1763081263.111993 | Client timestamp: 1763081263.111115 | Deserialization time: 0.002169s
DEBUG 2025-11-14 08:47:43 y_server.py:277 Enqueuing observation. Must go: False | Last processed obs: 193
INFO 2025-11-14 08:47:43 y_server.py:205 Running inference for observation #217 (must_go: False)
INFO 2025-11-14 08:47:43 y_server.py:355 Observation 217 |Inference time: 12.35ms
DEBUG 2025-11-14 08:47:43 y_server.py:361 Observation 217 | Preprocessing time: -794750.81ms | Inference time: 7.49ms | Postprocessing time: -9.63ms | Total time: -794752.95ms
INFO 2025-11-14 08:47:43 y_server.py:223 Action chunk #217 generated | Total time: 18.27ms
DEBUG 2025-11-14 08:47:43 y_server.py:228 Action chunk #217 generated | Inference time: 0.01s |Serialize time: 0.01s |Total time: 0.02s
DEBUG 2025-11-14 08:47:43 y_server.py:199 Client ipv4:127.0.0.1:55832 connected for action streaming
DEBUG 2025-11-14 08:47:43 y_server.py:157 Receiving observations from ipv4:127.0.0.1:55832
INFO 2025-11-14 08:47:43 ort/utils.py:74 <Logger policy_server (NOTSET)> Starting receiver
DEBUG 2025-11-14 08:47:43 ort/utils.py:76 <Logger policy_server (NOTSET)> Received item
DEBUG 2025-11-14 08:47:43 ort/utils.py:93 <Logger policy_server (NOTSET)> Received data at step end size 922170
DEBUG 2025-11-14 08:47:43 y_server.py:167 Received observation #218
INFO 2025-11-14 08:47:43 y_server.py:175 Received observation #218 | Avg FPS: 2.69 | Target: 30.00 | One-way latency: 0.99ms
DEBUG 2025-11-14 08:47:43 y_server.py:182 Server timestamp: 1763081263.144496 | Client timestamp: 1763081263.143506 | Deserialization time: 0.002113s
DEBUG 2025-11-14 08:47:43 y_server.py:259 Skipping observation #218 - Observation too similar to last obs predicted!
INFO 2025-11-14 08:47:43 y_server.py:191 Observation #218 has been filtered out
DEBUG 2025-11-14 08:47:43 y_server.py:157 Receiving observations from ipv4:127.0.0.1:55832
INFO 2025-11-14 08:47:43 ort/utils.py:74 <Logger policy_server (NOTSET)> Starting receiver
DEBUG 2025-11-14 08:47:43 ort/utils.py:76 <Logger policy_server (NOTSET)> Received item
DEBUG 2025-11-14 08:47:43 ort/utils.py:93 <Logger policy_server (NOTSET)> Received data at step end size 922170
DEBUG 2025-11-14 08:47:43 y_server.py:167 Received observation #241
INFO 2025-11-14 08:47:43 y_server.py:175 Received observation #241 | Avg FPS: 2.57 | Target: 30.00 | One-way latency: 1.14ms
DEBUG 2025-11-14 08:47:43 y_server.py:182 Server timestamp: 1763081263.916907 | Client timestamp: 1763081263.915768 | Deserialization time: 0.002369s
DEBUG 2025-11-14 08:47:43 y_server.py:277 Enqueuing observation. Must go: False | Last processed obs: 217
INFO 2025-11-14 08:47:43 y_server.py:205 Running inference for observation #241 (must_go: False)
INFO 2025-11-14 08:47:43 y_server.py:355 Observation 241 |Inference time: 14.98ms
DEBUG 2025-11-14 08:47:43 y_server.py:361 Observation 241 | Preprocessing time: -795555.43ms | Inference time: 9.31ms | Postprocessing time: -11.86ms | Total time: -795557.98ms
INFO 2025-11-14 08:47:43 y_server.py:223 Action chunk #241 generated | Total time: 21.04ms
DEBUG 2025-11-14 08:47:43 y_server.py:228 Action chunk #241 generated | Inference time: 0.02s |Serialize time: 0.01s |Total time: 0.02s
DEBUG 2025-11-14 08:47:43 y_server.py:157 Receiving observations from ipv4:127.0.0.1:55832
INFO 2025-11-14 08:47:43 ort/utils.py:74 <Logger policy_server (NOTSET)> Starting receiver
DEBUG 2025-11-14 08:47:43 ort/utils.py:76 <Logger policy_server (NOTSET)> Received item
DEBUG 2025-11-14 08:47:43 ort/utils.py:93 <Logger policy_server (NOTSET)> Received data at step end size 922170
DEBUG 2025-11-14 08:47:43 y_server.py:167 Received observation #242
INFO 2025-11-14 08:47:43 y_server.py:175 Received observation #242 | Avg FPS: 2.67 | Target: 30.00 | One-way latency: 1.24ms
DEBUG 2025-11-14 08:47:43 y_server.py:182 Server timestamp: 1763081263.950666 | Client timestamp: 1763081263.949423 | Deserialization time: 0.002327s
DEBUG 2025-11-14 08:47:43 y_server.py:259 Skipping observation #242 - Observation too similar to last obs predicted!
DEBUG 2025-11-14 08:47:43 y_server.py:199 Client ipv4:127.0.0.1:55832 connected for action streaming
INFO 2025-11-14 08:47:43 y_server.py:191 Observation #242 has been filtered out
DEBUG 2025-11-14 08:47:44 y_server.py:157 Receiving observations from ipv4:127.0.0.1:55832
INFO 2025-11-14 08:47:44 ort/utils.py:74 <Logger policy_server (NOTSET)> Starting receiver
DEBUG 2025-11-14 08:47:44 ort/utils.py:76 <Logger policy_server (NOTSET)> Received item
DEBUG 2025-11-14 08:47:44 ort/utils.py:93 <Logger policy_server (NOTSET)> Received data at step end size 922171
DEBUG 2025-11-14 08:47:44 y_server.py:167 Received observation #265
INFO 2025-11-14 08:47:44 y_server.py:175 Received observation #265 | Avg FPS: 2.56 | Target: 30.00 | One-way latency: 0.86ms
DEBUG 2025-11-14 08:47:44 y_server.py:182 Server timestamp: 1763081264.719901 | Client timestamp: 1763081264.719045 | Deserialization time: 0.002175s
DEBUG 2025-11-14 08:47:44 y_server.py:277 Enqueuing observation. Must go: False | Last processed obs: 241
INFO 2025-11-14 08:47:44 y_server.py:205 Running inference for observation #265 (must_go: False)
INFO 2025-11-14 08:47:44 y_server.py:355 Observation 265 |Inference time: 12.05ms
DEBUG 2025-11-14 08:47:44 y_server.py:361 Observation 265 | Preprocessing time: -796358.59ms | Inference time: 7.17ms | Postprocessing time: -9.45ms | Total time: -796360.87ms
INFO 2025-11-14 08:47:44 y_server.py:223 Action chunk #265 generated | Total time: 14.95ms
DEBUG 2025-11-14 08:47:44 y_server.py:228 Action chunk #265 generated | Inference time: 0.01s |Serialize time: 0.00s |Total time: 0.01s
DEBUG 2025-11-14 08:47:44 y_server.py:199 Client ipv4:127.0.0.1:55832 connected for action streaming
DEBUG 2025-11-14 08:47:44 y_server.py:157 Receiving observations from ipv4:127.0.0.1:55832
INFO 2025-11-14 08:47:44 ort/utils.py:74 <Logger policy_server (NOTSET)> Starting receiver
DEBUG 2025-11-14 08:47:44 ort/utils.py:76 <Logger policy_server (NOTSET)> Received item
DEBUG 2025-11-14 08:47:44 ort/utils.py:93 <Logger policy_server (NOTSET)> Received data at step end size 922171
DEBUG 2025-11-14 08:47:44 y_server.py:167 Received observation #266
INFO 2025-11-14 08:47:44 y_server.py:175 Received observation #266 | Avg FPS: 2.66 | Target: 30.00 | One-way latency: 0.88ms
DEBUG 2025-11-14 08:47:44 y_server.py:182 Server timestamp: 1763081264.752913 | Client timestamp: 1763081264.752037 | Deserialization time: 0.002182s
DEBUG 2025-11-14 08:47:44 y_server.py:259 Skipping observation #266 - Observation too similar to last obs predicted!
INFO 2025-11-14 08:47:44 y_server.py:191 Observation #266 has been filtered out
DEBUG 2025-11-14 08:47:45 y_server.py:157 Receiving observations from ipv4:127.0.0.1:55832
INFO 2025-11-14 08:47:45 ort/utils.py:74 <Logger policy_server (NOTSET)> Starting receiver
DEBUG 2025-11-14 08:47:45 ort/utils.py:76 <Logger policy_server (NOTSET)> Received item
DEBUG 2025-11-14 08:47:45 ort/utils.py:93 <Logger policy_server (NOTSET)> Received data at step end size 922171
DEBUG 2025-11-14 08:47:45 y_server.py:167 Received observation #289
INFO 2025-11-14 08:47:45 y_server.py:175 Received observation #289 | Avg FPS: 2.56 | Target: 30.00 | One-way latency: 0.92ms
DEBUG 2025-11-14 08:47:45 y_server.py:182 Server timestamp: 1763081265.522508 | Client timestamp: 1763081265.521585 | Deserialization time: 0.002375s
DEBUG 2025-11-14 08:47:45 y_server.py:277 Enqueuing observation. Must go: False | Last processed obs: 265
INFO 2025-11-14 08:47:45 y_server.py:205 Running inference for observation #289 (must_go: False)
INFO 2025-11-14 08:47:45 y_server.py:355 Observation 289 |Inference time: 11.97ms
DEBUG 2025-11-14 08:47:45 y_server.py:361 Observation 289 | Preprocessing time: -797161.47ms | Inference time: 7.13ms | Postprocessing time: -9.26ms | Total time: -797163.60ms
INFO 2025-11-14 08:47:45 y_server.py:223 Action chunk #289 generated | Total time: 17.92ms
DEBUG 2025-11-14 08:47:45 y_server.py:228 Action chunk #289 generated | Inference time: 0.01s |Serialize time: 0.01s |Total time: 0.02s
DEBUG 2025-11-14 08:47:45 y_server.py:199 Client ipv4:127.0.0.1:55832 connected for action streaming
DEBUG 2025-11-14 08:47:45 y_server.py:157 Receiving observations from ipv4:127.0.0.1:55832
INFO 2025-11-14 08:47:45 ort/utils.py:74 <Logger policy_server (NOTSET)> Starting receiver
DEBUG 2025-11-14 08:47:45 ort/utils.py:76 <Logger policy_server (NOTSET)> Received item
DEBUG 2025-11-14 08:47:45 ort/utils.py:93 <Logger policy_server (NOTSET)> Received data at step end size 922171
DEBUG 2025-11-14 08:47:45 y_server.py:167 Received observation #290
INFO 2025-11-14 08:47:45 y_server.py:175 Received observation #290 | Avg FPS: 2.65 | Target: 30.00 | One-way latency: 1.15ms
DEBUG 2025-11-14 08:47:45 y_server.py:182 Server timestamp: 1763081265.555495 | Client timestamp: 1763081265.554344 | Deserialization time: 0.002534s
DEBUG 2025-11-14 08:47:45 y_server.py:259 Skipping observation #290 - Observation too similar to last obs predicted!
INFO 2025-11-14 08:47:45 y_server.py:191 Observation #290 has been filtered out
DEBUG 2025-11-14 08:47:46 y_server.py:157 Receiving observations from ipv4:127.0.0.1:55832
INFO 2025-11-14 08:47:46 ort/utils.py:74 <Logger policy_server (NOTSET)> Starting receiver
DEBUG 2025-11-14 08:47:46 ort/utils.py:76 <Logger policy_server (NOTSET)> Received item
DEBUG 2025-11-14 08:47:46 ort/utils.py:93 <Logger policy_server (NOTSET)> Received data at step end size 922171
DEBUG 2025-11-14 08:47:46 y_server.py:167 Received observation #313
INFO 2025-11-14 08:47:46 y_server.py:175 Received observation #313 | Avg FPS: 2.55 | Target: 30.00 | One-way latency: 0.93ms
DEBUG 2025-11-14 08:47:46 y_server.py:182 Server timestamp: 1763081266.327200 | Client timestamp: 1763081266.326266 | Deserialization time: 0.002179s
DEBUG 2025-11-14 08:47:46 y_server.py:277 Enqueuing observation. Must go: False | Last processed obs: 289
INFO 2025-11-14 08:47:46 y_server.py:205 Running inference for observation #313 (must_go: False)
INFO 2025-11-14 08:47:46 y_server.py:355 Observation 313 |Inference time: 12.70ms
DEBUG 2025-11-14 08:47:46 y_server.py:361 Observation 313 | Preprocessing time: -797964.87ms | Inference time: 5.49ms | Postprocessing time: -8.85ms | Total time: -797968.23ms
INFO 2025-11-14 08:47:46 y_server.py:223 Action chunk #313 generated | Total time: 17.61ms
DEBUG 2025-11-14 08:47:46 y_server.py:228 Action chunk #313 generated | Inference time: 0.01s |Serialize time: 0.00s |Total time: 0.02s
DEBUG 2025-11-14 08:47:46 y_server.py:157 Receiving observations from ipv4:127.0.0.1:55832
INFO 2025-11-14 08:47:46 ort/utils.py:74 <Logger policy_server (NOTSET)> Starting receiver
DEBUG 2025-11-14 08:47:46 ort/utils.py:76 <Logger policy_server (NOTSET)> Received item
DEBUG 2025-11-14 08:47:46 ort/utils.py:93 <Logger policy_server (NOTSET)> Received data at step end size 922171
DEBUG 2025-11-14 08:47:46 y_server.py:167 Received observation #314
INFO 2025-11-14 08:47:46 y_server.py:175 Received observation #314 | Avg FPS: 2.64 | Target: 30.00 | One-way latency: 0.80ms
DEBUG 2025-11-14 08:47:46 y_server.py:182 Server timestamp: 1763081266.351985 | Client timestamp: 1763081266.351181 | Deserialization time: 0.003311s
DEBUG 2025-11-14 08:47:46 y_server.py:199 Client ipv4:127.0.0.1:55832 connected for action streaming
DEBUG 2025-11-14 08:47:46 y_server.py:259 Skipping observation #314 - Observation too similar to last obs predicted!
INFO 2025-11-14 08:47:46 y_server.py:191 Observation #314 has been filtered out
DEBUG 2025-11-14 08:47:47 y_server.py:157 Receiving observations from ipv4:127.0.0.1:55832
INFO 2025-11-14 08:47:47 ort/utils.py:74 <Logger policy_server (NOTSET)> Starting receiver
DEBUG 2025-11-14 08:47:47 ort/utils.py:76 <Logger policy_server (NOTSET)> Received item
DEBUG 2025-11-14 08:47:47 ort/utils.py:93 <Logger policy_server (NOTSET)> Received data at step end size 922171
DEBUG 2025-11-14 08:47:47 y_server.py:167 Received observation #337
INFO 2025-11-14 08:47:47 y_server.py:175 Received observation #337 | Avg FPS: 2.55 | Target: 30.00 | One-way latency: 0.95ms
DEBUG 2025-11-14 08:47:47 y_server.py:182 Server timestamp: 1763081267.121785 | Client timestamp: 1763081267.120836 | Deserialization time: 0.002152s
DEBUG 2025-11-14 08:47:47 y_server.py:277 Enqueuing observation. Must go: False | Last processed obs: 313
INFO 2025-11-14 08:47:47 y_server.py:205 Running inference for observation #337 (must_go: False)
INFO 2025-11-14 08:47:47 y_server.py:355 Observation 337 |Inference time: 14.90ms
DEBUG 2025-11-14 08:47:47 y_server.py:361 Observation 337 | Preprocessing time: -798760.44ms | Inference time: 9.75ms | Postprocessing time: -12.10ms | Total time: -798762.79ms
INFO 2025-11-14 08:47:47 y_server.py:223 Action chunk #337 generated | Total time: 20.74ms
DEBUG 2025-11-14 08:47:47 y_server.py:228 Action chunk #337 generated | Inference time: 0.02s |Serialize time: 0.01s |Total time: 0.02s
DEBUG 2025-11-14 08:47:47 y_server.py:199 Client ipv4:127.0.0.1:55832 connected for action streaming
DEBUG 2025-11-14 08:47:47 y_server.py:157 Receiving observations from ipv4:127.0.0.1:55832
INFO 2025-11-14 08:47:47 ort/utils.py:74 <Logger policy_server (NOTSET)> Starting receiver
DEBUG 2025-11-14 08:47:47 ort/utils.py:76 <Logger policy_server (NOTSET)> Received item
DEBUG 2025-11-14 08:47:47 ort/utils.py:93 <Logger policy_server (NOTSET)> Received data at step end size 922171
DEBUG 2025-11-14 08:47:47 y_server.py:167 Received observation #338
INFO 2025-11-14 08:47:47 y_server.py:175 Received observation #338 | Avg FPS: 2.63 | Target: 30.00 | One-way latency: 1.17ms
DEBUG 2025-11-14 08:47:47 y_server.py:182 Server timestamp: 1763081267.154626 | Client timestamp: 1763081267.153458 | Deserialization time: 0.002191s
DEBUG 2025-11-14 08:47:47 y_server.py:259 Skipping observation #338 - Observation too similar to last obs predicted!
INFO 2025-11-14 08:47:47 y_server.py:191 Observation #338 has been filtered out
DEBUG 2025-11-14 08:47:47 y_server.py:157 Receiving observations from ipv4:127.0.0.1:55832
INFO 2025-11-14 08:47:47 ort/utils.py:74 <Logger policy_server (NOTSET)> Starting receiver
DEBUG 2025-11-14 08:47:47 ort/utils.py:76 <Logger policy_server (NOTSET)> Received item
DEBUG 2025-11-14 08:47:47 ort/utils.py:93 <Logger policy_server (NOTSET)> Received data at step end size 922171
DEBUG 2025-11-14 08:47:47 y_server.py:167 Received observation #361
INFO 2025-11-14 08:47:47 y_server.py:175 Received observation #361 | Avg FPS: 2.54 | Target: 30.00 | One-way latency: 0.96ms
DEBUG 2025-11-14 08:47:47 y_server.py:182 Server timestamp: 1763081267.933676 | Client timestamp: 1763081267.932714 | Deserialization time: 0.002334s
DEBUG 2025-11-14 08:47:47 y_server.py:277 Enqueuing observation. Must go: False | Last processed obs: 337
INFO 2025-11-14 08:47:47 y_server.py:205 Running inference for observation #361 (must_go: False)
INFO 2025-11-14 08:47:47 y_server.py:355 Observation 361 |Inference time: 11.61ms
DEBUG 2025-11-14 08:47:47 y_server.py:361 Observation 361 | Preprocessing time: -799572.71ms | Inference time: 6.95ms | Postprocessing time: -9.05ms | Total time: -799574.81ms
INFO 2025-11-14 08:47:47 y_server.py:223 Action chunk #361 generated | Total time: 16.95ms
DEBUG 2025-11-14 08:47:47 y_server.py:228 Action chunk #361 generated | Inference time: 0.01s |Serialize time: 0.01s |Total time: 0.02s
DEBUG 2025-11-14 08:47:47 y_server.py:199 Client ipv4:127.0.0.1:55832 connected for action streaming
DEBUG 2025-11-14 08:47:47 y_server.py:157 Receiving observations from ipv4:127.0.0.1:55832
INFO 2025-11-14 08:47:47 ort/utils.py:74 <Logger policy_server (NOTSET)> Starting receiver
DEBUG 2025-11-14 08:47:47 ort/utils.py:76 <Logger policy_server (NOTSET)> Received item
DEBUG 2025-11-14 08:47:47 ort/utils.py:93 <Logger policy_server (NOTSET)> Received data at step end size 922171
DEBUG 2025-11-14 08:47:47 y_server.py:167 Received observation #362
INFO 2025-11-14 08:47:47 y_server.py:175 Received observation #362 | Avg FPS: 2.62 | Target: 30.00 | One-way latency: 1.00ms
DEBUG 2025-11-14 08:47:47 y_server.py:182 Server timestamp: 1763081267.965212 | Client timestamp: 1763081267.964211 | Deserialization time: 0.002280s
DEBUG 2025-11-14 08:47:47 y_server.py:259 Skipping observation #362 - Observation too similar to last obs predicted!
INFO 2025-11-14 08:47:47 y_server.py:191 Observation #362 has been filtered out
DEBUG 2025-11-14 08:47:48 y_server.py:157 Receiving observations from ipv4:127.0.0.1:55832
INFO 2025-11-14 08:47:48 ort/utils.py:74 <Logger policy_server (NOTSET)> Starting receiver
DEBUG 2025-11-14 08:47:48 ort/utils.py:76 <Logger policy_server (NOTSET)> Received item
DEBUG 2025-11-14 08:47:48 ort/utils.py:93 <Logger policy_server (NOTSET)> Received data at step end size 922171
DEBUG 2025-11-14 08:47:48 y_server.py:167 Received observation #385
INFO 2025-11-14 08:47:48 y_server.py:175 Received observation #385 | Avg FPS: 2.54 | Target: 30.00 | One-way latency: 0.95ms
DEBUG 2025-11-14 08:47:48 y_server.py:182 Server timestamp: 1763081268.736257 | Client timestamp: 1763081268.735309 | Deserialization time: 0.002806s
DEBUG 2025-11-14 08:47:48 y_server.py:277 Enqueuing observation. Must go: False | Last processed obs: 361
INFO 2025-11-14 08:47:48 y_server.py:205 Running inference for observation #385 (must_go: False)
INFO 2025-11-14 08:47:48 y_server.py:355 Observation 385 |Inference time: 11.89ms
DEBUG 2025-11-14 08:47:48 y_server.py:361 Observation 385 | Preprocessing time: -800375.68ms | Inference time: 6.78ms | Postprocessing time: -9.11ms | Total time: -800378.00ms
INFO 2025-11-14 08:47:48 y_server.py:223 Action chunk #385 generated | Total time: 15.96ms
DEBUG 2025-11-14 08:47:48 y_server.py:228 Action chunk #385 generated | Inference time: 0.01s |Serialize time: 0.00s |Total time: 0.02s
DEBUG 2025-11-14 08:47:48 y_server.py:157 Receiving observations from ipv4:127.0.0.1:55832
INFO 2025-11-14 08:47:48 ort/utils.py:74 <Logger policy_server (NOTSET)> Starting receiver
DEBUG 2025-11-14 08:47:48 ort/utils.py:76 <Logger policy_server (NOTSET)> Received item
DEBUG 2025-11-14 08:47:48 ort/utils.py:93 <Logger policy_server (NOTSET)> Received data at step end size 922171
DEBUG 2025-11-14 08:47:48 y_server.py:167 Received observation #386
INFO 2025-11-14 08:47:48 y_server.py:175 Received observation #386 | Avg FPS: 2.61 | Target: 30.00 | One-way latency: 0.73ms
DEBUG 2025-11-14 08:47:48 y_server.py:182 Server timestamp: 1763081268.760403 | Client timestamp: 1763081268.759669 | Deserialization time: 0.006501s
DEBUG 2025-11-14 08:47:48 y_server.py:199 Client ipv4:127.0.0.1:55832 connected for action streaming
DEBUG 2025-11-14 08:47:48 y_server.py:259 Skipping observation #386 - Observation too similar to last obs predicted!
INFO 2025-11-14 08:47:48 y_server.py:191 Observation #386 has been filtered out
DEBUG 2025-11-14 08:47:49 y_server.py:157 Receiving observations from ipv4:127.0.0.1:55832
INFO 2025-11-14 08:47:49 ort/utils.py:74 <Logger policy_server (NOTSET)> Starting receiver
DEBUG 2025-11-14 08:47:49 ort/utils.py:76 <Logger policy_server (NOTSET)> Received item
DEBUG 2025-11-14 08:47:49 ort/utils.py:93 <Logger policy_server (NOTSET)> Received data at step end size 922171
DEBUG 2025-11-14 08:47:49 y_server.py:167 Received observation #409
INFO 2025-11-14 08:47:49 y_server.py:175 Received observation #409 | Avg FPS: 2.54 | Target: 30.00 | One-way latency: 0.79ms
DEBUG 2025-11-14 08:47:49 y_server.py:182 Server timestamp: 1763081269.538975 | Client timestamp: 1763081269.538184 | Deserialization time: 0.002021s
DEBUG 2025-11-14 08:47:49 y_server.py:277 Enqueuing observation. Must go: False | Last processed obs: 385
INFO 2025-11-14 08:47:49 y_server.py:205 Running inference for observation #409 (must_go: False)
INFO 2025-11-14 08:47:49 y_server.py:355 Observation 409 |Inference time: 15.07ms
DEBUG 2025-11-14 08:47:49 y_server.py:361 Observation 409 | Preprocessing time: -801177.61ms | Inference time: 9.71ms | Postprocessing time: -12.17ms | Total time: -801180.06ms
INFO 2025-11-14 08:47:49 y_server.py:223 Action chunk #409 generated | Total time: 19.19ms
DEBUG 2025-11-14 08:47:49 y_server.py:228 Action chunk #409 generated | Inference time: 0.02s |Serialize time: 0.00s |Total time: 0.02s
DEBUG 2025-11-14 08:47:49 y_server.py:199 Client ipv4:127.0.0.1:55832 connected for action streaming
DEBUG 2025-11-14 08:47:49 y_server.py:157 Receiving observations from ipv4:127.0.0.1:55832
INFO 2025-11-14 08:47:49 ort/utils.py:74 <Logger policy_server (NOTSET)> Starting receiver
DEBUG 2025-11-14 08:47:49 ort/utils.py:76 <Logger policy_server (NOTSET)> Received item
DEBUG 2025-11-14 08:47:49 ort/utils.py:93 <Logger policy_server (NOTSET)> Received data at step end size 922171
DEBUG 2025-11-14 08:47:49 y_server.py:167 Received observation #410
INFO 2025-11-14 08:47:49 y_server.py:175 Received observation #410 | Avg FPS: 2.60 | Target: 30.00 | One-way latency: 0.76ms
DEBUG 2025-11-14 08:47:49 y_server.py:182 Server timestamp: 1763081269.571444 | Client timestamp: 1763081269.570687 | Deserialization time: 0.002187s
DEBUG 2025-11-14 08:47:49 y_server.py:259 Skipping observation #410 - Observation too similar to last obs predicted!
INFO 2025-11-14 08:47:49 y_server.py:191 Observation #410 has been filtered out
DEBUG 2025-11-14 08:47:50 y_server.py:157 Receiving observations from ipv4:127.0.0.1:55832
INFO 2025-11-14 08:47:50 ort/utils.py:74 <Logger policy_server (NOTSET)> Starting receiver
DEBUG 2025-11-14 08:47:50 ort/utils.py:76 <Logger policy_server (NOTSET)> Received item
DEBUG 2025-11-14 08:47:50 ort/utils.py:93 <Logger policy_server (NOTSET)> Received data at step end size 922171
DEBUG 2025-11-14 08:47:50 y_server.py:167 Received observation #433
INFO 2025-11-14 08:47:50 y_server.py:175 Received observation #433 | Avg FPS: 2.53 | Target: 30.00 | One-way latency: 1.03ms
DEBUG 2025-11-14 08:47:50 y_server.py:182 Server timestamp: 1763081270.341910 | Client timestamp: 1763081270.340877 | Deserialization time: 0.002603s
DEBUG 2025-11-14 08:47:50 y_server.py:277 Enqueuing observation. Must go: False | Last processed obs: 409
INFO 2025-11-14 08:47:50 y_server.py:205 Running inference for observation #433 (must_go: False)
INFO 2025-11-14 08:47:50 y_server.py:355 Observation 433 |Inference time: 12.69ms
DEBUG 2025-11-14 08:47:50 y_server.py:361 Observation 433 | Preprocessing time: -801980.28ms | Inference time: 5.41ms | Postprocessing time: -8.90ms | Total time: -801983.77ms
INFO 2025-11-14 08:47:50 y_server.py:223 Action chunk #433 generated | Total time: 15.58ms
DEBUG 2025-11-14 08:47:50 y_server.py:228 Action chunk #433 generated | Inference time: 0.01s |Serialize time: 0.00s |Total time: 0.02s
DEBUG 2025-11-14 08:47:50 y_server.py:199 Client ipv4:127.0.0.1:55832 connected for action streaming
DEBUG 2025-11-14 08:47:50 y_server.py:157 Receiving observations from ipv4:127.0.0.1:55832
INFO 2025-11-14 08:47:50 ort/utils.py:74 <Logger policy_server (NOTSET)> Starting receiver
DEBUG 2025-11-14 08:47:50 ort/utils.py:76 <Logger policy_server (NOTSET)> Received item
DEBUG 2025-11-14 08:47:50 ort/utils.py:93 <Logger policy_server (NOTSET)> Received data at step end size 922171
DEBUG 2025-11-14 08:47:50 y_server.py:167 Received observation #434
INFO 2025-11-14 08:47:50 y_server.py:175 Received observation #434 | Avg FPS: 2.60 | Target: 30.00 | One-way latency: 0.82ms
DEBUG 2025-11-14 08:47:50 y_server.py:182 Server timestamp: 1763081270.370945 | Client timestamp: 1763081270.370126 | Deserialization time: 0.001688s
DEBUG 2025-11-14 08:47:50 y_server.py:259 Skipping observation #434 - Observation too similar to last obs predicted!
INFO 2025-11-14 08:47:50 y_server.py:191 Observation #434 has been filtered out
DEBUG 2025-11-14 08:47:51 y_server.py:157 Receiving observations from ipv4:127.0.0.1:55832
INFO 2025-11-14 08:47:51 ort/utils.py:74 <Logger policy_server (NOTSET)> Starting receiver
DEBUG 2025-11-14 08:47:51 ort/utils.py:76 <Logger policy_server (NOTSET)> Received item
DEBUG 2025-11-14 08:47:51 ort/utils.py:93 <Logger policy_server (NOTSET)> Received data at step end size 922171
DEBUG 2025-11-14 08:47:51 y_server.py:167 Received observation #457
INFO 2025-11-14 08:47:51 y_server.py:175 Received observation #457 | Avg FPS: 2.53 | Target: 30.00 | One-way latency: 1.04ms
DEBUG 2025-11-14 08:47:51 y_server.py:182 Server timestamp: 1763081271.146564 | Client timestamp: 1763081271.145521 | Deserialization time: 0.001887s
DEBUG 2025-11-14 08:47:51 y_server.py:277 Enqueuing observation. Must go: False | Last processed obs: 433
INFO 2025-11-14 08:47:51 y_server.py:205 Running inference for observation #457 (must_go: False)
INFO 2025-11-14 08:47:51 y_server.py:355 Observation 457 |Inference time: 14.87ms
DEBUG 2025-11-14 08:47:51 y_server.py:361 Observation 457 | Preprocessing time: -802785.02ms | Inference time: 9.73ms | Postprocessing time: -12.03ms | Total time: -802787.32ms
INFO 2025-11-14 08:47:51 y_server.py:223 Action chunk #457 generated | Total time: 20.48ms
DEBUG 2025-11-14 08:47:51 y_server.py:228 Action chunk #457 generated | Inference time: 0.02s |Serialize time: 0.01s |Total time: 0.02s
DEBUG 2025-11-14 08:47:51 y_server.py:157 Receiving observations from ipv4:127.0.0.1:55832
INFO 2025-11-14 08:47:51 ort/utils.py:74 <Logger policy_server (NOTSET)> Starting receiver
DEBUG 2025-11-14 08:47:51 ort/utils.py:76 <Logger policy_server (NOTSET)> Received item
DEBUG 2025-11-14 08:47:51 ort/utils.py:93 <Logger policy_server (NOTSET)> Received data at step end size 922171
DEBUG 2025-11-14 08:47:51 y_server.py:167 Received observation #458
INFO 2025-11-14 08:47:51 y_server.py:175 Received observation #458 | Avg FPS: 2.59 | Target: 30.00 | One-way latency: 0.95ms
DEBUG 2025-11-14 08:47:51 y_server.py:182 Server timestamp: 1763081271.174807 | Client timestamp: 1763081271.173856 | Deserialization time: 0.002219s
DEBUG 2025-11-14 08:47:51 y_server.py:259 Skipping observation #458 - Observation too similar to last obs predicted!
INFO 2025-11-14 08:47:51 y_server.py:191 Observation #458 has been filtered out
DEBUG 2025-11-14 08:47:51 y_server.py:199 Client ipv4:127.0.0.1:55832 connected for action streaming
DEBUG 2025-11-14 08:47:51 y_server.py:157 Receiving observations from ipv4:127.0.0.1:55832
INFO 2025-11-14 08:47:51 ort/utils.py:74 <Logger policy_server (NOTSET)> Starting receiver
DEBUG 2025-11-14 08:47:51 ort/utils.py:76 <Logger policy_server (NOTSET)> Received item
DEBUG 2025-11-14 08:47:51 ort/utils.py:93 <Logger policy_server (NOTSET)> Received data at step end size 922171
DEBUG 2025-11-14 08:47:51 y_server.py:167 Received observation #481
INFO 2025-11-14 08:47:51 y_server.py:175 Received observation #481 | Avg FPS: 2.53 | Target: 30.00 | One-way latency: 1.01ms
DEBUG 2025-11-14 08:47:51 y_server.py:182 Server timestamp: 1763081271.943335 | Client timestamp: 1763081271.942320 | Deserialization time: 0.002579s
DEBUG 2025-11-14 08:47:51 y_server.py:277 Enqueuing observation. Must go: False | Last processed obs: 457
INFO 2025-11-14 08:47:51 y_server.py:205 Running inference for observation #481 (must_go: False)
INFO 2025-11-14 08:47:51 y_server.py:355 Observation 481 |Inference time: 11.88ms
DEBUG 2025-11-14 08:47:51 y_server.py:361 Observation 481 | Preprocessing time: -803582.44ms | Inference time: 7.01ms | Postprocessing time: -9.22ms | Total time: -803584.64ms
INFO 2025-11-14 08:47:51 y_server.py:223 Action chunk #481 generated | Total time: 15.96ms
DEBUG 2025-11-14 08:47:51 y_server.py:228 Action chunk #481 generated | Inference time: 0.01s |Serialize time: 0.00s |Total time: 0.02s
DEBUG 2025-11-14 08:47:51 y_server.py:199 Client ipv4:127.0.0.1:55832 connected for action streaming
DEBUG 2025-11-14 08:47:51 y_server.py:157 Receiving observations from ipv4:127.0.0.1:55832
INFO 2025-11-14 08:47:51 ort/utils.py:74 <Logger policy_server (NOTSET)> Starting receiver
DEBUG 2025-11-14 08:47:51 ort/utils.py:76 <Logger policy_server (NOTSET)> Received item
DEBUG 2025-11-14 08:47:51 ort/utils.py:93 <Logger policy_server (NOTSET)> Received data at step end size 922171
DEBUG 2025-11-14 08:47:51 y_server.py:167 Received observation #482
INFO 2025-11-14 08:47:51 y_server.py:175 Received observation #482 | Avg FPS: 2.59 | Target: 30.00 | One-way latency: 0.79ms
DEBUG 2025-11-14 08:47:51 y_server.py:182 Server timestamp: 1763081271.975596 | Client timestamp: 1763081271.974810 | Deserialization time: 0.002549s
DEBUG 2025-11-14 08:47:51 y_server.py:259 Skipping observation #482 - Observation too similar to last obs predicted!
INFO 2025-11-14 08:47:51 y_server.py:191 Observation #482 has been filtered out
DEBUG 2025-11-14 08:47:52 y_server.py:157 Receiving observations from ipv4:127.0.0.1:55832
INFO 2025-11-14 08:47:52 ort/utils.py:74 <Logger policy_server (NOTSET)> Starting receiver
DEBUG 2025-11-14 08:47:52 ort/utils.py:76 <Logger policy_server (NOTSET)> Received item
DEBUG 2025-11-14 08:47:52 ort/utils.py:93 <Logger policy_server (NOTSET)> Received data at step end size 922171
DEBUG 2025-11-14 08:47:52 y_server.py:167 Received observation #505
INFO 2025-11-14 08:47:52 y_server.py:175 Received observation #505 | Avg FPS: 2.53 | Target: 30.00 | One-way latency: 0.95ms
DEBUG 2025-11-14 08:47:52 y_server.py:182 Server timestamp: 1763081272.745548 | Client timestamp: 1763081272.744601 | Deserialization time: 0.002234s
DEBUG 2025-11-14 08:47:52 y_server.py:277 Enqueuing observation. Must go: False | Last processed obs: 481
INFO 2025-11-14 08:47:52 y_server.py:205 Running inference for observation #505 (must_go: False)
INFO 2025-11-14 08:47:52 y_server.py:355 Observation 505 |Inference time: 12.02ms
DEBUG 2025-11-14 08:47:52 y_server.py:361 Observation 505 | Preprocessing time: -804384.28ms | Inference time: 6.90ms | Postprocessing time: -9.17ms | Total time: -804386.54ms
INFO 2025-11-14 08:47:52 y_server.py:223 Action chunk #505 generated | Total time: 18.04ms
DEBUG 2025-11-14 08:47:52 y_server.py:228 Action chunk #505 generated | Inference time: 0.01s |Serialize time: 0.01s |Total time: 0.02s
DEBUG 2025-11-14 08:47:52 y_server.py:199 Client ipv4:127.0.0.1:55832 connected for action streaming
DEBUG 2025-11-14 08:47:52 y_server.py:157 Receiving observations from ipv4:127.0.0.1:55832
INFO 2025-11-14 08:47:52 ort/utils.py:74 <Logger policy_server (NOTSET)> Starting receiver
DEBUG 2025-11-14 08:47:52 ort/utils.py:76 <Logger policy_server (NOTSET)> Received item
DEBUG 2025-11-14 08:47:52 ort/utils.py:93 <Logger policy_server (NOTSET)> Received data at step end size 922171
DEBUG 2025-11-14 08:47:52 y_server.py:167 Received observation #506
INFO 2025-11-14 08:47:52 y_server.py:175 Received observation #506 | Avg FPS: 2.58 | Target: 30.00 | One-way latency: 0.82ms
DEBUG 2025-11-14 08:47:52 y_server.py:182 Server timestamp: 1763081272.778007 | Client timestamp: 1763081272.777184 | Deserialization time: 0.002372s
DEBUG 2025-11-14 08:47:52 y_server.py:259 Skipping observation #506 - Observation too similar to last obs predicted!
INFO 2025-11-14 08:47:52 y_server.py:191 Observation #506 has been filtered out
DEBUG 2025-11-14 08:47:53 y_server.py:157 Receiving observations from ipv4:127.0.0.1:55832
INFO 2025-11-14 08:47:53 ort/utils.py:74 <Logger policy_server (NOTSET)> Starting receiver
DEBUG 2025-11-14 08:47:53 ort/utils.py:76 <Logger policy_server (NOTSET)> Received item
DEBUG 2025-11-14 08:47:53 ort/utils.py:93 <Logger policy_server (NOTSET)> Received data at step end size 922171
DEBUG 2025-11-14 08:47:53 y_server.py:167 Received observation #529
INFO 2025-11-14 08:47:53 y_server.py:175 Received observation #529 | Avg FPS: 2.53 | Target: 30.00 | One-way latency: 0.99ms
DEBUG 2025-11-14 08:47:53 y_server.py:182 Server timestamp: 1763081273.549155 | Client timestamp: 1763081273.548169 | Deserialization time: 0.002824s
DEBUG 2025-11-14 08:47:53 y_server.py:277 Enqueuing observation. Must go: False | Last processed obs: 505
INFO 2025-11-14 08:47:53 y_server.py:205 Running inference for observation #529 (must_go: False)
INFO 2025-11-14 08:47:53 y_server.py:355 Observation 529 |Inference time: 13.68ms
DEBUG 2025-11-14 08:47:53 y_server.py:361 Observation 529 | Preprocessing time: -805188.62ms | Inference time: 8.52ms | Postprocessing time: -10.78ms | Total time: -805190.88ms
INFO 2025-11-14 08:47:53 y_server.py:223 Action chunk #529 generated | Total time: 19.47ms
DEBUG 2025-11-14 08:47:53 y_server.py:228 Action chunk #529 generated | Inference time: 0.01s |Serialize time: 0.01s |Total time: 0.02s
DEBUG 2025-11-14 08:47:53 y_server.py:157 Receiving observations from ipv4:127.0.0.1:55832
INFO 2025-11-14 08:47:53 ort/utils.py:74 <Logger policy_server (NOTSET)> Starting receiver
DEBUG 2025-11-14 08:47:53 ort/utils.py:76 <Logger policy_server (NOTSET)> Received item
DEBUG 2025-11-14 08:47:53 ort/utils.py:93 <Logger policy_server (NOTSET)> Received data at step end size 922171
DEBUG 2025-11-14 08:47:53 y_server.py:167 Received observation #530
INFO 2025-11-14 08:47:53 y_server.py:175 Received observation #530 | Avg FPS: 2.58 | Target: 30.00 | One-way latency: 0.94ms
DEBUG 2025-11-14 08:47:53 y_server.py:182 Server timestamp: 1763081273.581841 | Client timestamp: 1763081273.580898 | Deserialization time: 0.002265s
DEBUG 2025-11-14 08:47:53 y_server.py:199 Client ipv4:127.0.0.1:55832 connected for action streaming
DEBUG 2025-11-14 08:47:53 y_server.py:259 Skipping observation #530 - Observation too similar to last obs predicted!
INFO 2025-11-14 08:47:53 y_server.py:191 Observation #530 has been filtered out
DEBUG 2025-11-14 08:47:54 y_server.py:157 Receiving observations from ipv4:127.0.0.1:55832
INFO 2025-11-14 08:47:54 ort/utils.py:74 <Logger policy_server (NOTSET)> Starting receiver
DEBUG 2025-11-14 08:47:54 ort/utils.py:76 <Logger policy_server (NOTSET)> Received item
DEBUG 2025-11-14 08:47:54 ort/utils.py:93 <Logger policy_server (NOTSET)> Received data at step end size 922171
DEBUG 2025-11-14 08:47:54 y_server.py:167 Received observation #553
INFO 2025-11-14 08:47:54 y_server.py:175 Received observation #553 | Avg FPS: 2.53 | Target: 30.00 | One-way latency: 1.10ms
DEBUG 2025-11-14 08:47:54 y_server.py:182 Server timestamp: 1763081274.351198 | Client timestamp: 1763081274.350100 | Deserialization time: 0.002327s
DEBUG 2025-11-14 08:47:54 y_server.py:277 Enqueuing observation. Must go: False | Last processed obs: 529
INFO 2025-11-14 08:47:54 y_server.py:205 Running inference for observation #553 (must_go: False)
INFO 2025-11-14 08:47:54 y_server.py:355 Observation 553 |Inference time: 14.98ms
DEBUG 2025-11-14 08:47:54 y_server.py:361 Observation 553 | Preprocessing time: -805990.40ms | Inference time: 10.46ms | Postprocessing time: -12.51ms | Total time: -805992.46ms
INFO 2025-11-14 08:47:54 y_server.py:223 Action chunk #553 generated | Total time: 18.17ms
DEBUG 2025-11-14 08:47:54 y_server.py:228 Action chunk #553 generated | Inference time: 0.02s |Serialize time: 0.00s |Total time: 0.02s
DEBUG 2025-11-14 08:47:54 y_server.py:199 Client ipv4:127.0.0.1:55832 connected for action streaming
DEBUG 2025-11-14 08:47:55 y_server.py:157 Receiving observations from ipv4:127.0.0.1:55832
INFO 2025-11-14 08:47:55 ort/utils.py:74 <Logger policy_server (NOTSET)> Starting receiver
DEBUG 2025-11-14 08:47:55 ort/utils.py:76 <Logger policy_server (NOTSET)> Received item
DEBUG 2025-11-14 08:47:55 ort/utils.py:93 <Logger policy_server (NOTSET)> Received data at step end size 922171
DEBUG 2025-11-14 08:47:55 y_server.py:167 Received observation #577
INFO 2025-11-14 08:47:55 y_server.py:175 Received observation #577 | Avg FPS: 2.47 | Target: 30.00 | One-way latency: 1.00ms
DEBUG 2025-11-14 08:47:55 y_server.py:182 Server timestamp: 1763081275.182604 | Client timestamp: 1763081275.181607 | Deserialization time: 0.002529s
DEBUG 2025-11-14 08:47:55 y_server.py:277 Enqueuing observation. Must go: False | Last processed obs: 553
INFO 2025-11-14 08:47:55 y_server.py:205 Running inference for observation #577 (must_go: False)
INFO 2025-11-14 08:47:55 y_server.py:355 Observation 577 |Inference time: 12.15ms
DEBUG 2025-11-14 08:47:55 y_server.py:361 Observation 577 | Preprocessing time: -806821.91ms | Inference time: 7.53ms | Postprocessing time: -9.68ms | Total time: -806824.06ms
INFO 2025-11-14 08:47:55 y_server.py:223 Action chunk #577 generated | Total time: 15.12ms
DEBUG 2025-11-14 08:47:55 y_server.py:228 Action chunk #577 generated | Inference time: 0.01s |Serialize time: 0.00s |Total time: 0.02s
DEBUG 2025-11-14 08:47:55 y_server.py:199 Client ipv4:127.0.0.1:55832 connected for action streaming
