DEBUG 2025-11-14 10:15:26 d_metavar.py:22 Metavar for type None: None
DEBUG 2025-11-14 10:15:26 formatter.py:52 action type: None, Result: , nargs: 0, default metavar: None
DEBUG 2025-11-14 10:15:26 d_metavar.py:22 Metavar for type <class 'str'>: str
DEBUG 2025-11-14 10:15:26 formatter.py:52 action type: <class 'str'>, Result: str, nargs: None, default metavar: None
DEBUG 2025-11-14 10:15:26 _wrapper.py:168 wrapped field at host has a default value of localhost
DEBUG 2025-11-14 10:15:26 _wrapper.py:168 wrapped field at port has a default value of 8080
DEBUG 2025-11-14 10:15:26 _wrapper.py:168 wrapped field at fps has a default value of 30
DEBUG 2025-11-14 10:15:26 _wrapper.py:168 wrapped field at inference_latency has a default value of 0.03333333333333333
DEBUG 2025-11-14 10:15:26 _wrapper.py:168 wrapped field at obs_queue_timeout has a default value of 2
DEBUG 2025-11-14 10:15:26 _wrapper.py:309 Arg options for field 'host': {'required': False, 'dest': 'host', 'default': 'localhost', 'help': 'Networking configuration', 'type': <class 'str'>}
DEBUG 2025-11-14 10:15:26 _wrapper.py:309 Arg options for field 'port': {'required': False, 'dest': 'port', 'default': 8080, 'help': ' ', 'type': <class 'int'>}
DEBUG 2025-11-14 10:15:26 _wrapper.py:309 Arg options for field 'fps': {'required': False, 'dest': 'fps', 'default': 30, 'help': 'Timing configuration', 'type': <class 'int'>}
DEBUG 2025-11-14 10:15:26 ocstring.py:253 Warning: Unable to parse attribute docstring:         default=DEFAULT_INFERENCE_LATENCY, metadata={"help": "Target inference latency in seconds"}
DEBUG 2025-11-14 10:15:26 _wrapper.py:309 Arg options for field 'inference_latency': {'required': False, 'dest': 'inference_latency', 'default': 0.03333333333333333, 'help': ' ', 'type': <class 'float'>}
DEBUG 2025-11-14 10:15:26 ocstring.py:253 Warning: Unable to parse attribute docstring:         default=DEFAULT_OBS_QUEUE_TIMEOUT, metadata={"help": "Timeout for observation queue in seconds"}
DEBUG 2025-11-14 10:15:26 _wrapper.py:309 Arg options for field 'obs_queue_timeout': {'required': False, 'dest': 'obs_queue_timeout', 'default': 2, 'help': '\n', 'type': <class 'float'>}
DEBUG 2025-11-14 10:15:26 gparsing.py:143 
POST PROCESSING

DEBUG 2025-11-14 10:15:26 gparsing.py:144 (raw) parsed args: Namespace(host='0.0.0.0', port='8888', fps='30', inference_latency='0.033', obs_queue_timeout='1')
DEBUG 2025-11-14 10:15:26 decoding.py:112 from_dict for <class 'lerobot.scripts.server.configs.PolicyServerConfig'>
DEBUG 2025-11-14 10:15:26 decoding.py:132 Decode name = host, type = <class 'str'>
DEBUG 2025-11-14 10:15:26 decoding.py:132 Decode name = port, type = <class 'int'>
DEBUG 2025-11-14 10:15:26 decoding.py:132 Decode name = fps, type = <class 'int'>
DEBUG 2025-11-14 10:15:26 decoding.py:132 Decode name = inference_latency, type = <class 'float'>
DEBUG 2025-11-14 10:15:26 decoding.py:132 Decode name = obs_queue_timeout, type = <class 'float'>
INFO 2025-11-14 10:15:26 y_server.py:384 {'fps': 30,
 'host': '0.0.0.0',
 'inference_latency': 0.033,
 'obs_queue_timeout': 1.0,
 'port': 8888}
INFO 2025-11-14 10:15:26 y_server.py:394 PolicyServer started on 0.0.0.0:8888
INFO 2025-11-14 10:15:39 y_server.py:104 Client ipv4:127.0.0.1:43280 connected and ready
INFO 2025-11-14 10:15:39 y_server.py:130 Receiving policy instructions from ipv4:127.0.0.1:43280 | Policy type: act | Pretrained name or path: outputs/act/checkpoints/last/pretrained_model | Actions per chunk: 50 | Device: cuda
DEBUG 2025-11-14 10:15:39 d_metavar.py:22 Metavar for type None: None
DEBUG 2025-11-14 10:15:39 formatter.py:52 action type: None, Result: , nargs: 0, default metavar: None
DEBUG 2025-11-14 10:15:39 d_metavar.py:22 Metavar for type <class 'str'>: str
DEBUG 2025-11-14 10:15:39 formatter.py:52 action type: <class 'str'>, Result: str, nargs: None, default metavar: None
DEBUG 2025-11-14 10:15:39 _wrapper.py:168 wrapped field at n_obs_steps has a default value of 1
DEBUG 2025-11-14 10:15:39 _wrapper.py:201 wrapped field at normalization_mapping has a default value of {}
DEBUG 2025-11-14 10:15:39 _wrapper.py:201 wrapped field at input_features has a default value of {}
DEBUG 2025-11-14 10:15:39 _wrapper.py:201 wrapped field at output_features has a default value of {}
DEBUG 2025-11-14 10:15:39 _wrapper.py:201 wrapped field at device has a default value of None
DEBUG 2025-11-14 10:15:39 _wrapper.py:168 wrapped field at use_amp has a default value of False
DEBUG 2025-11-14 10:15:39 _wrapper.py:168 wrapped field at push_to_hub has a default value of True
DEBUG 2025-11-14 10:15:39 _wrapper.py:201 wrapped field at repo_id has a default value of None
DEBUG 2025-11-14 10:15:39 _wrapper.py:201 wrapped field at private has a default value of None
DEBUG 2025-11-14 10:15:39 _wrapper.py:201 wrapped field at tags has a default value of None
DEBUG 2025-11-14 10:15:39 _wrapper.py:201 wrapped field at license has a default value of None
DEBUG 2025-11-14 10:15:39 ocstring.py:253 Warning: Unable to parse attribute docstring:             current step and additional steps going back).
DEBUG 2025-11-14 10:15:39 _wrapper.py:309 Arg options for field 'n_obs_steps': {'required': False, 'dest': 'n_obs_steps', 'default': 1, 'help': ' ', 'type': <class 'int'>}
DEBUG 2025-11-14 10:15:39 _wrapper.py:309 Arg options for field 'normalization_mapping': {'required': False, 'dest': 'normalization_mapping', 'default': {}, 'help': ' ', 'type': typing.Dict[str, lerobot.configs.types.NormalizationMode]}
DEBUG 2025-11-14 10:15:39 _wrapper.py:309 Arg options for field 'input_features': {'required': False, 'dest': 'input_features', 'default': {}, 'help': ' ', 'type': typing.Dict[str, lerobot.configs.types.PolicyFeature]}
DEBUG 2025-11-14 10:15:39 _wrapper.py:309 Arg options for field 'output_features': {'required': False, 'dest': 'output_features', 'default': {}, 'help': ' ', 'type': typing.Dict[str, lerobot.configs.types.PolicyFeature]}
DEBUG 2025-11-14 10:15:39 _wrapper.py:309 Arg options for field 'device': {'required': False, 'dest': 'device', 'default': None, 'help': 'cuda | cpu | mp', 'type': typing.Optional[str]}
DEBUG 2025-11-14 10:15:39 _wrapper.py:309 Arg options for field 'use_amp': {'required': False, 'dest': 'use_amp', 'default': False, 'help': '`use_amp` determines whether to use Automatic Mixed Precision (AMP) for training and evaluation. With AMP,\nautomatic gradient scaling is used.', 'type': <class 'bool'>}
DEBUG 2025-11-14 10:15:39 _wrapper.py:309 Arg options for field 'push_to_hub': {'required': False, 'dest': 'push_to_hub', 'default': True, 'help': ' ', 'type': <class 'bool'>}
DEBUG 2025-11-14 10:15:39 _wrapper.py:309 Arg options for field 'repo_id': {'required': False, 'dest': 'repo_id', 'default': None, 'type': typing.Optional[str]}
DEBUG 2025-11-14 10:15:39 _wrapper.py:309 Arg options for field 'private': {'required': False, 'dest': 'private', 'default': None, 'help': 'Upload on private repository on the Hugging Face hub.', 'type': typing.Optional[bool]}
DEBUG 2025-11-14 10:15:39 _wrapper.py:309 Arg options for field 'tags': {'required': False, 'dest': 'tags', 'default': None, 'help': 'Add tags to your policy on the hub.', 'type': typing.Optional[typing.List[str]]}
DEBUG 2025-11-14 10:15:39 _wrapper.py:309 Arg options for field 'license': {'required': False, 'dest': 'license', 'default': None, 'help': 'Add tags to your policy on the hub.', 'type': typing.Optional[str]}
DEBUG 2025-11-14 10:15:39 gparsing.py:143 
POST PROCESSING

DEBUG 2025-11-14 10:15:39 gparsing.py:144 (raw) parsed args: Namespace()
DEBUG 2025-11-14 10:15:39 decoding.py:112 from_dict for <class 'lerobot.policies.act.configuration_act.ACTConfig'>
DEBUG 2025-11-14 10:15:39 decoding.py:132 Decode name = n_obs_steps, type = <class 'int'>
DEBUG 2025-11-14 10:15:39 decoding.py:132 Decode name = normalization_mapping, type = dict[str, lerobot.configs.types.NormalizationMode]
DEBUG 2025-11-14 10:15:39 decoding.py:261 Decoding a Dict field: dict[str, lerobot.configs.types.NormalizationMode]
DEBUG 2025-11-14 10:15:39 decoding.py:132 Decode name = input_features, type = dict[str, lerobot.configs.types.PolicyFeature]
DEBUG 2025-11-14 10:15:39 decoding.py:261 Decoding a Dict field: dict[str, lerobot.configs.types.PolicyFeature]
DEBUG 2025-11-14 10:15:39 decoding.py:112 from_dict for <class 'lerobot.configs.types.PolicyFeature'>
DEBUG 2025-11-14 10:15:39 decoding.py:132 Decode name = type, type = <enum 'FeatureType'>
DEBUG 2025-11-14 10:15:39 decoding.py:132 Decode name = shape, type = <class 'tuple'>
DEBUG 2025-11-14 10:15:39 decoding.py:275 Decoding a Tuple field: <class 'tuple'>
DEBUG 2025-11-14 10:15:39 decoding.py:112 from_dict for <class 'lerobot.configs.types.PolicyFeature'>
DEBUG 2025-11-14 10:15:39 decoding.py:132 Decode name = type, type = <enum 'FeatureType'>
DEBUG 2025-11-14 10:15:39 decoding.py:132 Decode name = shape, type = <class 'tuple'>
DEBUG 2025-11-14 10:15:39 decoding.py:132 Decode name = output_features, type = dict[str, lerobot.configs.types.PolicyFeature]
DEBUG 2025-11-14 10:15:39 decoding.py:112 from_dict for <class 'lerobot.configs.types.PolicyFeature'>
DEBUG 2025-11-14 10:15:39 decoding.py:132 Decode name = type, type = <enum 'FeatureType'>
DEBUG 2025-11-14 10:15:39 decoding.py:132 Decode name = shape, type = <class 'tuple'>
DEBUG 2025-11-14 10:15:39 decoding.py:132 Decode name = device, type = typing.Optional[str]
DEBUG 2025-11-14 10:15:39 decoding.py:293 Decoding a Union field: typing.Optional[str]
DEBUG 2025-11-14 10:15:39 decoding.py:132 Decode name = use_amp, type = <class 'bool'>
DEBUG 2025-11-14 10:15:39 decoding.py:132 Decode name = push_to_hub, type = <class 'bool'>
DEBUG 2025-11-14 10:15:39 decoding.py:132 Decode name = repo_id, type = typing.Optional[str]
DEBUG 2025-11-14 10:15:39 decoding.py:132 Decode name = private, type = typing.Optional[bool]
DEBUG 2025-11-14 10:15:39 decoding.py:293 Decoding a Union field: typing.Optional[bool]
DEBUG 2025-11-14 10:15:39 decoding.py:132 Decode name = tags, type = typing.Optional[list[str]]
DEBUG 2025-11-14 10:15:39 decoding.py:293 Decoding a Union field: typing.Optional[list[str]]
DEBUG 2025-11-14 10:15:39 decoding.py:282 Decoding a List field: list[str]
DEBUG 2025-11-14 10:15:39 decoding.py:132 Decode name = license, type = typing.Optional[str]
DEBUG 2025-11-14 10:15:39 decoding.py:132 Decode name = chunk_size, type = <class 'int'>
DEBUG 2025-11-14 10:15:39 decoding.py:132 Decode name = n_action_steps, type = <class 'int'>
DEBUG 2025-11-14 10:15:39 decoding.py:132 Decode name = vision_backbone, type = <class 'str'>
DEBUG 2025-11-14 10:15:39 decoding.py:132 Decode name = pretrained_backbone_weights, type = typing.Optional[str]
DEBUG 2025-11-14 10:15:39 decoding.py:132 Decode name = replace_final_stride_with_dilation, type = <class 'int'>
DEBUG 2025-11-14 10:15:39 decoding.py:132 Decode name = pre_norm, type = <class 'bool'>
DEBUG 2025-11-14 10:15:39 decoding.py:132 Decode name = dim_model, type = <class 'int'>
DEBUG 2025-11-14 10:15:39 decoding.py:132 Decode name = n_heads, type = <class 'int'>
DEBUG 2025-11-14 10:15:39 decoding.py:132 Decode name = dim_feedforward, type = <class 'int'>
DEBUG 2025-11-14 10:15:39 decoding.py:132 Decode name = feedforward_activation, type = <class 'str'>
DEBUG 2025-11-14 10:15:39 decoding.py:132 Decode name = n_encoder_layers, type = <class 'int'>
DEBUG 2025-11-14 10:15:39 decoding.py:132 Decode name = n_decoder_layers, type = <class 'int'>
DEBUG 2025-11-14 10:15:39 decoding.py:132 Decode name = use_vae, type = <class 'bool'>
DEBUG 2025-11-14 10:15:39 decoding.py:132 Decode name = latent_dim, type = <class 'int'>
DEBUG 2025-11-14 10:15:39 decoding.py:132 Decode name = n_vae_encoder_layers, type = <class 'int'>
DEBUG 2025-11-14 10:15:39 decoding.py:132 Decode name = temporal_ensemble_coeff, type = typing.Optional[float]
DEBUG 2025-11-14 10:15:39 decoding.py:293 Decoding a Union field: typing.Optional[float]
DEBUG 2025-11-14 10:15:39 decoding.py:132 Decode name = dropout, type = <class 'float'>
DEBUG 2025-11-14 10:15:39 decoding.py:132 Decode name = kl_weight, type = <class 'float'>
DEBUG 2025-11-14 10:15:39 decoding.py:132 Decode name = optimizer_lr, type = <class 'float'>
DEBUG 2025-11-14 10:15:39 decoding.py:132 Decode name = optimizer_weight_decay, type = <class 'float'>
DEBUG 2025-11-14 10:15:39 decoding.py:132 Decode name = optimizer_lr_backbone, type = <class 'float'>
DEBUG 2025-11-14 10:15:39 d_metavar.py:22 Metavar for type None: None
DEBUG 2025-11-14 10:15:39 formatter.py:52 action type: None, Result: , nargs: 0, default metavar: None
DEBUG 2025-11-14 10:15:39 d_metavar.py:22 Metavar for type <class 'str'>: str
DEBUG 2025-11-14 10:15:39 formatter.py:52 action type: <class 'str'>, Result: str, nargs: None, default metavar: None
DEBUG 2025-11-14 10:15:39 _wrapper.py:168 wrapped field at n_obs_steps has a default value of 1
DEBUG 2025-11-14 10:15:39 _wrapper.py:201 wrapped field at normalization_mapping has a default value of {'VISUAL': <NormalizationMode.MEAN_STD: 'MEAN_STD'>, 'STATE': <NormalizationMode.MEAN_STD: 'MEAN_STD'>, 'ACTION': <NormalizationMode.MEAN_STD: 'MEAN_STD'>}
DEBUG 2025-11-14 10:15:39 _wrapper.py:201 wrapped field at input_features has a default value of {}
DEBUG 2025-11-14 10:15:39 _wrapper.py:201 wrapped field at output_features has a default value of {}
DEBUG 2025-11-14 10:15:39 _wrapper.py:201 wrapped field at device has a default value of None
DEBUG 2025-11-14 10:15:39 _wrapper.py:168 wrapped field at use_amp has a default value of False
DEBUG 2025-11-14 10:15:39 _wrapper.py:168 wrapped field at push_to_hub has a default value of True
DEBUG 2025-11-14 10:15:39 _wrapper.py:201 wrapped field at repo_id has a default value of None
DEBUG 2025-11-14 10:15:39 _wrapper.py:201 wrapped field at private has a default value of None
DEBUG 2025-11-14 10:15:39 _wrapper.py:201 wrapped field at tags has a default value of None
DEBUG 2025-11-14 10:15:39 _wrapper.py:201 wrapped field at license has a default value of None
DEBUG 2025-11-14 10:15:39 _wrapper.py:168 wrapped field at chunk_size has a default value of 100
DEBUG 2025-11-14 10:15:39 _wrapper.py:168 wrapped field at n_action_steps has a default value of 100
DEBUG 2025-11-14 10:15:39 _wrapper.py:168 wrapped field at vision_backbone has a default value of resnet18
DEBUG 2025-11-14 10:15:39 _wrapper.py:201 wrapped field at pretrained_backbone_weights has a default value of ResNet18_Weights.IMAGENET1K_V1
DEBUG 2025-11-14 10:15:39 _wrapper.py:168 wrapped field at replace_final_stride_with_dilation has a default value of False
DEBUG 2025-11-14 10:15:39 _wrapper.py:168 wrapped field at pre_norm has a default value of False
DEBUG 2025-11-14 10:15:39 _wrapper.py:168 wrapped field at dim_model has a default value of 512
DEBUG 2025-11-14 10:15:39 _wrapper.py:168 wrapped field at n_heads has a default value of 8
DEBUG 2025-11-14 10:15:39 _wrapper.py:168 wrapped field at dim_feedforward has a default value of 3200
DEBUG 2025-11-14 10:15:39 _wrapper.py:168 wrapped field at feedforward_activation has a default value of relu
DEBUG 2025-11-14 10:15:39 _wrapper.py:168 wrapped field at n_encoder_layers has a default value of 4
DEBUG 2025-11-14 10:15:39 _wrapper.py:168 wrapped field at n_decoder_layers has a default value of 1
DEBUG 2025-11-14 10:15:39 _wrapper.py:168 wrapped field at use_vae has a default value of True
DEBUG 2025-11-14 10:15:39 _wrapper.py:168 wrapped field at latent_dim has a default value of 32
DEBUG 2025-11-14 10:15:39 _wrapper.py:168 wrapped field at n_vae_encoder_layers has a default value of 4
DEBUG 2025-11-14 10:15:39 _wrapper.py:201 wrapped field at temporal_ensemble_coeff has a default value of None
DEBUG 2025-11-14 10:15:39 _wrapper.py:168 wrapped field at dropout has a default value of 0.1
DEBUG 2025-11-14 10:15:39 _wrapper.py:168 wrapped field at kl_weight has a default value of 10.0
DEBUG 2025-11-14 10:15:39 _wrapper.py:168 wrapped field at optimizer_lr has a default value of 1e-05
DEBUG 2025-11-14 10:15:39 _wrapper.py:168 wrapped field at optimizer_weight_decay has a default value of 0.0001
DEBUG 2025-11-14 10:15:39 _wrapper.py:168 wrapped field at optimizer_lr_backbone has a default value of 1e-05
DEBUG 2025-11-14 10:15:39 ocstring.py:253 Warning: Unable to parse attribute docstring:             current step and additional steps going back).
DEBUG 2025-11-14 10:15:39 _wrapper.py:309 Arg options for field 'n_obs_steps': {'required': False, 'dest': 'n_obs_steps', 'default': 1, 'help': ' ', 'type': <class 'int'>}
DEBUG 2025-11-14 10:15:39 ocstring.py:253 Warning: Unable to parse attribute docstring:         default_factory=lambda: {
DEBUG 2025-11-14 10:15:39 _wrapper.py:309 Arg options for field 'normalization_mapping': {'required': False, 'dest': 'normalization_mapping', 'default': {'VISUAL': <NormalizationMode.MEAN_STD: 'MEAN_STD'>, 'STATE': <NormalizationMode.MEAN_STD: 'MEAN_STD'>, 'ACTION': <NormalizationMode.MEAN_STD: 'MEAN_STD'>}, 'help': ' ', 'type': typing.Dict[str, lerobot.configs.types.NormalizationMode]}
DEBUG 2025-11-14 10:15:39 _wrapper.py:309 Arg options for field 'input_features': {'required': False, 'dest': 'input_features', 'default': {}, 'help': ' ', 'type': typing.Dict[str, lerobot.configs.types.PolicyFeature]}
DEBUG 2025-11-14 10:15:39 _wrapper.py:309 Arg options for field 'output_features': {'required': False, 'dest': 'output_features', 'default': {}, 'help': ' ', 'type': typing.Dict[str, lerobot.configs.types.PolicyFeature]}
DEBUG 2025-11-14 10:15:39 _wrapper.py:309 Arg options for field 'device': {'required': False, 'dest': 'device', 'default': None, 'help': 'cuda | cpu | mp', 'type': typing.Optional[str]}
DEBUG 2025-11-14 10:15:39 _wrapper.py:309 Arg options for field 'use_amp': {'required': False, 'dest': 'use_amp', 'default': False, 'help': '`use_amp` determines whether to use Automatic Mixed Precision (AMP) for training and evaluation. With AMP,\nautomatic gradient scaling is used.', 'type': <class 'bool'>}
DEBUG 2025-11-14 10:15:39 _wrapper.py:309 Arg options for field 'push_to_hub': {'required': False, 'dest': 'push_to_hub', 'default': True, 'help': ' ', 'type': <class 'bool'>}
DEBUG 2025-11-14 10:15:39 _wrapper.py:309 Arg options for field 'repo_id': {'required': False, 'dest': 'repo_id', 'default': None, 'type': typing.Optional[str]}
DEBUG 2025-11-14 10:15:39 _wrapper.py:309 Arg options for field 'private': {'required': False, 'dest': 'private', 'default': None, 'help': 'Upload on private repository on the Hugging Face hub.', 'type': typing.Optional[bool]}
DEBUG 2025-11-14 10:15:39 _wrapper.py:309 Arg options for field 'tags': {'required': False, 'dest': 'tags', 'default': None, 'help': 'Add tags to your policy on the hub.', 'type': typing.Optional[typing.List[str]]}
DEBUG 2025-11-14 10:15:39 _wrapper.py:309 Arg options for field 'license': {'required': False, 'dest': 'license', 'default': None, 'help': 'Add tags to your policy on the hub.', 'type': typing.Optional[str]}
DEBUG 2025-11-14 10:15:39 _wrapper.py:309 Arg options for field 'chunk_size': {'required': False, 'dest': 'chunk_size', 'default': 100, 'help': ' ', 'type': <class 'int'>}
DEBUG 2025-11-14 10:15:39 ocstring.py:253 Warning: Unable to parse attribute docstring:             This should be no greater than the chunk size. For example, if the chunk size size 100, you may
DEBUG 2025-11-14 10:15:39 _wrapper.py:309 Arg options for field 'n_action_steps': {'required': False, 'dest': 'n_action_steps', 'default': 100, 'help': ' ', 'type': <class 'int'>}
DEBUG 2025-11-14 10:15:39 _wrapper.py:309 Arg options for field 'vision_backbone': {'required': False, 'dest': 'vision_backbone', 'default': 'resnet18', 'help': ' ', 'type': <class 'str'>}
DEBUG 2025-11-14 10:15:39 ocstring.py:253 Warning: Unable to parse attribute docstring:             `None` means no pretrained weights.
DEBUG 2025-11-14 10:15:39 _wrapper.py:309 Arg options for field 'pretrained_backbone_weights': {'required': False, 'dest': 'pretrained_backbone_weights', 'default': 'ResNet18_Weights.IMAGENET1K_V1', 'help': ' ', 'type': typing.Optional[str]}
DEBUG 2025-11-14 10:15:39 ocstring.py:253 Warning: Unable to parse attribute docstring:             convolution.
DEBUG 2025-11-14 10:15:39 _wrapper.py:309 Arg options for field 'replace_final_stride_with_dilation': {'required': False, 'dest': 'replace_final_stride_with_dilation', 'default': False, 'help': ' ', 'type': <class 'int'>}
DEBUG 2025-11-14 10:15:39 _wrapper.py:309 Arg options for field 'pre_norm': {'required': False, 'dest': 'pre_norm', 'default': False, 'help': ' ', 'type': <class 'bool'>}
DEBUG 2025-11-14 10:15:39 _wrapper.py:309 Arg options for field 'dim_model': {'required': False, 'dest': 'dim_model', 'default': 512, 'help': ' ', 'type': <class 'int'>}
DEBUG 2025-11-14 10:15:39 _wrapper.py:309 Arg options for field 'n_heads': {'required': False, 'dest': 'n_heads', 'default': 8, 'help': ' ', 'type': <class 'int'>}
DEBUG 2025-11-14 10:15:39 ocstring.py:253 Warning: Unable to parse attribute docstring:             layers.
DEBUG 2025-11-14 10:15:39 _wrapper.py:309 Arg options for field 'dim_feedforward': {'required': False, 'dest': 'dim_feedforward', 'default': 3200, 'help': ' ', 'type': <class 'int'>}
DEBUG 2025-11-14 10:15:39 _wrapper.py:309 Arg options for field 'feedforward_activation': {'required': False, 'dest': 'feedforward_activation', 'default': 'relu', 'help': ' ', 'type': <class 'str'>}
DEBUG 2025-11-14 10:15:39 _wrapper.py:309 Arg options for field 'n_encoder_layers': {'required': False, 'dest': 'n_encoder_layers', 'default': 4, 'help': ' ', 'type': <class 'int'>}
DEBUG 2025-11-14 10:15:39 _wrapper.py:309 Arg options for field 'n_decoder_layers': {'required': False, 'dest': 'n_decoder_layers', 'default': 1, 'help': ' ', 'type': <class 'int'>}
DEBUG 2025-11-14 10:15:39 ocstring.py:253 Warning: Unable to parse attribute docstring:             which is used as the VAE's encoder (not to be confused with the transformer encoder - see
DEBUG 2025-11-14 10:15:39 _wrapper.py:309 Arg options for field 'use_vae': {'required': False, 'dest': 'use_vae', 'default': True, 'help': ' ', 'type': <class 'bool'>}
DEBUG 2025-11-14 10:15:39 _wrapper.py:309 Arg options for field 'latent_dim': {'required': False, 'dest': 'latent_dim', 'default': 32, 'help': '\n', 'type': <class 'int'>}
DEBUG 2025-11-14 10:15:39 _wrapper.py:309 Arg options for field 'n_vae_encoder_layers': {'required': False, 'dest': 'n_vae_encoder_layers', 'default': 4, 'help': ' ', 'type': <class 'int'>}
DEBUG 2025-11-14 10:15:39 ocstring.py:253 Warning: Unable to parse attribute docstring:             ensembling. Defaults to None which means temporal ensembling is not used. `n_action_steps` must be
DEBUG 2025-11-14 10:15:39 _wrapper.py:309 Arg options for field 'temporal_ensemble_coeff': {'required': False, 'dest': 'temporal_ensemble_coeff', 'default': None, 'type': typing.Optional[float]}
DEBUG 2025-11-14 10:15:39 _wrapper.py:309 Arg options for field 'dropout': {'required': False, 'dest': 'dropout', 'default': 0.1, 'help': '\n\n', 'type': <class 'float'>}
DEBUG 2025-11-14 10:15:39 _wrapper.py:309 Arg options for field 'kl_weight': {'required': False, 'dest': 'kl_weight', 'default': 10.0, 'help': ' ', 'type': <class 'float'>}
DEBUG 2025-11-14 10:15:39 _wrapper.py:309 Arg options for field 'optimizer_lr': {'required': False, 'dest': 'optimizer_lr', 'default': 1e-05, 'help': 'Training preset', 'type': <class 'float'>}
DEBUG 2025-11-14 10:15:39 _wrapper.py:309 Arg options for field 'optimizer_weight_decay': {'required': False, 'dest': 'optimizer_weight_decay', 'default': 0.0001, 'help': ' ', 'type': <class 'float'>}
DEBUG 2025-11-14 10:15:39 _wrapper.py:309 Arg options for field 'optimizer_lr_backbone': {'required': False, 'dest': 'optimizer_lr_backbone', 'default': 1e-05, 'help': ' ', 'type': <class 'float'>}
DEBUG 2025-11-14 10:15:39 gparsing.py:143 
POST PROCESSING

DEBUG 2025-11-14 10:15:39 gparsing.py:144 (raw) parsed args: Namespace()
DEBUG 2025-11-14 10:15:39 decoding.py:112 from_dict for <class 'lerobot.policies.act.configuration_act.ACTConfig'>
DEBUG 2025-11-14 10:15:39 decoding.py:132 Decode name = n_obs_steps, type = <class 'int'>
DEBUG 2025-11-14 10:15:39 decoding.py:132 Decode name = normalization_mapping, type = dict[str, lerobot.configs.types.NormalizationMode]
DEBUG 2025-11-14 10:15:39 decoding.py:132 Decode name = input_features, type = dict[str, lerobot.configs.types.PolicyFeature]
DEBUG 2025-11-14 10:15:39 decoding.py:112 from_dict for <class 'lerobot.configs.types.PolicyFeature'>
DEBUG 2025-11-14 10:15:39 decoding.py:132 Decode name = type, type = <enum 'FeatureType'>
DEBUG 2025-11-14 10:15:39 decoding.py:132 Decode name = shape, type = <class 'tuple'>
DEBUG 2025-11-14 10:15:39 decoding.py:112 from_dict for <class 'lerobot.configs.types.PolicyFeature'>
DEBUG 2025-11-14 10:15:39 decoding.py:132 Decode name = type, type = <enum 'FeatureType'>
DEBUG 2025-11-14 10:15:39 decoding.py:132 Decode name = shape, type = <class 'tuple'>
DEBUG 2025-11-14 10:15:39 decoding.py:132 Decode name = output_features, type = dict[str, lerobot.configs.types.PolicyFeature]
DEBUG 2025-11-14 10:15:39 decoding.py:112 from_dict for <class 'lerobot.configs.types.PolicyFeature'>
DEBUG 2025-11-14 10:15:39 decoding.py:132 Decode name = type, type = <enum 'FeatureType'>
DEBUG 2025-11-14 10:15:39 decoding.py:132 Decode name = shape, type = <class 'tuple'>
DEBUG 2025-11-14 10:15:39 decoding.py:132 Decode name = device, type = typing.Optional[str]
DEBUG 2025-11-14 10:15:39 decoding.py:132 Decode name = use_amp, type = <class 'bool'>
DEBUG 2025-11-14 10:15:39 decoding.py:132 Decode name = push_to_hub, type = <class 'bool'>
DEBUG 2025-11-14 10:15:39 decoding.py:132 Decode name = repo_id, type = typing.Optional[str]
DEBUG 2025-11-14 10:15:39 decoding.py:132 Decode name = private, type = typing.Optional[bool]
DEBUG 2025-11-14 10:15:39 decoding.py:132 Decode name = tags, type = typing.Optional[list[str]]
DEBUG 2025-11-14 10:15:39 decoding.py:132 Decode name = license, type = typing.Optional[str]
DEBUG 2025-11-14 10:15:39 decoding.py:132 Decode name = chunk_size, type = <class 'int'>
DEBUG 2025-11-14 10:15:39 decoding.py:132 Decode name = n_action_steps, type = <class 'int'>
DEBUG 2025-11-14 10:15:39 decoding.py:132 Decode name = vision_backbone, type = <class 'str'>
DEBUG 2025-11-14 10:15:39 decoding.py:132 Decode name = pretrained_backbone_weights, type = typing.Optional[str]
DEBUG 2025-11-14 10:15:39 decoding.py:132 Decode name = replace_final_stride_with_dilation, type = <class 'int'>
DEBUG 2025-11-14 10:15:39 decoding.py:132 Decode name = pre_norm, type = <class 'bool'>
DEBUG 2025-11-14 10:15:39 decoding.py:132 Decode name = dim_model, type = <class 'int'>
DEBUG 2025-11-14 10:15:39 decoding.py:132 Decode name = n_heads, type = <class 'int'>
DEBUG 2025-11-14 10:15:39 decoding.py:132 Decode name = dim_feedforward, type = <class 'int'>
DEBUG 2025-11-14 10:15:39 decoding.py:132 Decode name = feedforward_activation, type = <class 'str'>
DEBUG 2025-11-14 10:15:39 decoding.py:132 Decode name = n_encoder_layers, type = <class 'int'>
DEBUG 2025-11-14 10:15:39 decoding.py:132 Decode name = n_decoder_layers, type = <class 'int'>
DEBUG 2025-11-14 10:15:39 decoding.py:132 Decode name = use_vae, type = <class 'bool'>
DEBUG 2025-11-14 10:15:39 decoding.py:132 Decode name = latent_dim, type = <class 'int'>
DEBUG 2025-11-14 10:15:39 decoding.py:132 Decode name = n_vae_encoder_layers, type = <class 'int'>
DEBUG 2025-11-14 10:15:39 decoding.py:132 Decode name = temporal_ensemble_coeff, type = typing.Optional[float]
DEBUG 2025-11-14 10:15:39 decoding.py:132 Decode name = dropout, type = <class 'float'>
DEBUG 2025-11-14 10:15:39 decoding.py:132 Decode name = kl_weight, type = <class 'float'>
DEBUG 2025-11-14 10:15:39 decoding.py:132 Decode name = optimizer_lr, type = <class 'float'>
DEBUG 2025-11-14 10:15:39 decoding.py:132 Decode name = optimizer_weight_decay, type = <class 'float'>
DEBUG 2025-11-14 10:15:39 decoding.py:132 Decode name = optimizer_lr_backbone, type = <class 'float'>
INFO 2025-11-14 10:15:39 y_server.py:150 Time taken to put policy on cuda: 0.8390 seconds
DEBUG 2025-11-14 10:15:39 y_server.py:199 Client ipv4:127.0.0.1:43280 connected for action streaming
DEBUG 2025-11-14 10:15:40 y_server.py:157 Receiving observations from ipv4:127.0.0.1:43280
INFO 2025-11-14 10:15:40 ort/utils.py:74 <Logger policy_server (NOTSET)> Starting receiver
DEBUG 2025-11-14 10:15:40 ort/utils.py:76 <Logger policy_server (NOTSET)> Received item
DEBUG 2025-11-14 10:15:40 ort/utils.py:93 <Logger policy_server (NOTSET)> Received data at step end size 922170
DEBUG 2025-11-14 10:15:40 y_server.py:167 Received observation #0
INFO 2025-11-14 10:15:40 y_server.py:175 Received observation #0 | Avg FPS: 0.00 | Target: 30.00 | One-way latency: 2.07ms
DEBUG 2025-11-14 10:15:40 y_server.py:182 Server timestamp: 1763086540.678553 | Client timestamp: 1763086540.676484 | Deserialization time: 0.004175s
DEBUG 2025-11-14 10:15:40 y_server.py:277 Enqueuing observation. Must go: True | Last processed obs: None
INFO 2025-11-14 10:15:40 y_server.py:205 Running inference for observation #0 (must_go: True)
DEBUG 2025-11-14 10:15:40 y_server.py:157 Receiving observations from ipv4:127.0.0.1:43280
INFO 2025-11-14 10:15:40 ort/utils.py:74 <Logger policy_server (NOTSET)> Starting receiver
DEBUG 2025-11-14 10:15:40 ort/utils.py:76 <Logger policy_server (NOTSET)> Received item
DEBUG 2025-11-14 10:15:40 ort/utils.py:93 <Logger policy_server (NOTSET)> Received data at step end size 922170
DEBUG 2025-11-14 10:15:40 y_server.py:167 Received observation #0
INFO 2025-11-14 10:15:40 y_server.py:175 Received observation #0 | Avg FPS: 91.66 | Target: 30.00 | One-way latency: 0.81ms
DEBUG 2025-11-14 10:15:40 y_server.py:182 Server timestamp: 1763086540.688209 | Client timestamp: 1763086540.687394 | Deserialization time: 0.002580s
DEBUG 2025-11-14 10:15:40 y_server.py:255 Skipping observation #0 - Timestep predicted already!
INFO 2025-11-14 10:15:40 y_server.py:191 Observation #0 has been filtered out
DEBUG 2025-11-14 10:15:40 y_server.py:157 Receiving observations from ipv4:127.0.0.1:43280
INFO 2025-11-14 10:15:40 ort/utils.py:74 <Logger policy_server (NOTSET)> Starting receiver
DEBUG 2025-11-14 10:15:40 ort/utils.py:76 <Logger policy_server (NOTSET)> Received item
DEBUG 2025-11-14 10:15:40 ort/utils.py:93 <Logger policy_server (NOTSET)> Received data at step end size 922170
DEBUG 2025-11-14 10:15:40 y_server.py:167 Received observation #0
INFO 2025-11-14 10:15:40 y_server.py:175 Received observation #0 | Avg FPS: 35.28 | Target: 30.00 | One-way latency: 1.14ms
DEBUG 2025-11-14 10:15:40 y_server.py:182 Server timestamp: 1763086540.734319 | Client timestamp: 1763086540.733174 | Deserialization time: 0.002728s
DEBUG 2025-11-14 10:15:40 y_server.py:255 Skipping observation #0 - Timestep predicted already!
INFO 2025-11-14 10:15:40 y_server.py:191 Observation #0 has been filtered out
DEBUG 2025-11-14 10:15:40 y_server.py:157 Receiving observations from ipv4:127.0.0.1:43280
INFO 2025-11-14 10:15:40 ort/utils.py:74 <Logger policy_server (NOTSET)> Starting receiver
DEBUG 2025-11-14 10:15:40 ort/utils.py:76 <Logger policy_server (NOTSET)> Received item
DEBUG 2025-11-14 10:15:40 ort/utils.py:93 <Logger policy_server (NOTSET)> Received data at step end size 922170
DEBUG 2025-11-14 10:15:40 y_server.py:167 Received observation #0
INFO 2025-11-14 10:15:40 y_server.py:175 Received observation #0 | Avg FPS: 32.38 | Target: 30.00 | One-way latency: 1.23ms
DEBUG 2025-11-14 10:15:40 y_server.py:182 Server timestamp: 1763086540.770365 | Client timestamp: 1763086540.769131 | Deserialization time: 0.001614s
DEBUG 2025-11-14 10:15:40 y_server.py:255 Skipping observation #0 - Timestep predicted already!
INFO 2025-11-14 10:15:40 y_server.py:191 Observation #0 has been filtered out
DEBUG 2025-11-14 10:15:40 y_server.py:157 Receiving observations from ipv4:127.0.0.1:43280
INFO 2025-11-14 10:15:40 ort/utils.py:74 <Logger policy_server (NOTSET)> Starting receiver
DEBUG 2025-11-14 10:15:40 ort/utils.py:76 <Logger policy_server (NOTSET)> Received item
DEBUG 2025-11-14 10:15:40 ort/utils.py:93 <Logger policy_server (NOTSET)> Received data at step end size 922170
DEBUG 2025-11-14 10:15:40 y_server.py:167 Received observation #0
INFO 2025-11-14 10:15:40 y_server.py:175 Received observation #0 | Avg FPS: 32.05 | Target: 30.00 | One-way latency: 1.29ms
DEBUG 2025-11-14 10:15:40 y_server.py:182 Server timestamp: 1763086540.802576 | Client timestamp: 1763086540.801290 | Deserialization time: 0.002610s
DEBUG 2025-11-14 10:15:40 y_server.py:255 Skipping observation #0 - Timestep predicted already!
INFO 2025-11-14 10:15:40 y_server.py:191 Observation #0 has been filtered out
DEBUG 2025-11-14 10:15:40 y_server.py:157 Receiving observations from ipv4:127.0.0.1:43280
INFO 2025-11-14 10:15:40 ort/utils.py:74 <Logger policy_server (NOTSET)> Starting receiver
DEBUG 2025-11-14 10:15:40 ort/utils.py:76 <Logger policy_server (NOTSET)> Received item
DEBUG 2025-11-14 10:15:40 ort/utils.py:93 <Logger policy_server (NOTSET)> Received data at step end size 922170
DEBUG 2025-11-14 10:15:40 y_server.py:167 Received observation #0
INFO 2025-11-14 10:15:40 y_server.py:175 Received observation #0 | Avg FPS: 31.93 | Target: 30.00 | One-way latency: 1.24ms
DEBUG 2025-11-14 10:15:40 y_server.py:182 Server timestamp: 1763086540.834336 | Client timestamp: 1763086540.833095 | Deserialization time: 0.002352s
DEBUG 2025-11-14 10:15:40 y_server.py:255 Skipping observation #0 - Timestep predicted already!
INFO 2025-11-14 10:15:40 y_server.py:191 Observation #0 has been filtered out
DEBUG 2025-11-14 10:15:40 y_server.py:157 Receiving observations from ipv4:127.0.0.1:43280
INFO 2025-11-14 10:15:40 ort/utils.py:74 <Logger policy_server (NOTSET)> Starting receiver
DEBUG 2025-11-14 10:15:40 ort/utils.py:76 <Logger policy_server (NOTSET)> Received item
DEBUG 2025-11-14 10:15:40 ort/utils.py:93 <Logger policy_server (NOTSET)> Received data at step end size 922170
DEBUG 2025-11-14 10:15:40 y_server.py:167 Received observation #0
INFO 2025-11-14 10:15:40 y_server.py:175 Received observation #0 | Avg FPS: 31.14 | Target: 30.00 | One-way latency: 1.14ms
INFO 2025-11-14 10:15:40 y_server.py:355 Observation 0 |Inference time: 189.51ms
DEBUG 2025-11-14 10:15:40 y_server.py:182 Server timestamp: 1763086540.870305 | Client timestamp: 1763086540.869164 | Deserialization time: 0.002502s
DEBUG 2025-11-14 10:15:40 y_server.py:361 Observation 0 | Preprocessing time: -6072320.45ms | Inference time: 186.12ms | Postprocessing time: -186.97ms | Total time: -6072321.30ms
DEBUG 2025-11-14 10:15:40 y_server.py:255 Skipping observation #0 - Timestep predicted already!
INFO 2025-11-14 10:15:40 y_server.py:191 Observation #0 has been filtered out
INFO 2025-11-14 10:15:40 y_server.py:223 Action chunk #0 generated | Total time: 192.79ms
DEBUG 2025-11-14 10:15:40 y_server.py:228 Action chunk #0 generated | Inference time: 0.19s |Serialize time: 0.00s |Total time: 0.19s
DEBUG 2025-11-14 10:15:40 y_server.py:199 Client ipv4:127.0.0.1:43280 connected for action streaming
DEBUG 2025-11-14 10:15:41 y_server.py:157 Receiving observations from ipv4:127.0.0.1:43280
INFO 2025-11-14 10:15:41 ort/utils.py:74 <Logger policy_server (NOTSET)> Starting receiver
DEBUG 2025-11-14 10:15:41 ort/utils.py:76 <Logger policy_server (NOTSET)> Received item
DEBUG 2025-11-14 10:15:41 ort/utils.py:93 <Logger policy_server (NOTSET)> Received data at step end size 922170
DEBUG 2025-11-14 10:15:41 y_server.py:167 Received observation #24
INFO 2025-11-14 10:15:41 y_server.py:175 Received observation #24 | Avg FPS: 6.82 | Target: 30.00 | One-way latency: 1.09ms
DEBUG 2025-11-14 10:15:41 y_server.py:182 Server timestamp: 1763086541.703481 | Client timestamp: 1763086541.702390 | Deserialization time: 0.003105s
DEBUG 2025-11-14 10:15:41 y_server.py:277 Enqueuing observation. Must go: False | Last processed obs: 0
INFO 2025-11-14 10:15:41 y_server.py:205 Running inference for observation #24 (must_go: False)
INFO 2025-11-14 10:15:41 y_server.py:355 Observation 24 |Inference time: 13.17ms
DEBUG 2025-11-14 10:15:41 y_server.py:361 Observation 24 | Preprocessing time: -6073341.97ms | Inference time: 5.88ms | Postprocessing time: -9.36ms | Total time: -6073345.45ms
INFO 2025-11-14 10:15:41 y_server.py:223 Action chunk #24 generated | Total time: 16.06ms
DEBUG 2025-11-14 10:15:41 y_server.py:228 Action chunk #24 generated | Inference time: 0.01s |Serialize time: 0.00s |Total time: 0.02s
DEBUG 2025-11-14 10:15:41 y_server.py:199 Client ipv4:127.0.0.1:43280 connected for action streaming
DEBUG 2025-11-14 10:15:41 y_server.py:157 Receiving observations from ipv4:127.0.0.1:43280
INFO 2025-11-14 10:15:41 ort/utils.py:74 <Logger policy_server (NOTSET)> Starting receiver
DEBUG 2025-11-14 10:15:41 ort/utils.py:76 <Logger policy_server (NOTSET)> Received item
DEBUG 2025-11-14 10:15:41 ort/utils.py:93 <Logger policy_server (NOTSET)> Received data at step end size 922170
DEBUG 2025-11-14 10:15:41 y_server.py:167 Received observation #25
INFO 2025-11-14 10:15:41 y_server.py:175 Received observation #25 | Avg FPS: 7.53 | Target: 30.00 | One-way latency: 0.82ms
DEBUG 2025-11-14 10:15:41 y_server.py:182 Server timestamp: 1763086541.739072 | Client timestamp: 1763086541.738250 | Deserialization time: 0.001824s
DEBUG 2025-11-14 10:15:41 y_server.py:277 Enqueuing observation. Must go: False | Last processed obs: 24
INFO 2025-11-14 10:15:41 y_server.py:205 Running inference for observation #25 (must_go: False)
INFO 2025-11-14 10:15:41 y_server.py:355 Observation 25 |Inference time: 13.13ms
DEBUG 2025-11-14 10:15:41 y_server.py:361 Observation 25 | Preprocessing time: -6073377.19ms | Inference time: 7.86ms | Postprocessing time: -10.30ms | Total time: -6073379.63ms
INFO 2025-11-14 10:15:41 y_server.py:223 Action chunk #25 generated | Total time: 16.03ms
DEBUG 2025-11-14 10:15:41 y_server.py:228 Action chunk #25 generated | Inference time: 0.01s |Serialize time: 0.00s |Total time: 0.02s
DEBUG 2025-11-14 10:15:41 y_server.py:199 Client ipv4:127.0.0.1:43280 connected for action streaming
DEBUG 2025-11-14 10:15:42 y_server.py:157 Receiving observations from ipv4:127.0.0.1:43280
INFO 2025-11-14 10:15:42 ort/utils.py:74 <Logger policy_server (NOTSET)> Starting receiver
DEBUG 2025-11-14 10:15:42 ort/utils.py:76 <Logger policy_server (NOTSET)> Received item
DEBUG 2025-11-14 10:15:42 ort/utils.py:93 <Logger policy_server (NOTSET)> Received data at step end size 922170
DEBUG 2025-11-14 10:15:42 y_server.py:167 Received observation #49
INFO 2025-11-14 10:15:42 y_server.py:175 Received observation #49 | Avg FPS: 4.74 | Target: 30.00 | One-way latency: 1.09ms
DEBUG 2025-11-14 10:15:42 y_server.py:182 Server timestamp: 1763086542.575656 | Client timestamp: 1763086542.574565 | Deserialization time: 0.002525s
DEBUG 2025-11-14 10:15:42 y_server.py:277 Enqueuing observation. Must go: False | Last processed obs: 25
INFO 2025-11-14 10:15:42 y_server.py:205 Running inference for observation #49 (must_go: False)
INFO 2025-11-14 10:15:42 y_server.py:355 Observation 49 |Inference time: 12.49ms
DEBUG 2025-11-14 10:15:42 y_server.py:361 Observation 49 | Preprocessing time: -6074214.71ms | Inference time: 7.14ms | Postprocessing time: -9.52ms | Total time: -6074217.09ms
INFO 2025-11-14 10:15:42 y_server.py:223 Action chunk #49 generated | Total time: 18.44ms
DEBUG 2025-11-14 10:15:42 y_server.py:228 Action chunk #49 generated | Inference time: 0.01s |Serialize time: 0.01s |Total time: 0.02s
DEBUG 2025-11-14 10:15:42 y_server.py:199 Client ipv4:127.0.0.1:43280 connected for action streaming
DEBUG 2025-11-14 10:15:42 y_server.py:157 Receiving observations from ipv4:127.0.0.1:43280
INFO 2025-11-14 10:15:42 ort/utils.py:74 <Logger policy_server (NOTSET)> Starting receiver
DEBUG 2025-11-14 10:15:42 ort/utils.py:76 <Logger policy_server (NOTSET)> Received item
DEBUG 2025-11-14 10:15:42 ort/utils.py:93 <Logger policy_server (NOTSET)> Received data at step end size 922170
DEBUG 2025-11-14 10:15:42 y_server.py:167 Received observation #50
INFO 2025-11-14 10:15:42 y_server.py:175 Received observation #50 | Avg FPS: 5.18 | Target: 30.00 | One-way latency: 0.70ms
DEBUG 2025-11-14 10:15:42 y_server.py:182 Server timestamp: 1763086542.608815 | Client timestamp: 1763086542.608110 | Deserialization time: 0.001974s
DEBUG 2025-11-14 10:15:42 y_server.py:259 Skipping observation #50 - Observation too similar to last obs predicted!
INFO 2025-11-14 10:15:42 y_server.py:191 Observation #50 has been filtered out
DEBUG 2025-11-14 10:15:43 y_server.py:157 Receiving observations from ipv4:127.0.0.1:43280
INFO 2025-11-14 10:15:43 ort/utils.py:74 <Logger policy_server (NOTSET)> Starting receiver
DEBUG 2025-11-14 10:15:43 ort/utils.py:76 <Logger policy_server (NOTSET)> Received item
DEBUG 2025-11-14 10:15:43 ort/utils.py:93 <Logger policy_server (NOTSET)> Received data at step end size 922170
DEBUG 2025-11-14 10:15:43 y_server.py:167 Received observation #73
INFO 2025-11-14 10:15:43 y_server.py:175 Received observation #73 | Avg FPS: 4.07 | Target: 30.00 | One-way latency: 0.79ms
DEBUG 2025-11-14 10:15:43 y_server.py:182 Server timestamp: 1763086543.379650 | Client timestamp: 1763086543.378862 | Deserialization time: 0.002552s
DEBUG 2025-11-14 10:15:43 y_server.py:277 Enqueuing observation. Must go: False | Last processed obs: 49
INFO 2025-11-14 10:15:43 y_server.py:205 Running inference for observation #73 (must_go: False)
INFO 2025-11-14 10:15:43 y_server.py:355 Observation 73 |Inference time: 12.06ms
DEBUG 2025-11-14 10:15:43 y_server.py:361 Observation 73 | Preprocessing time: -6075018.55ms | Inference time: 6.95ms | Postprocessing time: -9.32ms | Total time: -6075020.92ms
INFO 2025-11-14 10:15:43 y_server.py:223 Action chunk #73 generated | Total time: 15.15ms
DEBUG 2025-11-14 10:15:43 y_server.py:228 Action chunk #73 generated | Inference time: 0.01s |Serialize time: 0.00s |Total time: 0.02s
DEBUG 2025-11-14 10:15:43 y_server.py:199 Client ipv4:127.0.0.1:43280 connected for action streaming
DEBUG 2025-11-14 10:15:44 y_server.py:157 Receiving observations from ipv4:127.0.0.1:43280
INFO 2025-11-14 10:15:44 ort/utils.py:74 <Logger policy_server (NOTSET)> Starting receiver
DEBUG 2025-11-14 10:15:44 ort/utils.py:76 <Logger policy_server (NOTSET)> Received item
DEBUG 2025-11-14 10:15:44 ort/utils.py:93 <Logger policy_server (NOTSET)> Received data at step end size 922170
DEBUG 2025-11-14 10:15:44 y_server.py:167 Received observation #97
INFO 2025-11-14 10:15:44 y_server.py:175 Received observation #97 | Avg FPS: 3.39 | Target: 30.00 | One-way latency: 0.78ms
DEBUG 2025-11-14 10:15:44 y_server.py:182 Server timestamp: 1763086544.214046 | Client timestamp: 1763086544.213264 | Deserialization time: 0.003329s
DEBUG 2025-11-14 10:15:44 y_server.py:277 Enqueuing observation. Must go: False | Last processed obs: 73
INFO 2025-11-14 10:15:44 y_server.py:205 Running inference for observation #97 (must_go: False)
INFO 2025-11-14 10:15:44 y_server.py:355 Observation 97 |Inference time: 13.59ms
DEBUG 2025-11-14 10:15:44 y_server.py:361 Observation 97 | Preprocessing time: -6075852.60ms | Inference time: 6.01ms | Postprocessing time: -9.52ms | Total time: -6075856.12ms
INFO 2025-11-14 10:15:44 y_server.py:223 Action chunk #97 generated | Total time: 17.12ms
DEBUG 2025-11-14 10:15:44 y_server.py:228 Action chunk #97 generated | Inference time: 0.01s |Serialize time: 0.00s |Total time: 0.02s
DEBUG 2025-11-14 10:15:44 y_server.py:199 Client ipv4:127.0.0.1:43280 connected for action streaming
DEBUG 2025-11-14 10:15:45 y_server.py:157 Receiving observations from ipv4:127.0.0.1:43280
INFO 2025-11-14 10:15:45 ort/utils.py:74 <Logger policy_server (NOTSET)> Starting receiver
DEBUG 2025-11-14 10:15:45 ort/utils.py:76 <Logger policy_server (NOTSET)> Received item
DEBUG 2025-11-14 10:15:45 ort/utils.py:93 <Logger policy_server (NOTSET)> Received data at step end size 922170
DEBUG 2025-11-14 10:15:45 y_server.py:167 Received observation #121
INFO 2025-11-14 10:15:45 y_server.py:175 Received observation #121 | Avg FPS: 2.97 | Target: 30.00 | One-way latency: 1.19ms
DEBUG 2025-11-14 10:15:45 y_server.py:182 Server timestamp: 1763086545.048214 | Client timestamp: 1763086545.047024 | Deserialization time: 0.002139s
DEBUG 2025-11-14 10:15:45 y_server.py:277 Enqueuing observation. Must go: False | Last processed obs: 97
INFO 2025-11-14 10:15:45 y_server.py:205 Running inference for observation #121 (must_go: False)
INFO 2025-11-14 10:15:45 y_server.py:355 Observation 121 |Inference time: 12.17ms
DEBUG 2025-11-14 10:15:45 y_server.py:361 Observation 121 | Preprocessing time: -6076686.94ms | Inference time: 6.59ms | Postprocessing time: -9.11ms | Total time: -6076689.45ms
INFO 2025-11-14 10:15:45 y_server.py:223 Action chunk #121 generated | Total time: 18.33ms
DEBUG 2025-11-14 10:15:45 y_server.py:228 Action chunk #121 generated | Inference time: 0.01s |Serialize time: 0.01s |Total time: 0.02s
DEBUG 2025-11-14 10:15:45 y_server.py:199 Client ipv4:127.0.0.1:43280 connected for action streaming
DEBUG 2025-11-14 10:15:45 y_server.py:157 Receiving observations from ipv4:127.0.0.1:43280
INFO 2025-11-14 10:15:45 ort/utils.py:74 <Logger policy_server (NOTSET)> Starting receiver
DEBUG 2025-11-14 10:15:45 ort/utils.py:76 <Logger policy_server (NOTSET)> Received item
DEBUG 2025-11-14 10:15:45 ort/utils.py:93 <Logger policy_server (NOTSET)> Received data at step end size 922170
DEBUG 2025-11-14 10:15:45 y_server.py:167 Received observation #145
INFO 2025-11-14 10:15:45 y_server.py:175 Received observation #145 | Avg FPS: 2.69 | Target: 30.00 | One-way latency: 1.02ms
DEBUG 2025-11-14 10:15:45 y_server.py:182 Server timestamp: 1763086545.887181 | Client timestamp: 1763086545.886166 | Deserialization time: 0.002140s
DEBUG 2025-11-14 10:15:45 y_server.py:277 Enqueuing observation. Must go: False | Last processed obs: 121
INFO 2025-11-14 10:15:45 y_server.py:205 Running inference for observation #145 (must_go: False)
INFO 2025-11-14 10:15:45 y_server.py:355 Observation 145 |Inference time: 11.88ms
DEBUG 2025-11-14 10:15:45 y_server.py:361 Observation 145 | Preprocessing time: -6077526.15ms | Inference time: 7.27ms | Postprocessing time: -9.33ms | Total time: -6077528.21ms
INFO 2025-11-14 10:15:45 y_server.py:223 Action chunk #145 generated | Total time: 16.93ms
DEBUG 2025-11-14 10:15:45 y_server.py:228 Action chunk #145 generated | Inference time: 0.01s |Serialize time: 0.00s |Total time: 0.02s
DEBUG 2025-11-14 10:15:45 y_server.py:199 Client ipv4:127.0.0.1:43280 connected for action streaming
DEBUG 2025-11-14 10:15:46 y_server.py:157 Receiving observations from ipv4:127.0.0.1:43280
INFO 2025-11-14 10:15:46 ort/utils.py:74 <Logger policy_server (NOTSET)> Starting receiver
DEBUG 2025-11-14 10:15:46 ort/utils.py:76 <Logger policy_server (NOTSET)> Received item
DEBUG 2025-11-14 10:15:46 ort/utils.py:93 <Logger policy_server (NOTSET)> Received data at step end size 922170
DEBUG 2025-11-14 10:15:46 y_server.py:167 Received observation #169
INFO 2025-11-14 10:15:46 y_server.py:175 Received observation #169 | Avg FPS: 2.48 | Target: 30.00 | One-way latency: 1.11ms
DEBUG 2025-11-14 10:15:46 y_server.py:182 Server timestamp: 1763086546.727408 | Client timestamp: 1763086546.726295 | Deserialization time: 0.002448s
DEBUG 2025-11-14 10:15:46 y_server.py:277 Enqueuing observation. Must go: False | Last processed obs: 145
INFO 2025-11-14 10:15:46 y_server.py:205 Running inference for observation #169 (must_go: False)
INFO 2025-11-14 10:15:46 y_server.py:355 Observation 169 |Inference time: 14.63ms
DEBUG 2025-11-14 10:15:46 y_server.py:361 Observation 169 | Preprocessing time: -6078366.43ms | Inference time: 9.52ms | Postprocessing time: -11.78ms | Total time: -6078368.70ms
INFO 2025-11-14 10:15:46 y_server.py:223 Action chunk #169 generated | Total time: 20.71ms
DEBUG 2025-11-14 10:15:46 y_server.py:228 Action chunk #169 generated | Inference time: 0.01s |Serialize time: 0.01s |Total time: 0.02s
DEBUG 2025-11-14 10:15:46 y_server.py:199 Client ipv4:127.0.0.1:43280 connected for action streaming
DEBUG 2025-11-14 10:15:46 y_server.py:157 Receiving observations from ipv4:127.0.0.1:43280
INFO 2025-11-14 10:15:46 ort/utils.py:74 <Logger policy_server (NOTSET)> Starting receiver
DEBUG 2025-11-14 10:15:46 ort/utils.py:76 <Logger policy_server (NOTSET)> Received item
DEBUG 2025-11-14 10:15:46 ort/utils.py:93 <Logger policy_server (NOTSET)> Received data at step end size 922170
DEBUG 2025-11-14 10:15:46 y_server.py:167 Received observation #170
INFO 2025-11-14 10:15:46 y_server.py:175 Received observation #170 | Avg FPS: 2.63 | Target: 30.00 | One-way latency: 1.03ms
DEBUG 2025-11-14 10:15:46 y_server.py:182 Server timestamp: 1763086546.761178 | Client timestamp: 1763086546.760145 | Deserialization time: 0.002077s
DEBUG 2025-11-14 10:15:46 y_server.py:259 Skipping observation #170 - Observation too similar to last obs predicted!
INFO 2025-11-14 10:15:46 y_server.py:191 Observation #170 has been filtered out
DEBUG 2025-11-14 10:15:47 y_server.py:157 Receiving observations from ipv4:127.0.0.1:43280
INFO 2025-11-14 10:15:47 ort/utils.py:74 <Logger policy_server (NOTSET)> Starting receiver
DEBUG 2025-11-14 10:15:47 ort/utils.py:76 <Logger policy_server (NOTSET)> Received item
DEBUG 2025-11-14 10:15:47 ort/utils.py:93 <Logger policy_server (NOTSET)> Received data at step end size 922170
DEBUG 2025-11-14 10:15:47 y_server.py:167 Received observation #193
INFO 2025-11-14 10:15:47 y_server.py:175 Received observation #193 | Avg FPS: 2.48 | Target: 30.00 | One-way latency: 1.11ms
DEBUG 2025-11-14 10:15:47 y_server.py:182 Server timestamp: 1763086547.522710 | Client timestamp: 1763086547.521604 | Deserialization time: 0.002641s
DEBUG 2025-11-14 10:15:47 y_server.py:277 Enqueuing observation. Must go: False | Last processed obs: 169
INFO 2025-11-14 10:15:47 y_server.py:205 Running inference for observation #193 (must_go: False)
INFO 2025-11-14 10:15:47 y_server.py:355 Observation 193 |Inference time: 11.64ms
DEBUG 2025-11-14 10:15:47 y_server.py:361 Observation 193 | Preprocessing time: -6079162.36ms | Inference time: 7.23ms | Postprocessing time: -9.25ms | Total time: -6079164.38ms
INFO 2025-11-14 10:15:47 y_server.py:223 Action chunk #193 generated | Total time: 14.54ms
DEBUG 2025-11-14 10:15:47 y_server.py:228 Action chunk #193 generated | Inference time: 0.01s |Serialize time: 0.00s |Total time: 0.01s
DEBUG 2025-11-14 10:15:47 y_server.py:199 Client ipv4:127.0.0.1:43280 connected for action streaming
DEBUG 2025-11-14 10:15:48 y_server.py:157 Receiving observations from ipv4:127.0.0.1:43280
INFO 2025-11-14 10:15:48 ort/utils.py:74 <Logger policy_server (NOTSET)> Starting receiver
DEBUG 2025-11-14 10:15:48 ort/utils.py:76 <Logger policy_server (NOTSET)> Received item
DEBUG 2025-11-14 10:15:48 ort/utils.py:93 <Logger policy_server (NOTSET)> Received data at step end size 922170
DEBUG 2025-11-14 10:15:48 y_server.py:167 Received observation #217
INFO 2025-11-14 10:15:48 y_server.py:175 Received observation #217 | Avg FPS: 2.34 | Target: 30.00 | One-way latency: 1.10ms
DEBUG 2025-11-14 10:15:48 y_server.py:182 Server timestamp: 1763086548.363470 | Client timestamp: 1763086548.362368 | Deserialization time: 0.001920s
DEBUG 2025-11-14 10:15:48 y_server.py:277 Enqueuing observation. Must go: False | Last processed obs: 193
INFO 2025-11-14 10:15:48 y_server.py:205 Running inference for observation #217 (must_go: False)
INFO 2025-11-14 10:15:48 y_server.py:355 Observation 217 |Inference time: 12.33ms
DEBUG 2025-11-14 10:15:48 y_server.py:361 Observation 217 | Preprocessing time: -6080001.64ms | Inference time: 6.81ms | Postprocessing time: -9.41ms | Total time: -6080004.24ms
INFO 2025-11-14 10:15:48 y_server.py:223 Action chunk #217 generated | Total time: 15.20ms
DEBUG 2025-11-14 10:15:48 y_server.py:228 Action chunk #217 generated | Inference time: 0.01s |Serialize time: 0.00s |Total time: 0.02s
DEBUG 2025-11-14 10:15:48 y_server.py:199 Client ipv4:127.0.0.1:43280 connected for action streaming
DEBUG 2025-11-14 10:15:49 y_server.py:157 Receiving observations from ipv4:127.0.0.1:43280
INFO 2025-11-14 10:15:49 ort/utils.py:74 <Logger policy_server (NOTSET)> Starting receiver
DEBUG 2025-11-14 10:15:49 ort/utils.py:76 <Logger policy_server (NOTSET)> Received item
DEBUG 2025-11-14 10:15:49 ort/utils.py:93 <Logger policy_server (NOTSET)> Received data at step end size 922170
DEBUG 2025-11-14 10:15:49 y_server.py:167 Received observation #241
INFO 2025-11-14 10:15:49 y_server.py:175 Received observation #241 | Avg FPS: 2.23 | Target: 30.00 | One-way latency: 1.12ms
DEBUG 2025-11-14 10:15:49 y_server.py:182 Server timestamp: 1763086549.209428 | Client timestamp: 1763086549.208308 | Deserialization time: 0.002178s
DEBUG 2025-11-14 10:15:49 y_server.py:277 Enqueuing observation. Must go: False | Last processed obs: 217
INFO 2025-11-14 10:15:49 y_server.py:205 Running inference for observation #241 (must_go: False)
INFO 2025-11-14 10:15:49 y_server.py:355 Observation 241 |Inference time: 12.68ms
DEBUG 2025-11-14 10:15:49 y_server.py:361 Observation 241 | Preprocessing time: -6080847.96ms | Inference time: 7.48ms | Postprocessing time: -9.89ms | Total time: -6080850.37ms
INFO 2025-11-14 10:15:49 y_server.py:223 Action chunk #241 generated | Total time: 15.53ms
DEBUG 2025-11-14 10:15:49 y_server.py:228 Action chunk #241 generated | Inference time: 0.01s |Serialize time: 0.00s |Total time: 0.02s
DEBUG 2025-11-14 10:15:49 y_server.py:199 Client ipv4:127.0.0.1:43280 connected for action streaming
DEBUG 2025-11-14 10:15:49 y_server.py:157 Receiving observations from ipv4:127.0.0.1:43280
INFO 2025-11-14 10:15:49 ort/utils.py:74 <Logger policy_server (NOTSET)> Starting receiver
DEBUG 2025-11-14 10:15:49 ort/utils.py:76 <Logger policy_server (NOTSET)> Received item
DEBUG 2025-11-14 10:15:49 ort/utils.py:93 <Logger policy_server (NOTSET)> Received data at step end size 922170
DEBUG 2025-11-14 10:15:49 y_server.py:167 Received observation #242
INFO 2025-11-14 10:15:49 y_server.py:175 Received observation #242 | Avg FPS: 2.34 | Target: 30.00 | One-way latency: 0.85ms
DEBUG 2025-11-14 10:15:49 y_server.py:182 Server timestamp: 1763086549.241919 | Client timestamp: 1763086549.241073 | Deserialization time: 0.002349s
DEBUG 2025-11-14 10:15:49 y_server.py:259 Skipping observation #242 - Observation too similar to last obs predicted!
INFO 2025-11-14 10:15:49 y_server.py:191 Observation #242 has been filtered out
