DEBUG 2025-11-11 13:16:47 d_metavar.py:22 Metavar for type None: None
DEBUG 2025-11-11 13:16:47 formatter.py:52 action type: None, Result: , nargs: 0, default metavar: None
DEBUG 2025-11-11 13:16:47 d_metavar.py:22 Metavar for type <class 'str'>: str
DEBUG 2025-11-11 13:16:47 formatter.py:52 action type: <class 'str'>, Result: str, nargs: None, default metavar: None
DEBUG 2025-11-11 13:16:47 _wrapper.py:168 wrapped field at host has a default value of localhost
DEBUG 2025-11-11 13:16:47 _wrapper.py:168 wrapped field at port has a default value of 8080
DEBUG 2025-11-11 13:16:47 _wrapper.py:168 wrapped field at fps has a default value of 30
DEBUG 2025-11-11 13:16:47 _wrapper.py:168 wrapped field at inference_latency has a default value of 0.03333333333333333
DEBUG 2025-11-11 13:16:47 _wrapper.py:168 wrapped field at obs_queue_timeout has a default value of 2
DEBUG 2025-11-11 13:16:47 _wrapper.py:309 Arg options for field 'host': {'required': False, 'dest': 'host', 'default': 'localhost', 'help': 'Networking configuration', 'type': <class 'str'>}
DEBUG 2025-11-11 13:16:47 _wrapper.py:309 Arg options for field 'port': {'required': False, 'dest': 'port', 'default': 8080, 'help': ' ', 'type': <class 'int'>}
DEBUG 2025-11-11 13:16:48 _wrapper.py:309 Arg options for field 'fps': {'required': False, 'dest': 'fps', 'default': 30, 'help': 'Timing configuration', 'type': <class 'int'>}
DEBUG 2025-11-11 13:16:48 ocstring.py:253 Warning: Unable to parse attribute docstring:         default=DEFAULT_INFERENCE_LATENCY, metadata={"help": "Target inference latency in seconds"}
DEBUG 2025-11-11 13:16:48 _wrapper.py:309 Arg options for field 'inference_latency': {'required': False, 'dest': 'inference_latency', 'default': 0.03333333333333333, 'help': ' ', 'type': <class 'float'>}
DEBUG 2025-11-11 13:16:48 ocstring.py:253 Warning: Unable to parse attribute docstring:         default=DEFAULT_OBS_QUEUE_TIMEOUT, metadata={"help": "Timeout for observation queue in seconds"}
DEBUG 2025-11-11 13:16:48 _wrapper.py:309 Arg options for field 'obs_queue_timeout': {'required': False, 'dest': 'obs_queue_timeout', 'default': 2, 'help': '\n', 'type': <class 'float'>}
DEBUG 2025-11-11 13:16:48 gparsing.py:143 
POST PROCESSING

DEBUG 2025-11-11 13:16:48 gparsing.py:144 (raw) parsed args: Namespace(host='0.0.0.0', port='8888', fps='30', inference_latency='0.033', obs_queue_timeout='1')
DEBUG 2025-11-11 13:16:48 decoding.py:112 from_dict for <class 'lerobot.scripts.server.configs.PolicyServerConfig'>
DEBUG 2025-11-11 13:16:48 decoding.py:132 Decode name = host, type = <class 'str'>
DEBUG 2025-11-11 13:16:48 decoding.py:132 Decode name = port, type = <class 'int'>
DEBUG 2025-11-11 13:16:48 decoding.py:132 Decode name = fps, type = <class 'int'>
DEBUG 2025-11-11 13:16:48 decoding.py:132 Decode name = inference_latency, type = <class 'float'>
DEBUG 2025-11-11 13:16:48 decoding.py:132 Decode name = obs_queue_timeout, type = <class 'float'>
INFO 2025-11-11 13:16:48 y_server.py:384 {'fps': 30,
 'host': '0.0.0.0',
 'inference_latency': 0.033,
 'obs_queue_timeout': 1.0,
 'port': 8888}
INFO 2025-11-11 13:16:48 y_server.py:394 PolicyServer started on 0.0.0.0:8888
