DEBUG 2025-11-12 08:25:20 d_metavar.py:22 Metavar for type None: None
DEBUG 2025-11-12 08:25:20 formatter.py:52 action type: None, Result: , nargs: 0, default metavar: None
DEBUG 2025-11-12 08:25:20 d_metavar.py:22 Metavar for type <class 'str'>: str
DEBUG 2025-11-12 08:25:20 formatter.py:52 action type: <class 'str'>, Result: str, nargs: None, default metavar: None
DEBUG 2025-11-12 08:25:20 _wrapper.py:168 wrapped field at policy_type has a default value of None
DEBUG 2025-11-12 08:25:20 _wrapper.py:168 wrapped field at pretrained_name_or_path has a default value of None
DEBUG 2025-11-12 08:25:20 _wrapper.py:168 wrapped field at actions_per_chunk has a default value of None
DEBUG 2025-11-12 08:25:20 _wrapper.py:168 wrapped field at task has a default value of 
DEBUG 2025-11-12 08:25:20 _wrapper.py:168 wrapped field at server_address has a default value of localhost:8080
DEBUG 2025-11-12 08:25:20 _wrapper.py:168 wrapped field at policy_device has a default value of cpu
DEBUG 2025-11-12 08:25:20 _wrapper.py:168 wrapped field at chunk_size_threshold has a default value of 0.5
DEBUG 2025-11-12 08:25:20 _wrapper.py:168 wrapped field at fps has a default value of 30
DEBUG 2025-11-12 08:25:20 _wrapper.py:168 wrapped field at aggregate_fn_name has a default value of weighted_average
DEBUG 2025-11-12 08:25:20 _wrapper.py:168 wrapped field at debug_visualize_queue_size has a default value of False
DEBUG 2025-11-12 08:25:20 _wrapper.py:168 wrapped field at verify_robot_cameras has a default value of True
DEBUG 2025-11-12 08:25:20 _wrapper.py:309 Arg options for field 'policy_type': {'required': False, 'dest': 'policy_type', 'default': None, 'help': 'Policy configuration', 'type': <class 'str'>}
DEBUG 2025-11-12 08:25:20 _wrapper.py:309 Arg options for field 'pretrained_name_or_path': {'required': False, 'dest': 'pretrained_name_or_path', 'default': None, 'type': <class 'str'>}
DEBUG 2025-11-12 08:25:20 d_metavar.py:22 Metavar for type <class 'str'>: str
DEBUG 2025-11-12 08:25:20 formatter.py:52 action type: <class 'str'>, Result: str, nargs: None, default metavar: None
DEBUG 2025-11-12 08:25:20 _wrapper.py:201 wrapped field at robot.id has a default value of None
DEBUG 2025-11-12 08:25:20 _wrapper.py:201 wrapped field at robot.calibration_dir has a default value of None
DEBUG 2025-11-12 08:25:20 _wrapper.py:168 wrapped field at robot.port has a default value of None
DEBUG 2025-11-12 08:25:20 _wrapper.py:168 wrapped field at robot.disable_torque_on_disconnect has a default value of True
DEBUG 2025-11-12 08:25:20 _wrapper.py:201 wrapped field at robot.max_relative_target has a default value of None
DEBUG 2025-11-12 08:25:20 _wrapper.py:201 wrapped field at robot.cameras has a default value of {}
DEBUG 2025-11-12 08:25:20 _wrapper.py:168 wrapped field at robot.use_degrees has a default value of False
DEBUG 2025-11-12 08:25:20 _wrapper.py:201 wrapped field at robot.id has a default value of None
DEBUG 2025-11-12 08:25:20 _wrapper.py:201 wrapped field at robot.calibration_dir has a default value of None
DEBUG 2025-11-12 08:25:20 _wrapper.py:168 wrapped field at robot.port has a default value of None
DEBUG 2025-11-12 08:25:20 _wrapper.py:168 wrapped field at robot.disable_torque_on_disconnect has a default value of True
DEBUG 2025-11-12 08:25:20 _wrapper.py:201 wrapped field at robot.max_relative_target has a default value of None
DEBUG 2025-11-12 08:25:20 _wrapper.py:201 wrapped field at robot.cameras has a default value of {}
DEBUG 2025-11-12 08:25:20 _wrapper.py:168 wrapped field at robot.use_degrees has a default value of False
DEBUG 2025-11-12 08:25:20 _wrapper.py:201 wrapped field at robot.id has a default value of None
DEBUG 2025-11-12 08:25:20 _wrapper.py:201 wrapped field at robot.calibration_dir has a default value of None
DEBUG 2025-11-12 08:25:20 _wrapper.py:168 wrapped field at robot.port has a default value of None
DEBUG 2025-11-12 08:25:20 _wrapper.py:168 wrapped field at robot.disable_torque_on_disconnect has a default value of True
DEBUG 2025-11-12 08:25:20 _wrapper.py:201 wrapped field at robot.max_relative_target has a default value of None
DEBUG 2025-11-12 08:25:20 _wrapper.py:201 wrapped field at robot.cameras has a default value of {}
DEBUG 2025-11-12 08:25:20 _wrapper.py:168 wrapped field at robot.use_degrees has a default value of False
DEBUG 2025-11-12 08:25:20 _wrapper.py:201 wrapped field at robot.urdf_path has a default value of None
DEBUG 2025-11-12 08:25:20 _wrapper.py:168 wrapped field at robot.target_frame_name has a default value of gripper_frame_link
DEBUG 2025-11-12 08:25:20 _wrapper.py:201 wrapped field at robot.end_effector_bounds has a default value of {'min': [-1.0, -1.0, -1.0], 'max': [1.0, 1.0, 1.0]}
DEBUG 2025-11-12 08:25:20 _wrapper.py:168 wrapped field at robot.max_gripper_pos has a default value of 50
DEBUG 2025-11-12 08:25:20 _wrapper.py:201 wrapped field at robot.end_effector_step_sizes has a default value of {'x': 0.02, 'y': 0.02, 'z': 0.02}
DEBUG 2025-11-12 08:25:20 _wrapper.py:201 wrapped field at robot.id has a default value of None
DEBUG 2025-11-12 08:25:20 _wrapper.py:201 wrapped field at robot.calibration_dir has a default value of None
DEBUG 2025-11-12 08:25:20 _wrapper.py:168 wrapped field at robot.port has a default value of None
DEBUG 2025-11-12 08:25:20 _wrapper.py:168 wrapped field at robot.disable_torque_on_disconnect has a default value of True
DEBUG 2025-11-12 08:25:20 _wrapper.py:201 wrapped field at robot.max_relative_target has a default value of None
DEBUG 2025-11-12 08:25:20 _wrapper.py:201 wrapped field at robot.cameras has a default value of {}
DEBUG 2025-11-12 08:25:20 _wrapper.py:168 wrapped field at robot.use_degrees has a default value of False
DEBUG 2025-11-12 08:25:20 _wrapper.py:201 wrapped field at robot.id has a default value of None
DEBUG 2025-11-12 08:25:20 _wrapper.py:201 wrapped field at robot.calibration_dir has a default value of None
DEBUG 2025-11-12 08:25:20 _wrapper.py:168 wrapped field at robot.port has a default value of None
DEBUG 2025-11-12 08:25:20 _wrapper.py:168 wrapped field at robot.disable_torque_on_disconnect has a default value of True
DEBUG 2025-11-12 08:25:20 _wrapper.py:201 wrapped field at robot.max_relative_target has a default value of None
DEBUG 2025-11-12 08:25:20 _wrapper.py:201 wrapped field at robot.cameras has a default value of {}
DEBUG 2025-11-12 08:25:20 _wrapper.py:168 wrapped field at robot.use_degrees has a default value of False
DEBUG 2025-11-12 08:25:20 _wrapper.py:309 Arg options for field 'id': {'required': False, 'dest': 'robot.id', 'default': None, 'help': 'Allows to distinguish between different robots of the same type', 'type': typing.Optional[str]}
DEBUG 2025-11-12 08:25:20 _wrapper.py:309 Arg options for field 'calibration_dir': {'required': False, 'dest': 'robot.calibration_dir', 'default': None, 'help': 'Directory to store calibration file', 'type': typing.Optional[pathlib.Path]}
DEBUG 2025-11-12 08:25:20 _wrapper.py:309 Arg options for field 'port': {'required': False, 'dest': 'robot.port', 'default': None, 'help': 'Port to connect to the arm', 'type': <class 'str'>}
DEBUG 2025-11-12 08:25:20 _wrapper.py:309 Arg options for field 'disable_torque_on_disconnect': {'required': False, 'dest': 'robot.disable_torque_on_disconnect', 'default': True, 'help': ' ', 'type': <class 'bool'>}
DEBUG 2025-11-12 08:25:20 _wrapper.py:309 Arg options for field 'max_relative_target': {'required': False, 'dest': 'robot.max_relative_target', 'default': None, 'help': '`max_relative_target` limits the magnitude of the relative positional target vector for safety purposes.\nSet this to a positive scalar to have the same value for all motors, or a list that is the same length as\nthe number of motors in your follower arms.', 'type': typing.Optional[int]}
DEBUG 2025-11-12 08:25:20 _wrapper.py:309 Arg options for field 'cameras': {'required': False, 'dest': 'robot.cameras', 'default': {}, 'help': 'cameras', 'type': typing.Dict[str, lerobot.cameras.configs.CameraConfig]}
DEBUG 2025-11-12 08:25:20 _wrapper.py:309 Arg options for field 'use_degrees': {'required': False, 'dest': 'robot.use_degrees', 'default': False, 'help': 'Set to `True` for backward compatibility with previous policies/dataset', 'type': <class 'bool'>}
DEBUG 2025-11-12 08:25:20 _wrapper.py:309 Arg options for field 'id': {'required': False, 'dest': 'robot.id', 'default': None, 'help': 'Allows to distinguish between different robots of the same type', 'type': typing.Optional[str]}
DEBUG 2025-11-12 08:25:20 _wrapper.py:309 Arg options for field 'calibration_dir': {'required': False, 'dest': 'robot.calibration_dir', 'default': None, 'help': 'Directory to store calibration file', 'type': typing.Optional[pathlib.Path]}
DEBUG 2025-11-12 08:25:20 _wrapper.py:309 Arg options for field 'port': {'required': False, 'dest': 'robot.port', 'default': None, 'help': 'Port to connect to the arm', 'type': <class 'str'>}
DEBUG 2025-11-12 08:25:20 _wrapper.py:309 Arg options for field 'disable_torque_on_disconnect': {'required': False, 'dest': 'robot.disable_torque_on_disconnect', 'default': True, 'help': ' ', 'type': <class 'bool'>}
DEBUG 2025-11-12 08:25:20 _wrapper.py:309 Arg options for field 'max_relative_target': {'required': False, 'dest': 'robot.max_relative_target', 'default': None, 'help': '`max_relative_target` limits the magnitude of the relative positional target vector for safety purposes.\nSet this to a positive scalar to have the same value for all motors, or a list that is the same length as\nthe number of motors in your follower arms.', 'type': typing.Optional[int]}
DEBUG 2025-11-12 08:25:20 _wrapper.py:309 Arg options for field 'cameras': {'required': False, 'dest': 'robot.cameras', 'default': {}, 'help': 'cameras', 'type': typing.Dict[str, lerobot.cameras.configs.CameraConfig]}
DEBUG 2025-11-12 08:25:20 _wrapper.py:309 Arg options for field 'use_degrees': {'required': False, 'dest': 'robot.use_degrees', 'default': False, 'help': 'Set to `True` for backward compatibility with previous policies/dataset', 'type': <class 'bool'>}
DEBUG 2025-11-12 08:25:20 _wrapper.py:309 Arg options for field 'id': {'required': False, 'dest': 'robot.id', 'default': None, 'help': 'Allows to distinguish between different robots of the same type', 'type': typing.Optional[str]}
DEBUG 2025-11-12 08:25:20 _wrapper.py:309 Arg options for field 'calibration_dir': {'required': False, 'dest': 'robot.calibration_dir', 'default': None, 'help': 'Directory to store calibration file', 'type': typing.Optional[pathlib.Path]}
DEBUG 2025-11-12 08:25:20 _wrapper.py:309 Arg options for field 'port': {'required': False, 'dest': 'robot.port', 'default': None, 'help': 'Port to connect to the arm', 'type': <class 'str'>}
DEBUG 2025-11-12 08:25:20 _wrapper.py:309 Arg options for field 'disable_torque_on_disconnect': {'required': False, 'dest': 'robot.disable_torque_on_disconnect', 'default': True, 'help': ' ', 'type': <class 'bool'>}
DEBUG 2025-11-12 08:25:20 _wrapper.py:309 Arg options for field 'max_relative_target': {'required': False, 'dest': 'robot.max_relative_target', 'default': None, 'help': '`max_relative_target` limits the magnitude of the relative positional target vector for safety purposes.\nSet this to a positive scalar to have the same value for all motors, or a list that is the same length as\nthe number of motors in your follower arms.', 'type': typing.Optional[int]}
DEBUG 2025-11-12 08:25:20 _wrapper.py:309 Arg options for field 'cameras': {'required': False, 'dest': 'robot.cameras', 'default': {}, 'help': 'cameras', 'type': typing.Dict[str, lerobot.cameras.configs.CameraConfig]}
DEBUG 2025-11-12 08:25:20 _wrapper.py:309 Arg options for field 'use_degrees': {'required': False, 'dest': 'robot.use_degrees', 'default': False, 'help': 'Set to `True` for backward compatibility with previous policies/dataset', 'type': <class 'bool'>}
DEBUG 2025-11-12 08:25:20 _wrapper.py:309 Arg options for field 'urdf_path': {'required': False, 'dest': 'robot.urdf_path', 'default': None, 'help': 'Path to URDF file for kinematics\nNOTE: It is highly recommended to use the urdf in the SO-ARM100 repo:\nhttps://github.com/TheRobotStudio/SO-ARM100/blob/main/Simulation/SO101/so101_new_calib.urdf', 'type': typing.Optional[str]}
DEBUG 2025-11-12 08:25:20 _wrapper.py:309 Arg options for field 'target_frame_name': {'required': False, 'dest': 'robot.target_frame_name', 'default': 'gripper_frame_link', 'help': 'End-effector frame name in the URDF', 'type': <class 'str'>}
DEBUG 2025-11-12 08:25:20 ocstring.py:253 Warning: Unable to parse attribute docstring:         default_factory=lambda: {
DEBUG 2025-11-12 08:25:20 _wrapper.py:309 Arg options for field 'end_effector_bounds': {'required': False, 'dest': 'robot.end_effector_bounds', 'default': {'min': [-1.0, -1.0, -1.0], 'max': [1.0, 1.0, 1.0]}, 'help': 'Default bounds for the end-effector position (in meters)', 'type': typing.Dict[str, typing.List[float]]}
DEBUG 2025-11-12 08:25:20 _wrapper.py:309 Arg options for field 'max_gripper_pos': {'required': False, 'dest': 'robot.max_gripper_pos', 'default': 50, 'help': '\n', 'type': <class 'float'>}
DEBUG 2025-11-12 08:25:20 ocstring.py:253 Warning: Unable to parse attribute docstring:         default_factory=lambda: {
DEBUG 2025-11-12 08:25:20 _wrapper.py:309 Arg options for field 'end_effector_step_sizes': {'required': False, 'dest': 'robot.end_effector_step_sizes', 'default': {'x': 0.02, 'y': 0.02, 'z': 0.02}, 'help': ' ', 'type': typing.Dict[str, float]}
DEBUG 2025-11-12 08:25:20 _wrapper.py:309 Arg options for field 'id': {'required': False, 'dest': 'robot.id', 'default': None, 'help': 'Allows to distinguish between different robots of the same type', 'type': typing.Optional[str]}
DEBUG 2025-11-12 08:25:20 _wrapper.py:309 Arg options for field 'calibration_dir': {'required': False, 'dest': 'robot.calibration_dir', 'default': None, 'help': 'Directory to store calibration file', 'type': typing.Optional[pathlib.Path]}
DEBUG 2025-11-12 08:25:20 _wrapper.py:309 Arg options for field 'port': {'required': False, 'dest': 'robot.port', 'default': None, 'help': 'Port to connect to the arm', 'type': <class 'str'>}
DEBUG 2025-11-12 08:25:20 _wrapper.py:309 Arg options for field 'disable_torque_on_disconnect': {'required': False, 'dest': 'robot.disable_torque_on_disconnect', 'default': True, 'help': ' ', 'type': <class 'bool'>}
DEBUG 2025-11-12 08:25:20 _wrapper.py:309 Arg options for field 'max_relative_target': {'required': False, 'dest': 'robot.max_relative_target', 'default': None, 'help': '`max_relative_target` limits the magnitude of the relative positional target vector for safety purposes.\nSet this to a positive scalar to have the same value for all motors, or a list that is the same length as\nthe number of motors in your follower arms.', 'type': typing.Optional[int]}
DEBUG 2025-11-12 08:25:20 _wrapper.py:309 Arg options for field 'cameras': {'required': False, 'dest': 'robot.cameras', 'default': {}, 'help': 'cameras', 'type': typing.Dict[str, lerobot.cameras.configs.CameraConfig]}
DEBUG 2025-11-12 08:25:20 _wrapper.py:309 Arg options for field 'use_degrees': {'required': False, 'dest': 'robot.use_degrees', 'default': False, 'help': 'Set to `True` for backward compatibility with previous policies/dataset', 'type': <class 'bool'>}
DEBUG 2025-11-12 08:25:20 _wrapper.py:309 Arg options for field 'id': {'required': False, 'dest': 'robot.id', 'default': None, 'help': 'Allows to distinguish between different robots of the same type', 'type': typing.Optional[str]}
DEBUG 2025-11-12 08:25:20 _wrapper.py:309 Arg options for field 'calibration_dir': {'required': False, 'dest': 'robot.calibration_dir', 'default': None, 'help': 'Directory to store calibration file', 'type': typing.Optional[pathlib.Path]}
DEBUG 2025-11-12 08:25:20 _wrapper.py:309 Arg options for field 'port': {'required': False, 'dest': 'robot.port', 'default': None, 'help': 'Port to connect to the arm', 'type': <class 'str'>}
DEBUG 2025-11-12 08:25:20 _wrapper.py:309 Arg options for field 'disable_torque_on_disconnect': {'required': False, 'dest': 'robot.disable_torque_on_disconnect', 'default': True, 'help': ' ', 'type': <class 'bool'>}
DEBUG 2025-11-12 08:25:20 _wrapper.py:309 Arg options for field 'max_relative_target': {'required': False, 'dest': 'robot.max_relative_target', 'default': None, 'help': '`max_relative_target` limits the magnitude of the relative positional target vector for safety purposes.\n`max_relative_target` 用于限制相对位置目标向量的幅值，以保证安全。\nSet this to a positive scalar to have the same value for all motors, or a list that is the same length as\n可以设置为一个正数（所有电机相同），或设置为一个与从动臂电机数量相同长度的列表。\nthe number of motors in your follower arms.', 'type': typing.Optional[int]}
DEBUG 2025-11-12 08:25:20 _wrapper.py:309 Arg options for field 'cameras': {'required': False, 'dest': 'robot.cameras', 'default': {}, 'help': 'cameras', 'type': typing.Dict[str, lerobot.cameras.configs.CameraConfig]}
DEBUG 2025-11-12 08:25:20 _wrapper.py:309 Arg options for field 'use_degrees': {'required': False, 'dest': 'robot.use_degrees', 'default': False, 'help': 'Set to `True` for backward compatibility with previous policies/dataset', 'type': <class 'bool'>}
DEBUG 2025-11-12 08:25:20 _wrapper.py:309 Arg options for field 'actions_per_chunk': {'required': False, 'dest': 'actions_per_chunk', 'default': None, 'help': 'Policies typically output K actions at max, but we can use less to avoid wasting bandwidth (as actions\nwould be aggregated on the client side anyway, depending on the value of `chunk_size_threshold`)', 'type': <class 'int'>}
DEBUG 2025-11-12 08:25:20 _wrapper.py:309 Arg options for field 'task': {'required': False, 'dest': 'task', 'default': '', 'help': "Task instruction for the robot to execute (e.g., 'fold my tshirt')", 'type': <class 'str'>}
DEBUG 2025-11-12 08:25:20 _wrapper.py:309 Arg options for field 'server_address': {'required': False, 'dest': 'server_address', 'default': 'localhost:8080', 'help': 'Network configuration', 'type': <class 'str'>}
DEBUG 2025-11-12 08:25:20 _wrapper.py:309 Arg options for field 'policy_device': {'required': False, 'dest': 'policy_device', 'default': 'cpu', 'help': 'Device configuration', 'type': <class 'str'>}
DEBUG 2025-11-12 08:25:20 _wrapper.py:309 Arg options for field 'chunk_size_threshold': {'required': False, 'dest': 'chunk_size_threshold', 'default': 0.5, 'help': 'Control behavior configuration', 'type': <class 'float'>}
DEBUG 2025-11-12 08:25:20 _wrapper.py:309 Arg options for field 'fps': {'required': False, 'dest': 'fps', 'default': 30, 'help': ' ', 'type': <class 'int'>}
DEBUG 2025-11-12 08:25:20 ocstring.py:253 Warning: Unable to parse attribute docstring:         default="weighted_average",
DEBUG 2025-11-12 08:25:20 _wrapper.py:309 Arg options for field 'aggregate_fn_name': {'required': False, 'dest': 'aggregate_fn_name', 'default': 'weighted_average', 'help': 'Aggregate function configuration (CLI-compatible)', 'type': <class 'str'>}
DEBUG 2025-11-12 08:25:20 ocstring.py:253 Warning: Unable to parse attribute docstring:         default=False, metadata={"help": "Visualize the action queue size"}
DEBUG 2025-11-12 08:25:20 _wrapper.py:309 Arg options for field 'debug_visualize_queue_size': {'required': False, 'dest': 'debug_visualize_queue_size', 'default': False, 'help': '\n\n\nDebug configuration', 'type': <class 'bool'>}
DEBUG 2025-11-12 08:25:20 ocstring.py:253 Warning: Unable to parse attribute docstring:         default=True, metadata={"help": "Verify that the robot cameras match the policy cameras"}
DEBUG 2025-11-12 08:25:20 _wrapper.py:309 Arg options for field 'verify_robot_cameras': {'required': False, 'dest': 'verify_robot_cameras', 'default': True, 'help': '\n\nVerification configuration', 'type': <class 'bool'>}
DEBUG 2025-11-12 08:25:20 gparsing.py:143 
POST PROCESSING

DEBUG 2025-11-12 08:25:20 gparsing.py:144 (raw) parsed args: Namespace(server_address='127.0.0.1:8888', policy_type='act', pretrained_name_or_path='outputs/act1111/checkpoints/last/pretrained_model', policy_device='cuda', actions_per_chunk='50', chunk_size_threshold='0.5', aggregate_fn_name='weighted_average', debug_visualize_queue_size='true', fps='30', **{'robot.type': 'cr5af_follower', 'robot.port': '/dev/ttyACM1', 'robot.id': 'my_awesome_follower_arm', 'robot.disable_torque_on_disconnect': 'true', 'robot.use_degrees': 'false', 'robot.cameras': '{"front": {"type": "opencv", "index_or_path": 2, "width": 640, "height": 480, "fps": 30}}'})
DEBUG 2025-11-12 08:25:20 decoding.py:112 from_dict for <class 'lerobot.scripts.server.configs.RobotClientConfig'>
DEBUG 2025-11-12 08:25:20 decoding.py:132 Decode name = policy_type, type = <class 'str'>
DEBUG 2025-11-12 08:25:20 decoding.py:132 Decode name = pretrained_name_or_path, type = <class 'str'>
DEBUG 2025-11-12 08:25:20 decoding.py:132 Decode name = robot, type = <class 'lerobot.robots.config.RobotConfig'>
DEBUG 2025-11-12 08:25:20 decoding.py:112 from_dict for <class 'lerobot.robots.cr5af_follower.config_cr5af_follower.CR5AFFOLLOWERConfig'>
DEBUG 2025-11-12 08:25:20 decoding.py:132 Decode name = id, type = typing.Optional[str]
DEBUG 2025-11-12 08:25:20 decoding.py:293 Decoding a Union field: typing.Optional[str]
DEBUG 2025-11-12 08:25:20 decoding.py:132 Decode name = port, type = <class 'str'>
DEBUG 2025-11-12 08:25:20 decoding.py:132 Decode name = disable_torque_on_disconnect, type = <class 'bool'>
DEBUG 2025-11-12 08:25:20 decoding.py:132 Decode name = cameras, type = dict[str, lerobot.cameras.configs.CameraConfig]
DEBUG 2025-11-12 08:25:20 decoding.py:261 Decoding a Dict field: dict[str, lerobot.cameras.configs.CameraConfig]
DEBUG 2025-11-12 08:25:20 decoding.py:112 from_dict for <class 'lerobot.cameras.opencv.configuration_opencv.OpenCVCameraConfig'>
DEBUG 2025-11-12 08:25:20 decoding.py:132 Decode name = fps, type = typing.Optional[int]
DEBUG 2025-11-12 08:25:20 decoding.py:293 Decoding a Union field: typing.Optional[int]
DEBUG 2025-11-12 08:25:20 decoding.py:132 Decode name = width, type = typing.Optional[int]
DEBUG 2025-11-12 08:25:20 decoding.py:132 Decode name = height, type = typing.Optional[int]
DEBUG 2025-11-12 08:25:20 decoding.py:132 Decode name = index_or_path, type = typing.Union[int, pathlib.Path]
DEBUG 2025-11-12 08:25:20 decoding.py:293 Decoding a Union field: typing.Union[int, pathlib.Path]
DEBUG 2025-11-12 08:25:20 decoding.py:132 Decode name = use_degrees, type = <class 'bool'>
DEBUG 2025-11-12 08:25:20 decoding.py:132 Decode name = actions_per_chunk, type = <class 'int'>
DEBUG 2025-11-12 08:25:20 decoding.py:132 Decode name = server_address, type = <class 'str'>
DEBUG 2025-11-12 08:25:20 decoding.py:132 Decode name = policy_device, type = <class 'str'>
DEBUG 2025-11-12 08:25:20 decoding.py:132 Decode name = chunk_size_threshold, type = <class 'float'>
DEBUG 2025-11-12 08:25:20 decoding.py:132 Decode name = fps, type = <class 'int'>
DEBUG 2025-11-12 08:25:20 decoding.py:132 Decode name = aggregate_fn_name, type = <class 'str'>
DEBUG 2025-11-12 08:25:20 decoding.py:132 Decode name = debug_visualize_queue_size, type = <class 'bool'>
INFO 2025-11-12 08:25:20 t_client.py:484 {'actions_per_chunk': 50,
 'aggregate_fn_name': 'weighted_average',
 'chunk_size_threshold': 0.5,
 'debug_visualize_queue_size': True,
 'fps': 30,
 'policy_device': 'cuda',
 'policy_type': 'act',
 'pretrained_name_or_path': 'outputs/act1111/checkpoints/last/pretrained_model',
 'robot': {'calibration_dir': None,
           'cameras': {'front': {'color_mode': <ColorMode.RGB: 'rgb'>,
                                 'fps': 30,
                                 'height': 480,
                                 'index_or_path': 2,
                                 'rotation': <Cv2Rotation.NO_ROTATION: 0>,
                                 'warmup_s': 1,
                                 'width': 640}},
           'disable_torque_on_disconnect': True,
           'id': 'my_awesome_follower_arm',
           'max_relative_target': None,
           'port': '/dev/ttyACM1',
           'use_degrees': False},
 'server_address': '127.0.0.1:8888',
 'task': '',
 'verify_robot_cameras': True}
DEBUG 2025-11-12 08:25:20 decoding.py:261 Decoding a Dict field: typing.Dict[str, lerobot.motors.motors_bus.MotorCalibration]
DEBUG 2025-11-12 08:25:20 decoding.py:112 from_dict for <class 'lerobot.motors.motors_bus.MotorCalibration'>
DEBUG 2025-11-12 08:25:20 decoding.py:132 Decode name = id, type = <class 'int'>
DEBUG 2025-11-12 08:25:20 decoding.py:132 Decode name = drive_mode, type = <class 'int'>
DEBUG 2025-11-12 08:25:20 decoding.py:132 Decode name = homing_offset, type = <class 'int'>
DEBUG 2025-11-12 08:25:20 decoding.py:132 Decode name = range_min, type = <class 'int'>
DEBUG 2025-11-12 08:25:20 decoding.py:132 Decode name = range_max, type = <class 'int'>
DEBUG 2025-11-12 08:25:20 decoding.py:112 from_dict for <class 'lerobot.motors.motors_bus.MotorCalibration'>
DEBUG 2025-11-12 08:25:20 decoding.py:132 Decode name = id, type = <class 'int'>
DEBUG 2025-11-12 08:25:20 decoding.py:132 Decode name = drive_mode, type = <class 'int'>
DEBUG 2025-11-12 08:25:20 decoding.py:132 Decode name = homing_offset, type = <class 'int'>
DEBUG 2025-11-12 08:25:20 decoding.py:132 Decode name = range_min, type = <class 'int'>
DEBUG 2025-11-12 08:25:20 decoding.py:132 Decode name = range_max, type = <class 'int'>
DEBUG 2025-11-12 08:25:20 decoding.py:112 from_dict for <class 'lerobot.motors.motors_bus.MotorCalibration'>
DEBUG 2025-11-12 08:25:20 decoding.py:132 Decode name = id, type = <class 'int'>
DEBUG 2025-11-12 08:25:20 decoding.py:132 Decode name = drive_mode, type = <class 'int'>
DEBUG 2025-11-12 08:25:20 decoding.py:132 Decode name = homing_offset, type = <class 'int'>
DEBUG 2025-11-12 08:25:20 decoding.py:132 Decode name = range_min, type = <class 'int'>
DEBUG 2025-11-12 08:25:20 decoding.py:132 Decode name = range_max, type = <class 'int'>
DEBUG 2025-11-12 08:25:20 decoding.py:112 from_dict for <class 'lerobot.motors.motors_bus.MotorCalibration'>
DEBUG 2025-11-12 08:25:20 decoding.py:132 Decode name = id, type = <class 'int'>
DEBUG 2025-11-12 08:25:20 decoding.py:132 Decode name = drive_mode, type = <class 'int'>
DEBUG 2025-11-12 08:25:20 decoding.py:132 Decode name = homing_offset, type = <class 'int'>
DEBUG 2025-11-12 08:25:20 decoding.py:132 Decode name = range_min, type = <class 'int'>
DEBUG 2025-11-12 08:25:20 decoding.py:132 Decode name = range_max, type = <class 'int'>
DEBUG 2025-11-12 08:25:20 decoding.py:112 from_dict for <class 'lerobot.motors.motors_bus.MotorCalibration'>
DEBUG 2025-11-12 08:25:20 decoding.py:132 Decode name = id, type = <class 'int'>
DEBUG 2025-11-12 08:25:20 decoding.py:132 Decode name = drive_mode, type = <class 'int'>
DEBUG 2025-11-12 08:25:20 decoding.py:132 Decode name = homing_offset, type = <class 'int'>
DEBUG 2025-11-12 08:25:20 decoding.py:132 Decode name = range_min, type = <class 'int'>
DEBUG 2025-11-12 08:25:20 decoding.py:132 Decode name = range_max, type = <class 'int'>
DEBUG 2025-11-12 08:25:20 decoding.py:112 from_dict for <class 'lerobot.motors.motors_bus.MotorCalibration'>
DEBUG 2025-11-12 08:25:20 decoding.py:132 Decode name = id, type = <class 'int'>
DEBUG 2025-11-12 08:25:20 decoding.py:132 Decode name = drive_mode, type = <class 'int'>
DEBUG 2025-11-12 08:25:20 decoding.py:132 Decode name = homing_offset, type = <class 'int'>
DEBUG 2025-11-12 08:25:20 decoding.py:132 Decode name = range_min, type = <class 'int'>
DEBUG 2025-11-12 08:25:20 decoding.py:132 Decode name = range_max, type = <class 'int'>
DEBUG 2025-11-12 08:25:21 a_opencv.py:328 OpenCVCamera(2) read took: 402.9ms
DEBUG 2025-11-12 08:25:21 a_opencv.py:328 OpenCVCamera(2) read took: 0.6ms
DEBUG 2025-11-12 08:25:21 a_opencv.py:328 OpenCVCamera(2) read took: 0.4ms
DEBUG 2025-11-12 08:25:21 a_opencv.py:328 OpenCVCamera(2) read took: 0.3ms
DEBUG 2025-11-12 08:25:21 a_opencv.py:328 OpenCVCamera(2) read took: 0.4ms
DEBUG 2025-11-12 08:25:21 a_opencv.py:328 OpenCVCamera(2) read took: 0.4ms
INFO 2025-11-12 08:25:21 a_opencv.py:179 OpenCVCamera(2) connected.
INFO 2025-11-12 08:25:21 follower.py:216 my_awesome_follower_arm CR5AFFollower connected.
DEBUG 2025-11-12 08:25:21 d_metavar.py:22 Metavar for type None: None
DEBUG 2025-11-12 08:25:21 formatter.py:52 action type: None, Result: , nargs: 0, default metavar: None
DEBUG 2025-11-12 08:25:21 d_metavar.py:22 Metavar for type <class 'str'>: str
DEBUG 2025-11-12 08:25:21 formatter.py:52 action type: <class 'str'>, Result: str, nargs: None, default metavar: None
DEBUG 2025-11-12 08:25:21 _wrapper.py:168 wrapped field at n_obs_steps has a default value of 1
DEBUG 2025-11-12 08:25:21 _wrapper.py:201 wrapped field at normalization_mapping has a default value of {}
DEBUG 2025-11-12 08:25:21 _wrapper.py:201 wrapped field at input_features has a default value of {}
DEBUG 2025-11-12 08:25:21 _wrapper.py:201 wrapped field at output_features has a default value of {}
DEBUG 2025-11-12 08:25:21 _wrapper.py:201 wrapped field at device has a default value of None
DEBUG 2025-11-12 08:25:21 _wrapper.py:168 wrapped field at use_amp has a default value of False
DEBUG 2025-11-12 08:25:21 _wrapper.py:168 wrapped field at push_to_hub has a default value of True
DEBUG 2025-11-12 08:25:21 _wrapper.py:201 wrapped field at repo_id has a default value of None
DEBUG 2025-11-12 08:25:21 _wrapper.py:201 wrapped field at private has a default value of None
DEBUG 2025-11-12 08:25:21 _wrapper.py:201 wrapped field at tags has a default value of None
DEBUG 2025-11-12 08:25:21 _wrapper.py:201 wrapped field at license has a default value of None
DEBUG 2025-11-12 08:25:21 ocstring.py:253 Warning: Unable to parse attribute docstring:             current step and additional steps going back).
DEBUG 2025-11-12 08:25:21 _wrapper.py:309 Arg options for field 'n_obs_steps': {'required': False, 'dest': 'n_obs_steps', 'default': 1, 'help': ' ', 'type': <class 'int'>}
DEBUG 2025-11-12 08:25:21 _wrapper.py:309 Arg options for field 'normalization_mapping': {'required': False, 'dest': 'normalization_mapping', 'default': {}, 'help': ' ', 'type': typing.Dict[str, lerobot.configs.types.NormalizationMode]}
DEBUG 2025-11-12 08:25:21 _wrapper.py:309 Arg options for field 'input_features': {'required': False, 'dest': 'input_features', 'default': {}, 'help': ' ', 'type': typing.Dict[str, lerobot.configs.types.PolicyFeature]}
DEBUG 2025-11-12 08:25:21 _wrapper.py:309 Arg options for field 'output_features': {'required': False, 'dest': 'output_features', 'default': {}, 'help': ' ', 'type': typing.Dict[str, lerobot.configs.types.PolicyFeature]}
DEBUG 2025-11-12 08:25:21 _wrapper.py:309 Arg options for field 'device': {'required': False, 'dest': 'device', 'default': None, 'help': 'cuda | cpu | mp', 'type': typing.Optional[str]}
DEBUG 2025-11-12 08:25:21 _wrapper.py:309 Arg options for field 'use_amp': {'required': False, 'dest': 'use_amp', 'default': False, 'help': '`use_amp` determines whether to use Automatic Mixed Precision (AMP) for training and evaluation. With AMP,\nautomatic gradient scaling is used.', 'type': <class 'bool'>}
DEBUG 2025-11-12 08:25:21 _wrapper.py:309 Arg options for field 'push_to_hub': {'required': False, 'dest': 'push_to_hub', 'default': True, 'help': ' ', 'type': <class 'bool'>}
DEBUG 2025-11-12 08:25:21 _wrapper.py:309 Arg options for field 'repo_id': {'required': False, 'dest': 'repo_id', 'default': None, 'type': typing.Optional[str]}
DEBUG 2025-11-12 08:25:21 _wrapper.py:309 Arg options for field 'private': {'required': False, 'dest': 'private', 'default': None, 'help': 'Upload on private repository on the Hugging Face hub.', 'type': typing.Optional[bool]}
DEBUG 2025-11-12 08:25:21 _wrapper.py:309 Arg options for field 'tags': {'required': False, 'dest': 'tags', 'default': None, 'help': 'Add tags to your policy on the hub.', 'type': typing.Optional[typing.List[str]]}
DEBUG 2025-11-12 08:25:21 _wrapper.py:309 Arg options for field 'license': {'required': False, 'dest': 'license', 'default': None, 'help': 'Add tags to your policy on the hub.', 'type': typing.Optional[str]}
DEBUG 2025-11-12 08:25:21 gparsing.py:143 
POST PROCESSING

DEBUG 2025-11-12 08:25:21 gparsing.py:144 (raw) parsed args: Namespace()
DEBUG 2025-11-12 08:25:21 decoding.py:112 from_dict for <class 'lerobot.policies.act.configuration_act.ACTConfig'>
DEBUG 2025-11-12 08:25:21 decoding.py:132 Decode name = n_obs_steps, type = <class 'int'>
DEBUG 2025-11-12 08:25:21 decoding.py:132 Decode name = normalization_mapping, type = dict[str, lerobot.configs.types.NormalizationMode]
DEBUG 2025-11-12 08:25:21 decoding.py:261 Decoding a Dict field: dict[str, lerobot.configs.types.NormalizationMode]
DEBUG 2025-11-12 08:25:21 decoding.py:132 Decode name = input_features, type = dict[str, lerobot.configs.types.PolicyFeature]
DEBUG 2025-11-12 08:25:21 decoding.py:261 Decoding a Dict field: dict[str, lerobot.configs.types.PolicyFeature]
DEBUG 2025-11-12 08:25:21 decoding.py:112 from_dict for <class 'lerobot.configs.types.PolicyFeature'>
DEBUG 2025-11-12 08:25:21 decoding.py:132 Decode name = type, type = <enum 'FeatureType'>
DEBUG 2025-11-12 08:25:21 decoding.py:132 Decode name = shape, type = <class 'tuple'>
DEBUG 2025-11-12 08:25:21 decoding.py:275 Decoding a Tuple field: <class 'tuple'>
DEBUG 2025-11-12 08:25:21 decoding.py:112 from_dict for <class 'lerobot.configs.types.PolicyFeature'>
DEBUG 2025-11-12 08:25:21 decoding.py:132 Decode name = type, type = <enum 'FeatureType'>
DEBUG 2025-11-12 08:25:21 decoding.py:132 Decode name = shape, type = <class 'tuple'>
DEBUG 2025-11-12 08:25:21 decoding.py:132 Decode name = output_features, type = dict[str, lerobot.configs.types.PolicyFeature]
DEBUG 2025-11-12 08:25:21 decoding.py:112 from_dict for <class 'lerobot.configs.types.PolicyFeature'>
DEBUG 2025-11-12 08:25:21 decoding.py:132 Decode name = type, type = <enum 'FeatureType'>
DEBUG 2025-11-12 08:25:21 decoding.py:132 Decode name = shape, type = <class 'tuple'>
DEBUG 2025-11-12 08:25:21 decoding.py:132 Decode name = device, type = typing.Optional[str]
DEBUG 2025-11-12 08:25:21 decoding.py:132 Decode name = use_amp, type = <class 'bool'>
DEBUG 2025-11-12 08:25:21 decoding.py:132 Decode name = push_to_hub, type = <class 'bool'>
DEBUG 2025-11-12 08:25:21 decoding.py:132 Decode name = repo_id, type = typing.Optional[str]
DEBUG 2025-11-12 08:25:21 decoding.py:132 Decode name = private, type = typing.Optional[bool]
DEBUG 2025-11-12 08:25:21 decoding.py:293 Decoding a Union field: typing.Optional[bool]
DEBUG 2025-11-12 08:25:21 decoding.py:132 Decode name = tags, type = typing.Optional[list[str]]
DEBUG 2025-11-12 08:25:21 decoding.py:293 Decoding a Union field: typing.Optional[list[str]]
DEBUG 2025-11-12 08:25:21 decoding.py:282 Decoding a List field: list[str]
DEBUG 2025-11-12 08:25:21 decoding.py:132 Decode name = license, type = typing.Optional[str]
DEBUG 2025-11-12 08:25:21 decoding.py:132 Decode name = chunk_size, type = <class 'int'>
DEBUG 2025-11-12 08:25:21 decoding.py:132 Decode name = n_action_steps, type = <class 'int'>
DEBUG 2025-11-12 08:25:21 decoding.py:132 Decode name = vision_backbone, type = <class 'str'>
DEBUG 2025-11-12 08:25:21 decoding.py:132 Decode name = pretrained_backbone_weights, type = typing.Optional[str]
DEBUG 2025-11-12 08:25:21 decoding.py:132 Decode name = replace_final_stride_with_dilation, type = <class 'int'>
DEBUG 2025-11-12 08:25:21 decoding.py:132 Decode name = pre_norm, type = <class 'bool'>
DEBUG 2025-11-12 08:25:21 decoding.py:132 Decode name = dim_model, type = <class 'int'>
DEBUG 2025-11-12 08:25:21 decoding.py:132 Decode name = n_heads, type = <class 'int'>
DEBUG 2025-11-12 08:25:21 decoding.py:132 Decode name = dim_feedforward, type = <class 'int'>
DEBUG 2025-11-12 08:25:21 decoding.py:132 Decode name = feedforward_activation, type = <class 'str'>
DEBUG 2025-11-12 08:25:21 decoding.py:132 Decode name = n_encoder_layers, type = <class 'int'>
DEBUG 2025-11-12 08:25:21 decoding.py:132 Decode name = n_decoder_layers, type = <class 'int'>
DEBUG 2025-11-12 08:25:21 decoding.py:132 Decode name = use_vae, type = <class 'bool'>
DEBUG 2025-11-12 08:25:21 decoding.py:132 Decode name = latent_dim, type = <class 'int'>
DEBUG 2025-11-12 08:25:21 decoding.py:132 Decode name = n_vae_encoder_layers, type = <class 'int'>
DEBUG 2025-11-12 08:25:21 decoding.py:132 Decode name = temporal_ensemble_coeff, type = typing.Optional[float]
DEBUG 2025-11-12 08:25:21 decoding.py:293 Decoding a Union field: typing.Optional[float]
DEBUG 2025-11-12 08:25:21 decoding.py:132 Decode name = dropout, type = <class 'float'>
DEBUG 2025-11-12 08:25:21 decoding.py:132 Decode name = kl_weight, type = <class 'float'>
DEBUG 2025-11-12 08:25:21 decoding.py:132 Decode name = optimizer_lr, type = <class 'float'>
DEBUG 2025-11-12 08:25:21 decoding.py:132 Decode name = optimizer_weight_decay, type = <class 'float'>
DEBUG 2025-11-12 08:25:21 decoding.py:132 Decode name = optimizer_lr_backbone, type = <class 'float'>
DEBUG 2025-11-12 08:25:21 d_metavar.py:22 Metavar for type None: None
DEBUG 2025-11-12 08:25:21 formatter.py:52 action type: None, Result: , nargs: 0, default metavar: None
DEBUG 2025-11-12 08:25:21 d_metavar.py:22 Metavar for type <class 'str'>: str
DEBUG 2025-11-12 08:25:21 formatter.py:52 action type: <class 'str'>, Result: str, nargs: None, default metavar: None
DEBUG 2025-11-12 08:25:21 _wrapper.py:168 wrapped field at n_obs_steps has a default value of 1
DEBUG 2025-11-12 08:25:21 _wrapper.py:201 wrapped field at normalization_mapping has a default value of {'VISUAL': <NormalizationMode.MEAN_STD: 'MEAN_STD'>, 'STATE': <NormalizationMode.MEAN_STD: 'MEAN_STD'>, 'ACTION': <NormalizationMode.MEAN_STD: 'MEAN_STD'>}
DEBUG 2025-11-12 08:25:21 _wrapper.py:201 wrapped field at input_features has a default value of {}
DEBUG 2025-11-12 08:25:21 _wrapper.py:201 wrapped field at output_features has a default value of {}
DEBUG 2025-11-12 08:25:21 _wrapper.py:201 wrapped field at device has a default value of None
DEBUG 2025-11-12 08:25:21 _wrapper.py:168 wrapped field at use_amp has a default value of False
DEBUG 2025-11-12 08:25:21 _wrapper.py:168 wrapped field at push_to_hub has a default value of True
DEBUG 2025-11-12 08:25:21 _wrapper.py:201 wrapped field at repo_id has a default value of None
DEBUG 2025-11-12 08:25:21 _wrapper.py:201 wrapped field at private has a default value of None
DEBUG 2025-11-12 08:25:21 _wrapper.py:201 wrapped field at tags has a default value of None
DEBUG 2025-11-12 08:25:21 _wrapper.py:201 wrapped field at license has a default value of None
DEBUG 2025-11-12 08:25:21 _wrapper.py:168 wrapped field at chunk_size has a default value of 100
DEBUG 2025-11-12 08:25:21 _wrapper.py:168 wrapped field at n_action_steps has a default value of 100
DEBUG 2025-11-12 08:25:21 _wrapper.py:168 wrapped field at vision_backbone has a default value of resnet18
DEBUG 2025-11-12 08:25:21 _wrapper.py:201 wrapped field at pretrained_backbone_weights has a default value of ResNet18_Weights.IMAGENET1K_V1
DEBUG 2025-11-12 08:25:21 _wrapper.py:168 wrapped field at replace_final_stride_with_dilation has a default value of False
DEBUG 2025-11-12 08:25:21 _wrapper.py:168 wrapped field at pre_norm has a default value of False
DEBUG 2025-11-12 08:25:21 _wrapper.py:168 wrapped field at dim_model has a default value of 512
DEBUG 2025-11-12 08:25:21 _wrapper.py:168 wrapped field at n_heads has a default value of 8
DEBUG 2025-11-12 08:25:21 _wrapper.py:168 wrapped field at dim_feedforward has a default value of 3200
DEBUG 2025-11-12 08:25:21 _wrapper.py:168 wrapped field at feedforward_activation has a default value of relu
DEBUG 2025-11-12 08:25:21 _wrapper.py:168 wrapped field at n_encoder_layers has a default value of 4
DEBUG 2025-11-12 08:25:21 _wrapper.py:168 wrapped field at n_decoder_layers has a default value of 1
DEBUG 2025-11-12 08:25:21 _wrapper.py:168 wrapped field at use_vae has a default value of True
DEBUG 2025-11-12 08:25:21 _wrapper.py:168 wrapped field at latent_dim has a default value of 32
DEBUG 2025-11-12 08:25:21 _wrapper.py:168 wrapped field at n_vae_encoder_layers has a default value of 4
DEBUG 2025-11-12 08:25:21 _wrapper.py:201 wrapped field at temporal_ensemble_coeff has a default value of None
DEBUG 2025-11-12 08:25:21 _wrapper.py:168 wrapped field at dropout has a default value of 0.1
DEBUG 2025-11-12 08:25:21 _wrapper.py:168 wrapped field at kl_weight has a default value of 10.0
DEBUG 2025-11-12 08:25:21 _wrapper.py:168 wrapped field at optimizer_lr has a default value of 1e-05
DEBUG 2025-11-12 08:25:21 _wrapper.py:168 wrapped field at optimizer_weight_decay has a default value of 0.0001
DEBUG 2025-11-12 08:25:21 _wrapper.py:168 wrapped field at optimizer_lr_backbone has a default value of 1e-05
DEBUG 2025-11-12 08:25:21 ocstring.py:253 Warning: Unable to parse attribute docstring:             current step and additional steps going back).
DEBUG 2025-11-12 08:25:21 _wrapper.py:309 Arg options for field 'n_obs_steps': {'required': False, 'dest': 'n_obs_steps', 'default': 1, 'help': ' ', 'type': <class 'int'>}
DEBUG 2025-11-12 08:25:21 ocstring.py:253 Warning: Unable to parse attribute docstring:         default_factory=lambda: {
DEBUG 2025-11-12 08:25:21 _wrapper.py:309 Arg options for field 'normalization_mapping': {'required': False, 'dest': 'normalization_mapping', 'default': {'VISUAL': <NormalizationMode.MEAN_STD: 'MEAN_STD'>, 'STATE': <NormalizationMode.MEAN_STD: 'MEAN_STD'>, 'ACTION': <NormalizationMode.MEAN_STD: 'MEAN_STD'>}, 'help': ' ', 'type': typing.Dict[str, lerobot.configs.types.NormalizationMode]}
DEBUG 2025-11-12 08:25:21 _wrapper.py:309 Arg options for field 'input_features': {'required': False, 'dest': 'input_features', 'default': {}, 'help': ' ', 'type': typing.Dict[str, lerobot.configs.types.PolicyFeature]}
DEBUG 2025-11-12 08:25:21 _wrapper.py:309 Arg options for field 'output_features': {'required': False, 'dest': 'output_features', 'default': {}, 'help': ' ', 'type': typing.Dict[str, lerobot.configs.types.PolicyFeature]}
DEBUG 2025-11-12 08:25:21 _wrapper.py:309 Arg options for field 'device': {'required': False, 'dest': 'device', 'default': None, 'help': 'cuda | cpu | mp', 'type': typing.Optional[str]}
DEBUG 2025-11-12 08:25:21 _wrapper.py:309 Arg options for field 'use_amp': {'required': False, 'dest': 'use_amp', 'default': False, 'help': '`use_amp` determines whether to use Automatic Mixed Precision (AMP) for training and evaluation. With AMP,\nautomatic gradient scaling is used.', 'type': <class 'bool'>}
DEBUG 2025-11-12 08:25:21 _wrapper.py:309 Arg options for field 'push_to_hub': {'required': False, 'dest': 'push_to_hub', 'default': True, 'help': ' ', 'type': <class 'bool'>}
DEBUG 2025-11-12 08:25:21 _wrapper.py:309 Arg options for field 'repo_id': {'required': False, 'dest': 'repo_id', 'default': None, 'type': typing.Optional[str]}
DEBUG 2025-11-12 08:25:21 _wrapper.py:309 Arg options for field 'private': {'required': False, 'dest': 'private', 'default': None, 'help': 'Upload on private repository on the Hugging Face hub.', 'type': typing.Optional[bool]}
DEBUG 2025-11-12 08:25:21 _wrapper.py:309 Arg options for field 'tags': {'required': False, 'dest': 'tags', 'default': None, 'help': 'Add tags to your policy on the hub.', 'type': typing.Optional[typing.List[str]]}
DEBUG 2025-11-12 08:25:21 _wrapper.py:309 Arg options for field 'license': {'required': False, 'dest': 'license', 'default': None, 'help': 'Add tags to your policy on the hub.', 'type': typing.Optional[str]}
DEBUG 2025-11-12 08:25:21 _wrapper.py:309 Arg options for field 'chunk_size': {'required': False, 'dest': 'chunk_size', 'default': 100, 'help': ' ', 'type': <class 'int'>}
DEBUG 2025-11-12 08:25:21 ocstring.py:253 Warning: Unable to parse attribute docstring:             This should be no greater than the chunk size. For example, if the chunk size size 100, you may
DEBUG 2025-11-12 08:25:21 _wrapper.py:309 Arg options for field 'n_action_steps': {'required': False, 'dest': 'n_action_steps', 'default': 100, 'help': ' ', 'type': <class 'int'>}
DEBUG 2025-11-12 08:25:21 _wrapper.py:309 Arg options for field 'vision_backbone': {'required': False, 'dest': 'vision_backbone', 'default': 'resnet18', 'help': ' ', 'type': <class 'str'>}
DEBUG 2025-11-12 08:25:21 ocstring.py:253 Warning: Unable to parse attribute docstring:             `None` means no pretrained weights.
DEBUG 2025-11-12 08:25:21 _wrapper.py:309 Arg options for field 'pretrained_backbone_weights': {'required': False, 'dest': 'pretrained_backbone_weights', 'default': 'ResNet18_Weights.IMAGENET1K_V1', 'help': ' ', 'type': typing.Optional[str]}
DEBUG 2025-11-12 08:25:21 ocstring.py:253 Warning: Unable to parse attribute docstring:             convolution.
DEBUG 2025-11-12 08:25:21 _wrapper.py:309 Arg options for field 'replace_final_stride_with_dilation': {'required': False, 'dest': 'replace_final_stride_with_dilation', 'default': False, 'help': ' ', 'type': <class 'int'>}
DEBUG 2025-11-12 08:25:21 _wrapper.py:309 Arg options for field 'pre_norm': {'required': False, 'dest': 'pre_norm', 'default': False, 'help': ' ', 'type': <class 'bool'>}
DEBUG 2025-11-12 08:25:21 _wrapper.py:309 Arg options for field 'dim_model': {'required': False, 'dest': 'dim_model', 'default': 512, 'help': ' ', 'type': <class 'int'>}
DEBUG 2025-11-12 08:25:21 _wrapper.py:309 Arg options for field 'n_heads': {'required': False, 'dest': 'n_heads', 'default': 8, 'help': ' ', 'type': <class 'int'>}
DEBUG 2025-11-12 08:25:21 ocstring.py:253 Warning: Unable to parse attribute docstring:             layers.
DEBUG 2025-11-12 08:25:21 _wrapper.py:309 Arg options for field 'dim_feedforward': {'required': False, 'dest': 'dim_feedforward', 'default': 3200, 'help': ' ', 'type': <class 'int'>}
DEBUG 2025-11-12 08:25:21 _wrapper.py:309 Arg options for field 'feedforward_activation': {'required': False, 'dest': 'feedforward_activation', 'default': 'relu', 'help': ' ', 'type': <class 'str'>}
DEBUG 2025-11-12 08:25:21 _wrapper.py:309 Arg options for field 'n_encoder_layers': {'required': False, 'dest': 'n_encoder_layers', 'default': 4, 'help': ' ', 'type': <class 'int'>}
DEBUG 2025-11-12 08:25:21 _wrapper.py:309 Arg options for field 'n_decoder_layers': {'required': False, 'dest': 'n_decoder_layers', 'default': 1, 'help': ' ', 'type': <class 'int'>}
DEBUG 2025-11-12 08:25:21 ocstring.py:253 Warning: Unable to parse attribute docstring:             which is used as the VAE's encoder (not to be confused with the transformer encoder - see
DEBUG 2025-11-12 08:25:21 _wrapper.py:309 Arg options for field 'use_vae': {'required': False, 'dest': 'use_vae', 'default': True, 'help': ' ', 'type': <class 'bool'>}
DEBUG 2025-11-12 08:25:21 _wrapper.py:309 Arg options for field 'latent_dim': {'required': False, 'dest': 'latent_dim', 'default': 32, 'help': '\n', 'type': <class 'int'>}
DEBUG 2025-11-12 08:25:21 _wrapper.py:309 Arg options for field 'n_vae_encoder_layers': {'required': False, 'dest': 'n_vae_encoder_layers', 'default': 4, 'help': ' ', 'type': <class 'int'>}
DEBUG 2025-11-12 08:25:21 ocstring.py:253 Warning: Unable to parse attribute docstring:             ensembling. Defaults to None which means temporal ensembling is not used. `n_action_steps` must be
DEBUG 2025-11-12 08:25:21 _wrapper.py:309 Arg options for field 'temporal_ensemble_coeff': {'required': False, 'dest': 'temporal_ensemble_coeff', 'default': None, 'type': typing.Optional[float]}
DEBUG 2025-11-12 08:25:21 _wrapper.py:309 Arg options for field 'dropout': {'required': False, 'dest': 'dropout', 'default': 0.1, 'help': '\n\n', 'type': <class 'float'>}
DEBUG 2025-11-12 08:25:21 _wrapper.py:309 Arg options for field 'kl_weight': {'required': False, 'dest': 'kl_weight', 'default': 10.0, 'help': ' ', 'type': <class 'float'>}
DEBUG 2025-11-12 08:25:21 _wrapper.py:309 Arg options for field 'optimizer_lr': {'required': False, 'dest': 'optimizer_lr', 'default': 1e-05, 'help': 'Training preset', 'type': <class 'float'>}
DEBUG 2025-11-12 08:25:21 _wrapper.py:309 Arg options for field 'optimizer_weight_decay': {'required': False, 'dest': 'optimizer_weight_decay', 'default': 0.0001, 'help': ' ', 'type': <class 'float'>}
DEBUG 2025-11-12 08:25:21 _wrapper.py:309 Arg options for field 'optimizer_lr_backbone': {'required': False, 'dest': 'optimizer_lr_backbone', 'default': 1e-05, 'help': ' ', 'type': <class 'float'>}
DEBUG 2025-11-12 08:25:21 gparsing.py:143 
POST PROCESSING

DEBUG 2025-11-12 08:25:21 gparsing.py:144 (raw) parsed args: Namespace()
DEBUG 2025-11-12 08:25:21 decoding.py:112 from_dict for <class 'lerobot.policies.act.configuration_act.ACTConfig'>
DEBUG 2025-11-12 08:25:21 decoding.py:132 Decode name = n_obs_steps, type = <class 'int'>
DEBUG 2025-11-12 08:25:21 decoding.py:132 Decode name = normalization_mapping, type = dict[str, lerobot.configs.types.NormalizationMode]
DEBUG 2025-11-12 08:25:21 decoding.py:132 Decode name = input_features, type = dict[str, lerobot.configs.types.PolicyFeature]
DEBUG 2025-11-12 08:25:21 decoding.py:112 from_dict for <class 'lerobot.configs.types.PolicyFeature'>
DEBUG 2025-11-12 08:25:21 decoding.py:132 Decode name = type, type = <enum 'FeatureType'>
DEBUG 2025-11-12 08:25:21 decoding.py:132 Decode name = shape, type = <class 'tuple'>
DEBUG 2025-11-12 08:25:21 decoding.py:112 from_dict for <class 'lerobot.configs.types.PolicyFeature'>
DEBUG 2025-11-12 08:25:21 decoding.py:132 Decode name = type, type = <enum 'FeatureType'>
DEBUG 2025-11-12 08:25:21 decoding.py:132 Decode name = shape, type = <class 'tuple'>
DEBUG 2025-11-12 08:25:21 decoding.py:132 Decode name = output_features, type = dict[str, lerobot.configs.types.PolicyFeature]
DEBUG 2025-11-12 08:25:21 decoding.py:112 from_dict for <class 'lerobot.configs.types.PolicyFeature'>
DEBUG 2025-11-12 08:25:21 decoding.py:132 Decode name = type, type = <enum 'FeatureType'>
DEBUG 2025-11-12 08:25:21 decoding.py:132 Decode name = shape, type = <class 'tuple'>
DEBUG 2025-11-12 08:25:21 decoding.py:132 Decode name = device, type = typing.Optional[str]
DEBUG 2025-11-12 08:25:21 decoding.py:132 Decode name = use_amp, type = <class 'bool'>
DEBUG 2025-11-12 08:25:21 decoding.py:132 Decode name = push_to_hub, type = <class 'bool'>
DEBUG 2025-11-12 08:25:21 decoding.py:132 Decode name = repo_id, type = typing.Optional[str]
DEBUG 2025-11-12 08:25:21 decoding.py:132 Decode name = private, type = typing.Optional[bool]
DEBUG 2025-11-12 08:25:21 decoding.py:132 Decode name = tags, type = typing.Optional[list[str]]
DEBUG 2025-11-12 08:25:21 decoding.py:132 Decode name = license, type = typing.Optional[str]
DEBUG 2025-11-12 08:25:21 decoding.py:132 Decode name = chunk_size, type = <class 'int'>
DEBUG 2025-11-12 08:25:21 decoding.py:132 Decode name = n_action_steps, type = <class 'int'>
DEBUG 2025-11-12 08:25:21 decoding.py:132 Decode name = vision_backbone, type = <class 'str'>
DEBUG 2025-11-12 08:25:21 decoding.py:132 Decode name = pretrained_backbone_weights, type = typing.Optional[str]
DEBUG 2025-11-12 08:25:21 decoding.py:132 Decode name = replace_final_stride_with_dilation, type = <class 'int'>
DEBUG 2025-11-12 08:25:21 decoding.py:132 Decode name = pre_norm, type = <class 'bool'>
DEBUG 2025-11-12 08:25:21 decoding.py:132 Decode name = dim_model, type = <class 'int'>
DEBUG 2025-11-12 08:25:21 decoding.py:132 Decode name = n_heads, type = <class 'int'>
DEBUG 2025-11-12 08:25:21 decoding.py:132 Decode name = dim_feedforward, type = <class 'int'>
DEBUG 2025-11-12 08:25:21 decoding.py:132 Decode name = feedforward_activation, type = <class 'str'>
DEBUG 2025-11-12 08:25:21 decoding.py:132 Decode name = n_encoder_layers, type = <class 'int'>
DEBUG 2025-11-12 08:25:21 decoding.py:132 Decode name = n_decoder_layers, type = <class 'int'>
DEBUG 2025-11-12 08:25:21 decoding.py:132 Decode name = use_vae, type = <class 'bool'>
DEBUG 2025-11-12 08:25:21 decoding.py:132 Decode name = latent_dim, type = <class 'int'>
DEBUG 2025-11-12 08:25:21 decoding.py:132 Decode name = n_vae_encoder_layers, type = <class 'int'>
DEBUG 2025-11-12 08:25:21 decoding.py:132 Decode name = temporal_ensemble_coeff, type = typing.Optional[float]
DEBUG 2025-11-12 08:25:21 decoding.py:132 Decode name = dropout, type = <class 'float'>
DEBUG 2025-11-12 08:25:21 decoding.py:132 Decode name = kl_weight, type = <class 'float'>
DEBUG 2025-11-12 08:25:21 decoding.py:132 Decode name = optimizer_lr, type = <class 'float'>
DEBUG 2025-11-12 08:25:21 decoding.py:132 Decode name = optimizer_weight_decay, type = <class 'float'>
DEBUG 2025-11-12 08:25:21 decoding.py:132 Decode name = optimizer_lr_backbone, type = <class 'float'>
INFO 2025-11-12 08:25:21 t_client.py:122 Initializing client to connect to server at 127.0.0.1:8888
INFO 2025-11-12 08:25:21 t_client.py:141 Robot connected and ready
DEBUG 2025-11-12 08:25:21 t_client.py:158 Connected to policy server in 0.0040s
INFO 2025-11-12 08:25:21 t_client.py:164 Sending policy instructions to policy server
DEBUG 2025-11-12 08:25:21 t_client.py:165 Policy type: act | Pretrained name or path: outputs/act1111/checkpoints/last/pretrained_model | Device: cuda
INFO 2025-11-12 08:25:22 t_client.py:492 Starting action receiver thread...
INFO 2025-11-12 08:25:22 t_client.py:281 Action receiving thread starting
INFO 2025-11-12 08:25:22 t_client.py:460 Control loop thread starting
ERROR 2025-11-12 08:25:29 t_client.py:357 Error receiving actions: <_InactiveRpcError of RPC that terminated with:
	status = StatusCode.UNAVAILABLE
	details = "failed to connect to all addresses; last error: UNKNOWN: ipv4:127.0.0.1:8888: Failed to connect to remote host: connect: Connection refused (111)"
	debug_error_string = "UNKNOWN:Error received from peer  {grpc_status:14, grpc_message:"failed to connect to all addresses; last error: UNKNOWN: ipv4:127.0.0.1:8888: Failed to connect to remote host: connect: Connection refused (111)"}"
>
ERROR 2025-11-12 08:25:30 t_client.py:357 Error receiving actions: <_InactiveRpcError of RPC that terminated with:
	status = StatusCode.UNAVAILABLE
	details = "failed to connect to all addresses; last error: UNKNOWN: ipv4:127.0.0.1:8888: Failed to connect to remote host: connect: Connection refused (111)"
	debug_error_string = "UNKNOWN:Error received from peer  {grpc_status:14, grpc_message:"failed to connect to all addresses; last error: UNKNOWN: ipv4:127.0.0.1:8888: Failed to connect to remote host: connect: Connection refused (111)"}"
>
ERROR 2025-11-12 08:25:30 t_client.py:357 Error receiving actions: <_InactiveRpcError of RPC that terminated with:
	status = StatusCode.UNAVAILABLE
	details = "failed to connect to all addresses; last error: UNKNOWN: ipv4:127.0.0.1:8888: Failed to connect to remote host: connect: Connection refused (111)"
	debug_error_string = "UNKNOWN:Error received from peer  {grpc_message:"failed to connect to all addresses; last error: UNKNOWN: ipv4:127.0.0.1:8888: Failed to connect to remote host: connect: Connection refused (111)", grpc_status:14}"
>
ERROR 2025-11-12 08:25:31 t_client.py:357 Error receiving actions: <_InactiveRpcError of RPC that terminated with:
	status = StatusCode.UNAVAILABLE
	details = "failed to connect to all addresses; last error: UNKNOWN: ipv4:127.0.0.1:8888: Failed to connect to remote host: connect: Connection refused (111)"
	debug_error_string = "UNKNOWN:Error received from peer  {grpc_status:14, grpc_message:"failed to connect to all addresses; last error: UNKNOWN: ipv4:127.0.0.1:8888: Failed to connect to remote host: connect: Connection refused (111)"}"
>
ERROR 2025-11-12 08:25:31 t_client.py:357 Error receiving actions: <_InactiveRpcError of RPC that terminated with:
	status = StatusCode.UNAVAILABLE
	details = "failed to connect to all addresses; last error: UNKNOWN: ipv4:127.0.0.1:8888: Failed to connect to remote host: connect: Connection refused (111)"
	debug_error_string = "UNKNOWN:Error received from peer  {grpc_message:"failed to connect to all addresses; last error: UNKNOWN: ipv4:127.0.0.1:8888: Failed to connect to remote host: connect: Connection refused (111)", grpc_status:14}"
>
ERROR 2025-11-12 08:25:32 t_client.py:357 Error receiving actions: <_InactiveRpcError of RPC that terminated with:
	status = StatusCode.UNAVAILABLE
	details = "failed to connect to all addresses; last error: UNKNOWN: ipv4:127.0.0.1:8888: Failed to connect to remote host: connect: Connection refused (111)"
	debug_error_string = "UNKNOWN:Error received from peer  {grpc_status:14, grpc_message:"failed to connect to all addresses; last error: UNKNOWN: ipv4:127.0.0.1:8888: Failed to connect to remote host: connect: Connection refused (111)"}"
>
