DEBUG 2025-11-11 13:15:35 d_metavar.py:22 Metavar for type None: None
DEBUG 2025-11-11 13:15:35 formatter.py:52 action type: None, Result: , nargs: 0, default metavar: None
DEBUG 2025-11-11 13:15:35 d_metavar.py:22 Metavar for type <class 'str'>: str
DEBUG 2025-11-11 13:15:35 formatter.py:52 action type: <class 'str'>, Result: str, nargs: None, default metavar: None
DEBUG 2025-11-11 13:15:35 _wrapper.py:168 wrapped field at policy_type has a default value of None
DEBUG 2025-11-11 13:15:35 _wrapper.py:168 wrapped field at pretrained_name_or_path has a default value of None
DEBUG 2025-11-11 13:15:35 _wrapper.py:168 wrapped field at actions_per_chunk has a default value of None
DEBUG 2025-11-11 13:15:35 _wrapper.py:168 wrapped field at task has a default value of 
DEBUG 2025-11-11 13:15:35 _wrapper.py:168 wrapped field at server_address has a default value of localhost:8080
DEBUG 2025-11-11 13:15:35 _wrapper.py:168 wrapped field at policy_device has a default value of cpu
DEBUG 2025-11-11 13:15:35 _wrapper.py:168 wrapped field at chunk_size_threshold has a default value of 0.5
DEBUG 2025-11-11 13:15:35 _wrapper.py:168 wrapped field at fps has a default value of 30
DEBUG 2025-11-11 13:15:35 _wrapper.py:168 wrapped field at aggregate_fn_name has a default value of weighted_average
DEBUG 2025-11-11 13:15:35 _wrapper.py:168 wrapped field at debug_visualize_queue_size has a default value of False
DEBUG 2025-11-11 13:15:35 _wrapper.py:168 wrapped field at verify_robot_cameras has a default value of True
DEBUG 2025-11-11 13:15:35 _wrapper.py:309 Arg options for field 'policy_type': {'required': False, 'dest': 'policy_type', 'default': None, 'help': 'Policy configuration', 'type': <class 'str'>}
DEBUG 2025-11-11 13:15:35 _wrapper.py:309 Arg options for field 'pretrained_name_or_path': {'required': False, 'dest': 'pretrained_name_or_path', 'default': None, 'type': <class 'str'>}
DEBUG 2025-11-11 13:15:35 d_metavar.py:22 Metavar for type <class 'str'>: str
DEBUG 2025-11-11 13:15:35 formatter.py:52 action type: <class 'str'>, Result: str, nargs: None, default metavar: None
DEBUG 2025-11-11 13:15:35 _wrapper.py:201 wrapped field at robot.id has a default value of None
DEBUG 2025-11-11 13:15:35 _wrapper.py:201 wrapped field at robot.calibration_dir has a default value of None
DEBUG 2025-11-11 13:15:35 _wrapper.py:168 wrapped field at robot.port has a default value of None
DEBUG 2025-11-11 13:15:35 _wrapper.py:168 wrapped field at robot.disable_torque_on_disconnect has a default value of True
DEBUG 2025-11-11 13:15:35 _wrapper.py:201 wrapped field at robot.max_relative_target has a default value of None
DEBUG 2025-11-11 13:15:35 _wrapper.py:201 wrapped field at robot.cameras has a default value of {}
DEBUG 2025-11-11 13:15:35 _wrapper.py:168 wrapped field at robot.use_degrees has a default value of False
DEBUG 2025-11-11 13:15:35 _wrapper.py:201 wrapped field at robot.id has a default value of None
DEBUG 2025-11-11 13:15:35 _wrapper.py:201 wrapped field at robot.calibration_dir has a default value of None
DEBUG 2025-11-11 13:15:35 _wrapper.py:168 wrapped field at robot.port has a default value of None
DEBUG 2025-11-11 13:15:35 _wrapper.py:168 wrapped field at robot.disable_torque_on_disconnect has a default value of True
DEBUG 2025-11-11 13:15:35 _wrapper.py:201 wrapped field at robot.max_relative_target has a default value of None
DEBUG 2025-11-11 13:15:35 _wrapper.py:201 wrapped field at robot.cameras has a default value of {}
DEBUG 2025-11-11 13:15:35 _wrapper.py:168 wrapped field at robot.use_degrees has a default value of False
DEBUG 2025-11-11 13:15:35 _wrapper.py:201 wrapped field at robot.id has a default value of None
DEBUG 2025-11-11 13:15:35 _wrapper.py:201 wrapped field at robot.calibration_dir has a default value of None
DEBUG 2025-11-11 13:15:35 _wrapper.py:168 wrapped field at robot.port has a default value of None
DEBUG 2025-11-11 13:15:35 _wrapper.py:168 wrapped field at robot.disable_torque_on_disconnect has a default value of True
DEBUG 2025-11-11 13:15:35 _wrapper.py:201 wrapped field at robot.max_relative_target has a default value of None
DEBUG 2025-11-11 13:15:35 _wrapper.py:201 wrapped field at robot.cameras has a default value of {}
DEBUG 2025-11-11 13:15:35 _wrapper.py:168 wrapped field at robot.use_degrees has a default value of False
DEBUG 2025-11-11 13:15:35 _wrapper.py:201 wrapped field at robot.urdf_path has a default value of None
DEBUG 2025-11-11 13:15:35 _wrapper.py:168 wrapped field at robot.target_frame_name has a default value of gripper_frame_link
DEBUG 2025-11-11 13:15:35 _wrapper.py:201 wrapped field at robot.end_effector_bounds has a default value of {'min': [-1.0, -1.0, -1.0], 'max': [1.0, 1.0, 1.0]}
DEBUG 2025-11-11 13:15:35 _wrapper.py:168 wrapped field at robot.max_gripper_pos has a default value of 50
DEBUG 2025-11-11 13:15:35 _wrapper.py:201 wrapped field at robot.end_effector_step_sizes has a default value of {'x': 0.02, 'y': 0.02, 'z': 0.02}
DEBUG 2025-11-11 13:15:35 _wrapper.py:201 wrapped field at robot.id has a default value of None
DEBUG 2025-11-11 13:15:35 _wrapper.py:201 wrapped field at robot.calibration_dir has a default value of None
DEBUG 2025-11-11 13:15:35 _wrapper.py:168 wrapped field at robot.port has a default value of None
DEBUG 2025-11-11 13:15:35 _wrapper.py:168 wrapped field at robot.disable_torque_on_disconnect has a default value of True
DEBUG 2025-11-11 13:15:35 _wrapper.py:201 wrapped field at robot.max_relative_target has a default value of None
DEBUG 2025-11-11 13:15:35 _wrapper.py:201 wrapped field at robot.cameras has a default value of {}
DEBUG 2025-11-11 13:15:35 _wrapper.py:168 wrapped field at robot.use_degrees has a default value of False
DEBUG 2025-11-11 13:15:35 _wrapper.py:309 Arg options for field 'id': {'required': False, 'dest': 'robot.id', 'default': None, 'help': 'Allows to distinguish between different robots of the same type', 'type': typing.Optional[str]}
DEBUG 2025-11-11 13:15:35 _wrapper.py:309 Arg options for field 'calibration_dir': {'required': False, 'dest': 'robot.calibration_dir', 'default': None, 'help': 'Directory to store calibration file', 'type': typing.Optional[pathlib.Path]}
DEBUG 2025-11-11 13:15:35 _wrapper.py:309 Arg options for field 'port': {'required': False, 'dest': 'robot.port', 'default': None, 'help': 'Port to connect to the arm', 'type': <class 'str'>}
DEBUG 2025-11-11 13:15:35 _wrapper.py:309 Arg options for field 'disable_torque_on_disconnect': {'required': False, 'dest': 'robot.disable_torque_on_disconnect', 'default': True, 'help': ' ', 'type': <class 'bool'>}
DEBUG 2025-11-11 13:15:35 _wrapper.py:309 Arg options for field 'max_relative_target': {'required': False, 'dest': 'robot.max_relative_target', 'default': None, 'help': '`max_relative_target` limits the magnitude of the relative positional target vector for safety purposes.\nSet this to a positive scalar to have the same value for all motors, or a list that is the same length as\nthe number of motors in your follower arms.', 'type': typing.Optional[int]}
DEBUG 2025-11-11 13:15:35 _wrapper.py:309 Arg options for field 'cameras': {'required': False, 'dest': 'robot.cameras', 'default': {}, 'help': 'cameras', 'type': typing.Dict[str, lerobot.cameras.configs.CameraConfig]}
DEBUG 2025-11-11 13:15:35 _wrapper.py:309 Arg options for field 'use_degrees': {'required': False, 'dest': 'robot.use_degrees', 'default': False, 'help': 'Set to `True` for backward compatibility with previous policies/dataset', 'type': <class 'bool'>}
DEBUG 2025-11-11 13:15:35 _wrapper.py:309 Arg options for field 'id': {'required': False, 'dest': 'robot.id', 'default': None, 'help': 'Allows to distinguish between different robots of the same type', 'type': typing.Optional[str]}
DEBUG 2025-11-11 13:15:35 _wrapper.py:309 Arg options for field 'calibration_dir': {'required': False, 'dest': 'robot.calibration_dir', 'default': None, 'help': 'Directory to store calibration file', 'type': typing.Optional[pathlib.Path]}
DEBUG 2025-11-11 13:15:35 _wrapper.py:309 Arg options for field 'port': {'required': False, 'dest': 'robot.port', 'default': None, 'help': 'Port to connect to the arm', 'type': <class 'str'>}
DEBUG 2025-11-11 13:15:35 _wrapper.py:309 Arg options for field 'disable_torque_on_disconnect': {'required': False, 'dest': 'robot.disable_torque_on_disconnect', 'default': True, 'help': ' ', 'type': <class 'bool'>}
DEBUG 2025-11-11 13:15:35 _wrapper.py:309 Arg options for field 'max_relative_target': {'required': False, 'dest': 'robot.max_relative_target', 'default': None, 'help': '`max_relative_target` limits the magnitude of the relative positional target vector for safety purposes.\nSet this to a positive scalar to have the same value for all motors, or a list that is the same length as\nthe number of motors in your follower arms.', 'type': typing.Optional[int]}
DEBUG 2025-11-11 13:15:35 _wrapper.py:309 Arg options for field 'cameras': {'required': False, 'dest': 'robot.cameras', 'default': {}, 'help': 'cameras', 'type': typing.Dict[str, lerobot.cameras.configs.CameraConfig]}
DEBUG 2025-11-11 13:15:35 _wrapper.py:309 Arg options for field 'use_degrees': {'required': False, 'dest': 'robot.use_degrees', 'default': False, 'help': 'Set to `True` for backward compatibility with previous policies/dataset', 'type': <class 'bool'>}
DEBUG 2025-11-11 13:15:35 _wrapper.py:309 Arg options for field 'id': {'required': False, 'dest': 'robot.id', 'default': None, 'help': 'Allows to distinguish between different robots of the same type', 'type': typing.Optional[str]}
DEBUG 2025-11-11 13:15:35 _wrapper.py:309 Arg options for field 'calibration_dir': {'required': False, 'dest': 'robot.calibration_dir', 'default': None, 'help': 'Directory to store calibration file', 'type': typing.Optional[pathlib.Path]}
DEBUG 2025-11-11 13:15:35 _wrapper.py:309 Arg options for field 'port': {'required': False, 'dest': 'robot.port', 'default': None, 'help': 'Port to connect to the arm', 'type': <class 'str'>}
DEBUG 2025-11-11 13:15:35 _wrapper.py:309 Arg options for field 'disable_torque_on_disconnect': {'required': False, 'dest': 'robot.disable_torque_on_disconnect', 'default': True, 'help': ' ', 'type': <class 'bool'>}
DEBUG 2025-11-11 13:15:35 _wrapper.py:309 Arg options for field 'max_relative_target': {'required': False, 'dest': 'robot.max_relative_target', 'default': None, 'help': '`max_relative_target` limits the magnitude of the relative positional target vector for safety purposes.\nSet this to a positive scalar to have the same value for all motors, or a list that is the same length as\nthe number of motors in your follower arms.', 'type': typing.Optional[int]}
DEBUG 2025-11-11 13:15:35 _wrapper.py:309 Arg options for field 'cameras': {'required': False, 'dest': 'robot.cameras', 'default': {}, 'help': 'cameras', 'type': typing.Dict[str, lerobot.cameras.configs.CameraConfig]}
DEBUG 2025-11-11 13:15:35 _wrapper.py:309 Arg options for field 'use_degrees': {'required': False, 'dest': 'robot.use_degrees', 'default': False, 'help': 'Set to `True` for backward compatibility with previous policies/dataset', 'type': <class 'bool'>}
DEBUG 2025-11-11 13:15:35 _wrapper.py:309 Arg options for field 'urdf_path': {'required': False, 'dest': 'robot.urdf_path', 'default': None, 'help': 'Path to URDF file for kinematics\nNOTE: It is highly recommended to use the urdf in the SO-ARM100 repo:\nhttps://github.com/TheRobotStudio/SO-ARM100/blob/main/Simulation/SO101/so101_new_calib.urdf', 'type': typing.Optional[str]}
DEBUG 2025-11-11 13:15:35 _wrapper.py:309 Arg options for field 'target_frame_name': {'required': False, 'dest': 'robot.target_frame_name', 'default': 'gripper_frame_link', 'help': 'End-effector frame name in the URDF', 'type': <class 'str'>}
DEBUG 2025-11-11 13:15:35 ocstring.py:253 Warning: Unable to parse attribute docstring:         default_factory=lambda: {
DEBUG 2025-11-11 13:15:35 _wrapper.py:309 Arg options for field 'end_effector_bounds': {'required': False, 'dest': 'robot.end_effector_bounds', 'default': {'min': [-1.0, -1.0, -1.0], 'max': [1.0, 1.0, 1.0]}, 'help': 'Default bounds for the end-effector position (in meters)', 'type': typing.Dict[str, typing.List[float]]}
DEBUG 2025-11-11 13:15:35 _wrapper.py:309 Arg options for field 'max_gripper_pos': {'required': False, 'dest': 'robot.max_gripper_pos', 'default': 50, 'help': '\n', 'type': <class 'float'>}
DEBUG 2025-11-11 13:15:35 ocstring.py:253 Warning: Unable to parse attribute docstring:         default_factory=lambda: {
DEBUG 2025-11-11 13:15:35 _wrapper.py:309 Arg options for field 'end_effector_step_sizes': {'required': False, 'dest': 'robot.end_effector_step_sizes', 'default': {'x': 0.02, 'y': 0.02, 'z': 0.02}, 'help': ' ', 'type': typing.Dict[str, float]}
DEBUG 2025-11-11 13:15:35 _wrapper.py:309 Arg options for field 'id': {'required': False, 'dest': 'robot.id', 'default': None, 'help': 'Allows to distinguish between different robots of the same type', 'type': typing.Optional[str]}
DEBUG 2025-11-11 13:15:35 _wrapper.py:309 Arg options for field 'calibration_dir': {'required': False, 'dest': 'robot.calibration_dir', 'default': None, 'help': 'Directory to store calibration file', 'type': typing.Optional[pathlib.Path]}
DEBUG 2025-11-11 13:15:35 _wrapper.py:309 Arg options for field 'port': {'required': False, 'dest': 'robot.port', 'default': None, 'help': 'Port to connect to the arm', 'type': <class 'str'>}
DEBUG 2025-11-11 13:15:35 _wrapper.py:309 Arg options for field 'disable_torque_on_disconnect': {'required': False, 'dest': 'robot.disable_torque_on_disconnect', 'default': True, 'help': ' ', 'type': <class 'bool'>}
DEBUG 2025-11-11 13:15:35 _wrapper.py:309 Arg options for field 'max_relative_target': {'required': False, 'dest': 'robot.max_relative_target', 'default': None, 'help': '`max_relative_target` limits the magnitude of the relative positional target vector for safety purposes.\nSet this to a positive scalar to have the same value for all motors, or a list that is the same length as\nthe number of motors in your follower arms.', 'type': typing.Optional[int]}
DEBUG 2025-11-11 13:15:35 _wrapper.py:309 Arg options for field 'cameras': {'required': False, 'dest': 'robot.cameras', 'default': {}, 'help': 'cameras', 'type': typing.Dict[str, lerobot.cameras.configs.CameraConfig]}
DEBUG 2025-11-11 13:15:35 _wrapper.py:309 Arg options for field 'use_degrees': {'required': False, 'dest': 'robot.use_degrees', 'default': False, 'help': 'Set to `True` for backward compatibility with previous policies/dataset', 'type': <class 'bool'>}
DEBUG 2025-11-11 13:15:35 _wrapper.py:309 Arg options for field 'actions_per_chunk': {'required': False, 'dest': 'actions_per_chunk', 'default': None, 'help': 'Policies typically output K actions at max, but we can use less to avoid wasting bandwidth (as actions\nwould be aggregated on the client side anyway, depending on the value of `chunk_size_threshold`)', 'type': <class 'int'>}
DEBUG 2025-11-11 13:15:35 _wrapper.py:309 Arg options for field 'task': {'required': False, 'dest': 'task', 'default': '', 'help': "Task instruction for the robot to execute (e.g., 'fold my tshirt')", 'type': <class 'str'>}
DEBUG 2025-11-11 13:15:35 _wrapper.py:309 Arg options for field 'server_address': {'required': False, 'dest': 'server_address', 'default': 'localhost:8080', 'help': 'Network configuration', 'type': <class 'str'>}
DEBUG 2025-11-11 13:15:35 _wrapper.py:309 Arg options for field 'policy_device': {'required': False, 'dest': 'policy_device', 'default': 'cpu', 'help': 'Device configuration', 'type': <class 'str'>}
DEBUG 2025-11-11 13:15:35 _wrapper.py:309 Arg options for field 'chunk_size_threshold': {'required': False, 'dest': 'chunk_size_threshold', 'default': 0.5, 'help': 'Control behavior configuration', 'type': <class 'float'>}
DEBUG 2025-11-11 13:15:35 _wrapper.py:309 Arg options for field 'fps': {'required': False, 'dest': 'fps', 'default': 30, 'help': ' ', 'type': <class 'int'>}
DEBUG 2025-11-11 13:15:35 ocstring.py:253 Warning: Unable to parse attribute docstring:         default="weighted_average",
DEBUG 2025-11-11 13:15:35 _wrapper.py:309 Arg options for field 'aggregate_fn_name': {'required': False, 'dest': 'aggregate_fn_name', 'default': 'weighted_average', 'help': 'Aggregate function configuration (CLI-compatible)', 'type': <class 'str'>}
DEBUG 2025-11-11 13:15:36 ocstring.py:253 Warning: Unable to parse attribute docstring:         default=False, metadata={"help": "Visualize the action queue size"}
DEBUG 2025-11-11 13:15:36 _wrapper.py:309 Arg options for field 'debug_visualize_queue_size': {'required': False, 'dest': 'debug_visualize_queue_size', 'default': False, 'help': '\n\n\nDebug configuration', 'type': <class 'bool'>}
DEBUG 2025-11-11 13:15:36 ocstring.py:253 Warning: Unable to parse attribute docstring:         default=True, metadata={"help": "Verify that the robot cameras match the policy cameras"}
DEBUG 2025-11-11 13:15:36 _wrapper.py:309 Arg options for field 'verify_robot_cameras': {'required': False, 'dest': 'verify_robot_cameras', 'default': True, 'help': '\n\nVerification configuration', 'type': <class 'bool'>}
DEBUG 2025-11-11 13:15:36 d_metavar.py:22 Metavar for type <class 'str'>: str
DEBUG 2025-11-11 13:15:36 formatter.py:52 action type: <class 'str'>, Result: str, nargs: None, default metavar: str
DEBUG 2025-11-11 13:15:36 d_metavar.py:22 Metavar for type <class 'str'>: str
DEBUG 2025-11-11 13:15:36 formatter.py:52 action type: <class 'str'>, Result: str, nargs: None, default metavar: str
DEBUG 2025-11-11 13:15:36 d_metavar.py:22 Metavar for type <class 'str'>: str
DEBUG 2025-11-11 13:15:36 formatter.py:52 action type: <class 'str'>, Result: str, nargs: None, default metavar: str
DEBUG 2025-11-11 13:15:36 d_metavar.py:22 Metavar for type <class 'str'>: str
DEBUG 2025-11-11 13:15:36 formatter.py:52 action type: <class 'str'>, Result: str, nargs: None, default metavar: str
DEBUG 2025-11-11 13:15:36 d_metavar.py:22 Metavar for type <class 'str'>: str
DEBUG 2025-11-11 13:15:36 formatter.py:52 action type: <class 'str'>, Result: {koch_follower,so100_follower,so100_follower_end_effector,so101_follower}, nargs: None, default metavar: str
DEBUG 2025-11-11 13:15:36 d_metavar.py:22 Metavar for type <class 'str'>: str
DEBUG 2025-11-11 13:15:36 formatter.py:52 action type: <class 'str'>, Result: str, nargs: None, default metavar: str
DEBUG 2025-11-11 13:15:36 d_metavar.py:22 Metavar for type <class 'str'>: str
DEBUG 2025-11-11 13:15:36 formatter.py:52 action type: <class 'str'>, Result: str, nargs: None, default metavar: str
DEBUG 2025-11-11 13:15:36 d_metavar.py:22 Metavar for type <class 'str'>: str
DEBUG 2025-11-11 13:15:36 formatter.py:52 action type: <class 'str'>, Result: str, nargs: None, default metavar: str
DEBUG 2025-11-11 13:15:36 d_metavar.py:22 Metavar for type <class 'str'>: str
DEBUG 2025-11-11 13:15:36 formatter.py:52 action type: <class 'str'>, Result: str, nargs: None, default metavar: str
DEBUG 2025-11-11 13:15:36 d_metavar.py:22 Metavar for type <class 'str'>: str
DEBUG 2025-11-11 13:15:36 formatter.py:52 action type: <class 'str'>, Result: str, nargs: None, default metavar: str
DEBUG 2025-11-11 13:15:36 d_metavar.py:22 Metavar for type <class 'str'>: str
DEBUG 2025-11-11 13:15:36 formatter.py:52 action type: <class 'str'>, Result: str, nargs: None, default metavar: str
DEBUG 2025-11-11 13:15:36 d_metavar.py:22 Metavar for type <class 'str'>: str
DEBUG 2025-11-11 13:15:36 formatter.py:52 action type: <class 'str'>, Result: str, nargs: None, default metavar: str
DEBUG 2025-11-11 13:15:36 d_metavar.py:22 Metavar for type <class 'str'>: str
DEBUG 2025-11-11 13:15:36 formatter.py:52 action type: <class 'str'>, Result: str, nargs: None, default metavar: str
DEBUG 2025-11-11 13:15:36 d_metavar.py:22 Metavar for type <class 'str'>: str
DEBUG 2025-11-11 13:15:36 formatter.py:52 action type: <class 'str'>, Result: str, nargs: None, default metavar: str
DEBUG 2025-11-11 13:15:36 d_metavar.py:22 Metavar for type <class 'str'>: str
DEBUG 2025-11-11 13:15:36 formatter.py:52 action type: <class 'str'>, Result: str, nargs: None, default metavar: str
DEBUG 2025-11-11 13:15:36 d_metavar.py:22 Metavar for type <class 'str'>: str
DEBUG 2025-11-11 13:15:36 formatter.py:52 action type: <class 'str'>, Result: str, nargs: None, default metavar: str
DEBUG 2025-11-11 13:15:36 d_metavar.py:22 Metavar for type <class 'str'>: str
DEBUG 2025-11-11 13:15:36 formatter.py:52 action type: <class 'str'>, Result: str, nargs: None, default metavar: str
DEBUG 2025-11-11 13:15:36 d_metavar.py:22 Metavar for type <class 'str'>: str
DEBUG 2025-11-11 13:15:36 formatter.py:52 action type: <class 'str'>, Result: str, nargs: None, default metavar: str
DEBUG 2025-11-11 13:15:36 d_metavar.py:22 Metavar for type <class 'str'>: str
DEBUG 2025-11-11 13:15:36 formatter.py:52 action type: <class 'str'>, Result: str, nargs: None, default metavar: str
DEBUG 2025-11-11 13:15:36 d_metavar.py:22 Metavar for type <class 'str'>: str
DEBUG 2025-11-11 13:15:36 formatter.py:52 action type: <class 'str'>, Result: str, nargs: None, default metavar: str
DEBUG 2025-11-11 13:15:36 d_metavar.py:22 Metavar for type <class 'str'>: str
DEBUG 2025-11-11 13:15:36 formatter.py:52 action type: <class 'str'>, Result: str, nargs: None, default metavar: str
DEBUG 2025-11-11 13:15:36 d_metavar.py:22 Metavar for type <class 'str'>: str
DEBUG 2025-11-11 13:15:36 formatter.py:52 action type: <class 'str'>, Result: str, nargs: None, default metavar: str
DEBUG 2025-11-11 13:15:36 d_metavar.py:22 Metavar for type <class 'str'>: str
DEBUG 2025-11-11 13:15:36 formatter.py:52 action type: <class 'str'>, Result: str, nargs: None, default metavar: str
DEBUG 2025-11-11 13:15:36 d_metavar.py:22 Metavar for type <class 'str'>: str
DEBUG 2025-11-11 13:15:36 formatter.py:52 action type: <class 'str'>, Result: str, nargs: None, default metavar: str
DEBUG 2025-11-11 13:15:36 d_metavar.py:22 Metavar for type <class 'str'>: str
DEBUG 2025-11-11 13:15:36 formatter.py:52 action type: <class 'str'>, Result: str, nargs: None, default metavar: str
DEBUG 2025-11-11 13:15:36 d_metavar.py:22 Metavar for type <class 'str'>: str
DEBUG 2025-11-11 13:15:36 formatter.py:52 action type: <class 'str'>, Result: str, nargs: None, default metavar: str
DEBUG 2025-11-11 13:15:36 d_metavar.py:22 Metavar for type <class 'str'>: str
DEBUG 2025-11-11 13:15:36 formatter.py:52 action type: <class 'str'>, Result: str, nargs: None, default metavar: str
DEBUG 2025-11-11 13:15:36 d_metavar.py:22 Metavar for type <class 'str'>: str
DEBUG 2025-11-11 13:15:36 formatter.py:52 action type: <class 'str'>, Result: str, nargs: None, default metavar: str
DEBUG 2025-11-11 13:15:36 d_metavar.py:22 Metavar for type <class 'str'>: str
DEBUG 2025-11-11 13:15:36 formatter.py:52 action type: <class 'str'>, Result: str, nargs: None, default metavar: str
DEBUG 2025-11-11 13:15:36 d_metavar.py:22 Metavar for type <class 'str'>: str
DEBUG 2025-11-11 13:15:36 formatter.py:52 action type: <class 'str'>, Result: str, nargs: None, default metavar: str
DEBUG 2025-11-11 13:15:36 d_metavar.py:22 Metavar for type <class 'str'>: str
DEBUG 2025-11-11 13:15:36 formatter.py:52 action type: <class 'str'>, Result: {koch_follower,so100_follower,so100_follower_end_effector,so101_follower}, nargs: None, default metavar: str
DEBUG 2025-11-11 13:15:36 d_metavar.py:22 Metavar for type <class 'str'>: str
DEBUG 2025-11-11 13:15:36 formatter.py:52 action type: <class 'str'>, Result: str, nargs: None, default metavar: str
DEBUG 2025-11-11 13:15:36 d_metavar.py:22 Metavar for type <class 'str'>: str
DEBUG 2025-11-11 13:15:36 formatter.py:52 action type: <class 'str'>, Result: str, nargs: None, default metavar: str
DEBUG 2025-11-11 13:15:36 d_metavar.py:22 Metavar for type <class 'str'>: str
DEBUG 2025-11-11 13:15:36 formatter.py:52 action type: <class 'str'>, Result: str, nargs: None, default metavar: str
DEBUG 2025-11-11 13:15:36 d_metavar.py:22 Metavar for type <class 'str'>: str
DEBUG 2025-11-11 13:15:36 formatter.py:52 action type: <class 'str'>, Result: str, nargs: None, default metavar: str
DEBUG 2025-11-11 13:15:36 d_metavar.py:22 Metavar for type <class 'str'>: str
DEBUG 2025-11-11 13:15:36 formatter.py:52 action type: <class 'str'>, Result: str, nargs: None, default metavar: str
DEBUG 2025-11-11 13:15:36 d_metavar.py:22 Metavar for type <class 'str'>: str
DEBUG 2025-11-11 13:15:36 formatter.py:52 action type: <class 'str'>, Result: str, nargs: None, default metavar: str
DEBUG 2025-11-11 13:15:36 d_metavar.py:22 Metavar for type <class 'str'>: str
DEBUG 2025-11-11 13:15:36 formatter.py:52 action type: <class 'str'>, Result: str, nargs: None, default metavar: str
DEBUG 2025-11-11 13:15:36 d_metavar.py:22 Metavar for type <class 'str'>: str
DEBUG 2025-11-11 13:15:36 formatter.py:52 action type: <class 'str'>, Result: str, nargs: None, default metavar: str
DEBUG 2025-11-11 13:15:36 d_metavar.py:22 Metavar for type <class 'str'>: str
DEBUG 2025-11-11 13:15:36 formatter.py:52 action type: <class 'str'>, Result: str, nargs: None, default metavar: str
DEBUG 2025-11-11 13:15:36 d_metavar.py:22 Metavar for type <class 'str'>: str
DEBUG 2025-11-11 13:15:36 formatter.py:52 action type: <class 'str'>, Result: str, nargs: None, default metavar: str
DEBUG 2025-11-11 13:15:36 d_metavar.py:22 Metavar for type <class 'str'>: str
DEBUG 2025-11-11 13:15:36 formatter.py:52 action type: <class 'str'>, Result: str, nargs: None, default metavar: str
DEBUG 2025-11-11 13:15:36 d_metavar.py:22 Metavar for type <class 'str'>: str
DEBUG 2025-11-11 13:15:36 formatter.py:52 action type: <class 'str'>, Result: str, nargs: None, default metavar: str
DEBUG 2025-11-11 13:15:36 d_metavar.py:22 Metavar for type <class 'str'>: str
DEBUG 2025-11-11 13:15:36 formatter.py:52 action type: <class 'str'>, Result: str, nargs: None, default metavar: str
DEBUG 2025-11-11 13:15:36 d_metavar.py:22 Metavar for type <class 'str'>: str
DEBUG 2025-11-11 13:15:36 formatter.py:52 action type: <class 'str'>, Result: str, nargs: None, default metavar: str
DEBUG 2025-11-11 13:15:36 d_metavar.py:22 Metavar for type <class 'str'>: str
DEBUG 2025-11-11 13:15:36 formatter.py:52 action type: <class 'str'>, Result: str, nargs: None, default metavar: str
DEBUG 2025-11-11 13:15:36 d_metavar.py:22 Metavar for type <class 'str'>: str
DEBUG 2025-11-11 13:15:36 formatter.py:52 action type: <class 'str'>, Result: str, nargs: None, default metavar: str
DEBUG 2025-11-11 13:15:36 d_metavar.py:22 Metavar for type <class 'str'>: str
DEBUG 2025-11-11 13:15:36 formatter.py:52 action type: <class 'str'>, Result: str, nargs: None, default metavar: str
DEBUG 2025-11-11 13:15:36 d_metavar.py:22 Metavar for type <class 'str'>: str
DEBUG 2025-11-11 13:15:36 formatter.py:52 action type: <class 'str'>, Result: str, nargs: None, default metavar: str
DEBUG 2025-11-11 13:15:36 d_metavar.py:22 Metavar for type <class 'str'>: str
DEBUG 2025-11-11 13:15:36 formatter.py:52 action type: <class 'str'>, Result: str, nargs: None, default metavar: str
DEBUG 2025-11-11 13:15:36 d_metavar.py:22 Metavar for type <class 'str'>: str
DEBUG 2025-11-11 13:15:36 formatter.py:52 action type: <class 'str'>, Result: str, nargs: None, default metavar: str
DEBUG 2025-11-11 13:15:36 d_metavar.py:22 Metavar for type <class 'str'>: str
DEBUG 2025-11-11 13:15:36 formatter.py:52 action type: <class 'str'>, Result: str, nargs: None, default metavar: str
